============================================================
  Generated by:           Genus(TM) Synthesis Solution GENUS15.22 - 15.20-s024_1
  Generated on:           May 21 2025  04:32:50 pm
  Module:                 USFFT64_2B
  Interconnect mode:      global
  Area mode:              physical library
============================================================

                              Library        Leakage     Dynamic        Total     
           Instance            Domain Cells Power(nW)   Power(nW)     Power(nW)   
----------------------------------------------------------------------------------
USFFT64_2B                       1    53445  5325.188 401459895.260 401465220.447 
  U_BUF2_URAM                    1    12238  1405.698  70665977.837  70667383.535 
  U_BUF1_URAM                    1    10912  1249.970  62034756.710  62036006.680 
  U_FFT2                         1     7045   494.791  58259215.888  58259710.679 
    UMR_csa_tr.._82_30_groupi    1      182     7.891   1933264.024   1933271.915 
    UMI_csa_tr.._82_30_groupi    1      181     7.863   2031093.343   2031101.206 
  U_FFT1                         1     6035   436.507  51387263.969  51387700.476 
    UMI_csa_tr.._82_30_groupi    1      166     7.342   1969190.376   1969197.717 
    UMR_csa_tr.._82_30_groupi    1      166     7.342   1814405.448   1814412.790 
  U_MPU_mul_107_19               1      759    35.552  10093409.296  10093444.848 
  U_MPU_mul_108_17               1      765    35.488  10073935.274  10073970.762 
  U_MPU_mul_110_17               1      762    35.380  10561755.665  10561791.045 
  U_MPU_mul_109_17               1      756    35.299  10412795.156  10412830.455 

