============================================================
  Generated by:           Genus(TM) Synthesis Solution GENUS15.22 - 15.20-s024_1
  Generated on:           May 21 2025  04:33:16 pm
  Module:                 USFFT64_2B
  Interconnect mode:      global
  Area mode:              physical library
============================================================


Path 1: MET (2203 ps) Setup Check with Pin U_MPU_dii_reg[13]/C->D
           View: nominal_view
          Group: clk
     Startpoint: (R) U_MPU_wid_reg[13]/C
          Clock: (R) clk
       Endpoint: (F) U_MPU_dii_reg[13]/D
          Clock: (R) clk

                     Capture       Launch     
        Clock Edge:+    6670            0     
       Src Latency:+       0            0     
       Net Latency:+       0 (I)        0 (I) 
           Arrival:=    6670            0     
                                              
             Setup:-     274                  
       Uncertainty:-     400                  
     Required Time:=    5996                  
      Launch Clock:-       0                  
         Data Path:-    3792                  
             Slack:=    2203                  

#-------------------------------------------------------------------------------------------------
#          Timing Point            Flags   Arc   Edge   Cell     Fanout  Load Trans Delay Arrival 
#                                                                        (fF)  (ps)  (ps)   (ps)  
#-------------------------------------------------------------------------------------------------
  U_MPU_wid_reg[13]/C              -       -     R     (arrival)  15992     -     0     -       0 
  U_MPU_wid_reg[13]/Q              -       C->Q  R     SDFRQX2        4  49.7   239   358     358 
  U_MPU_mul_110_17/g20731/Q        -       A->Q  F     INX4          21 142.2   181   142     501 
  U_MPU_mul_110_17/g20663/Q        -       A->Q  R     NA2X1          2  15.8   194   140     641 
  U_MPU_mul_110_17/g20494/Q        -       A->Q  F     NA2X2          3  25.2   113    84     725 
  U_MPU_mul_110_17/g20903/Q        -       B->Q  R     NA2I1X2       15  90.7   408   256     980 
  U_MPU_mul_110_17/g20177/Q        -       B->Q  F     NO2I1X1        1   7.6   128    95    1075 
  U_MPU_mul_110_17/g20131/Q        -       AN->Q F     NA2I1X2        1  18.3    86   152    1227 
  U_MPU_mul_110_17/cdnfadd_022_1/S (p)     CI->S R     FAX4           1  18.3    81   415    1642 
  U_MPU_mul_110_17/cdnfadd_022_2/S (p)     CI->S R     FAX4           1  18.3    81   414    2056 
  U_MPU_mul_110_17/cdnfadd_022_3/S (p)     CI->S R     FAX4           1  19.5    86   415    2471 
  U_MPU_mul_110_17/cdnfadd_022_4/S (p)     B->S  R     FAX4           2  21.5    87   434    2906 
  U_MPU_mul_110_17/g20013/Q        -       A->Q  F     NA2X2          2  14.0    68    53    2958 
  U_MPU_mul_110_17/g19959/Q        -       A->Q  R     NA2X2          2  15.9   119    74    3032 
  U_MPU_mul_110_17/g20952/Q        -       C->Q  F     NA3I1X2        1   8.7    77    67    3099 
  U_MPU_mul_110_17/g19927/Q        -       A->Q  R     NA2X2          2  17.6   121    80    3179 
  U_MPU_mul_110_17/g19917/Q        -       A->Q  F     NA2X2          1   9.0    61    47    3226 
  U_MPU_mul_110_17/g19903/Q        -       A->Q  R     NA3X2          2  13.2   132    75    3301 
  U_MPU_mul_110_17/g19893/Q        -       A->Q  F     NA2X2          1   8.7    62    47    3347 
  U_MPU_mul_110_17/g19886/Q        -       A->Q  R     NA2X2          2  14.4   106    69    3417 
  U_MPU_mul_110_17/g19881/Q        -       A->Q  F     NA2X1          1   8.7    91    64    3480 
  U_MPU_mul_110_17/g19874/Q        -       A->Q  R     NA2X2          1   9.8    95    66    3547 
  U_MPU_mul_110_17/g19873/Q        -       S->Q  F     MU2IX1         1   6.4   150    80    3627 
  g61297/Q                         -       C->Q  F     AO22X2         1   6.0    79   165    3792 
  U_MPU_dii_reg[13]/D              <<<     -     F     SDFRQX2        1     -     -     0    3792 
#-------------------------------------------------------------------------------------------------

(p) : Instance is preserved but may be resized

