============================================================
  Generated by:           Genus(TM) Synthesis Solution GENUS15.22 - 15.20-s024_1
  Generated on:           May 21 2025  04:33:23 pm
  Module:                 USFFT64_2B
  Interconnect mode:      global
  Area mode:              physical library
============================================================

Timing
--------

    Mode     Clock Period 
--------------------------
nominal_view clk   6670.0 


               Cost  Critical Path  Violating 
    Mode      Group      Slack        Paths   
----------------------------------------------
nominal_view clk            2203.4            
             default      No paths            

Instance Count
--------------
Leaf Instance Count             53445 
Sequential Instance Count       15992 
Combinational Instance Count    37453 
Hierarchical Instance Count        12 

Area
----
Cell Area                          1765649.441
Physical Cell Area                 0.000
Total Cell Area (Cell+Physical)    1765649.441
Net Area                           804400.294
Total Area (Cell+Physical+Net)     2570049.735

Max Fanout                         15992 (CLK)
Min Fanout                         0 (U_MPU_diii[0])
Average Fanout                     3.3
Terms to net ratio                 4.3
Terms to instance ratio            4.4
Runtime                            757.726 seconds
Elapsed Runtime                    811 seconds
Genus peak memory usage            927.02 
Innovus peak memory usage          no_value 
Hostname                           pgmicro01.ufrgs.br
