============================================================
  Generated by:           Genus(TM) Synthesis Solution GENUS15.22 - 15.20-s024_1
  Generated on:           May 21 2025  04:33:28 pm
  Module:                 USFFT64_2B
  Interconnect mode:      global
  Area mode:              physical library
============================================================

 
  Hierarchy Report Format : 
 
    level instance ( module ) <status>
 
    status :    preserve_<value> -- indicating preserve hierachy or inherited_preserve value
           :    blackbox --  indicating  unresolved instance
 
==================================================================

 0 USFFT64_2B
  1 U_BUF1_URAM ( RAM2x64C_1_nb16 ) 
  1 U_BUF2_URAM ( RAM2x64C_1_nb18 ) 
  1 U_FFT1 ( FFT8_nb16 ) 
     2 UMI_csa_tree_add_82_30_groupi ( csa_tree_add_82_30_group_788_789 ) 
     2 UMR_csa_tree_add_82_30_groupi ( csa_tree_add_82_30_group_788_789_1 ) 
  1 U_FFT2 ( FFT8_nb18 ) 
     2 UMI_csa_tree_add_82_30_groupi ( csa_tree_add_82_30_group_784_785 ) 
     2 UMR_csa_tree_add_82_30_groupi ( csa_tree_add_82_30_group_784_785_1 ) 
  1 U_MPU_mul_107_19 ( mult_signed ) 
  1 U_MPU_mul_108_17 ( mult_signed_615 ) 
  1 U_MPU_mul_109_17 ( mult_signed_616 ) 
  1 U_MPU_mul_110_17 ( mult_signed_614 ) 
