============================================================
  Generated by:           Genus(TM) Synthesis Solution GENUS15.22 - 15.20-s024_1
  Generated on:           May 21 2025  04:33:23 pm
  Module:                 USFFT64_2B
  Interconnect mode:      global
  Area mode:              physical library
============================================================

                                    Leakage     Internal                                   Library 
   Gate    Instances     Area     Power (nW)   Power (nW)               Library             Domain 
---------------------------------------------------------------------------------------------------
AN211X0            4       61.488      0.103       2670.391    D_CELLS_MOSST_typ_1_80V_25C       1 
AN211X1           16      295.142      0.357      33153.245    D_CELLS_MOSST_typ_1_80V_25C       1 
AN21X1           260     3197.376      6.186     731457.111    D_CELLS_MOSST_typ_1_80V_25C       1 
AN221X0         2303    42482.059     78.051     490539.827    D_CELLS_MOSST_typ_1_80V_25C       1 
AN221X1           14      301.291      0.403      35162.229    D_CELLS_MOSST_typ_1_80V_25C       1 
AN222X0           83     1786.226      3.599     142775.504    D_CELLS_MOSST_typ_1_80V_25C       1 
AN22X1          2486    38214.792     76.074     779428.303    D_CELLS_MOSST_typ_1_80V_25C       1 
AN22X2             4      122.976      0.316      27649.230    D_CELLS_MOSST_typ_1_80V_25C       1 
AN31X1             6       92.232      0.148      14459.829    D_CELLS_MOSST_typ_1_80V_25C       1 
AN321X0            2       43.042      0.072       2653.229    D_CELLS_MOSST_typ_1_80V_25C       1 
AND2X1           677     8325.475     19.219    1125616.916    D_CELLS_MOSST_typ_1_80V_25C       1 
AND2X2            13      239.803      0.570      76046.510    D_CELLS_MOSST_typ_1_80V_25C       1 
AND2X4            16      442.714      1.418     107098.526    D_CELLS_MOSST_typ_1_80V_25C       1 
AND3X1            12      184.464      0.282      12084.140    D_CELLS_MOSST_typ_1_80V_25C       1 
AND4X1             1       24.595      0.043       1691.394    D_CELLS_MOSST_typ_1_80V_25C       1 
AND5X1             6      166.018      0.223      21233.817    D_CELLS_MOSST_typ_1_80V_25C       1 
AND6X1           855    26286.120     27.913    1698023.156    D_CELLS_MOSST_typ_1_80V_25C       1 
AO211X0            4       73.786      0.264       8863.776    D_CELLS_MOSST_typ_1_80V_25C       1 
AO21X0            21      322.812      1.343      45987.107    D_CELLS_MOSST_typ_1_80V_25C       1 
AO21X1            17      313.589      0.691      66851.783    D_CELLS_MOSST_typ_1_80V_25C       1 
AO21X2             4       98.381      0.244      30902.702    D_CELLS_MOSST_typ_1_80V_25C       1 
AO221X0          185     3981.348     13.029     547159.468    D_CELLS_MOSST_typ_1_80V_25C       1 
AO221X1            2       49.190      0.087       5984.741    D_CELLS_MOSST_typ_1_80V_25C       1 
AO222X0          150     3689.280     11.246     497581.878    D_CELLS_MOSST_typ_1_80V_25C       1 
AO222X1            8      221.357      0.380      31632.711    D_CELLS_MOSST_typ_1_80V_25C       1 
AO222X2            1       33.818      0.067       3290.872    D_CELLS_MOSST_typ_1_80V_25C       1 
AO22X0          2470    45562.608    156.339     639542.065    D_CELLS_MOSST_typ_1_80V_25C       1 
AO22X1           114     2453.371      4.743     446645.966    D_CELLS_MOSST_typ_1_80V_25C       1 
AO22X2            63     1743.185      3.694     364770.291    D_CELLS_MOSST_typ_1_80V_25C       1 
AO22X4             4      122.976      0.384      20600.060    D_CELLS_MOSST_typ_1_80V_25C       1 
AO321X0            5      122.976      0.354       8823.765    D_CELLS_MOSST_typ_1_80V_25C       1 
AO32X0            14      301.291      0.833      12601.710    D_CELLS_MOSST_typ_1_80V_25C       1 
AO32X2             8      221.357      0.458      54750.056    D_CELLS_MOSST_typ_1_80V_25C       1 
BUX2               1       15.372      0.064        815.738    D_CELLS_MOSST_typ_1_80V_25C       1 
BUX3               1       21.521      0.097        757.104    D_CELLS_MOSST_typ_1_80V_25C       1 
BUX4               1       24.595      0.128        524.713    D_CELLS_MOSST_typ_1_80V_25C       1 
BUX6               1       33.818      0.186       2950.065    D_CELLS_MOSST_typ_1_80V_25C       1 
EN2X0            817    12558.924     38.754    2483217.824    D_CELLS_MOSST_typ_1_80V_25C       1 
EN2X1             53     1140.602      2.406     289961.775    D_CELLS_MOSST_typ_1_80V_25C       1 
EN3X0            241     6668.374     29.076    1367504.041    D_CELLS_MOSST_typ_1_80V_25C       1 
EN3X1             22      879.278      1.973     235743.284    D_CELLS_MOSST_typ_1_80V_25C       1 
EN3X2              2      104.530      0.268      39919.902    D_CELLS_MOSST_typ_1_80V_25C       1 
EO2X0            221     3397.212     15.932     582313.337    D_CELLS_MOSST_typ_1_80V_25C       1 
EO2X1            151     3249.641      7.665     850760.917    D_CELLS_MOSST_typ_1_80V_25C       1 
EO3X0            103     2849.969     14.966     568349.243    D_CELLS_MOSST_typ_1_80V_25C       1 
EO3X1             33     1318.918      3.106     362452.704    D_CELLS_MOSST_typ_1_80V_25C       1 
EO3X2              2      104.530      0.283      37915.752    D_CELLS_MOSST_typ_1_80V_25C       1 
FAX0              53     2770.034      5.439     387033.688    D_CELLS_MOSST_typ_1_80V_25C       1 
FAX1             234    13668.782     16.958    3621834.790    D_CELLS_MOSST_typ_1_80V_25C       1 
FAX2              73     4713.055      6.206    1458054.885    D_CELLS_MOSST_typ_1_80V_25C       1 
FAX4             415    30621.024     40.409   14884615.353    D_CELLS_MOSST_typ_1_80V_25C       1 
HAX1              86     2643.984      4.786     439338.600    D_CELLS_MOSST_typ_1_80V_25C       1 
HAX2              16      590.285      1.013     155142.239    D_CELLS_MOSST_typ_1_80V_25C       1 
INX0               1        6.149      0.027        577.951    D_CELLS_MOSST_typ_1_80V_25C       1 
INX1             930     5718.384     18.659    1379061.372    D_CELLS_MOSST_typ_1_80V_25C       1 
INX2              51      470.383      2.059     130743.673    D_CELLS_MOSST_typ_1_80V_25C       1 
INX20              1       95.306      0.628       9061.630    D_CELLS_MOSST_typ_1_80V_25C       1 
INX3              62      953.064      3.811     175766.634    D_CELLS_MOSST_typ_1_80V_25C       1 
INX4              17      313.589      1.436      65878.595    D_CELLS_MOSST_typ_1_80V_25C       1 
INX6               7      150.646      0.806      27019.055    D_CELLS_MOSST_typ_1_80V_25C       1 
INX8              34     1045.296      5.618      94464.089    D_CELLS_MOSST_typ_1_80V_25C       1 
MU2IX1           572    10551.341     26.533    2526982.398    D_CELLS_MOSST_typ_1_80V_25C       1 
MU2X0          15521   334024.337   1354.502   20909465.126    D_CELLS_MOSST_typ_1_80V_25C       1 
MU2X1              1       24.595      0.062       4351.946    D_CELLS_MOSST_typ_1_80V_25C       1 
MU2X2             42     1032.998      3.213     341282.690    D_CELLS_MOSST_typ_1_80V_25C       1 
NA2I1X0          621     7636.810     31.520    1064335.837    D_CELLS_MOSST_typ_1_80V_25C       1 
NA2I1X1          214     3289.608      8.374     532938.184    D_CELLS_MOSST_typ_1_80V_25C       1 
NA2I1X2           26      479.606      1.424     137273.078    D_CELLS_MOSST_typ_1_80V_25C       1 
NA2I1X4           13      399.672      1.388     215259.970    D_CELLS_MOSST_typ_1_80V_25C       1 
NA2X1           1338    12340.642     25.364    2168014.552    D_CELLS_MOSST_typ_1_80V_25C       1 
NA2X2            279     4288.788     10.577    1130751.652    D_CELLS_MOSST_typ_1_80V_25C       1 
NA2X4             44     1352.736      3.336     364760.883    D_CELLS_MOSST_typ_1_80V_25C       1 
NA3I1X0            7      107.604      0.327       9561.235    D_CELLS_MOSST_typ_1_80V_25C       1 
NA3I1X2            8      221.357      0.408      87366.071    D_CELLS_MOSST_typ_1_80V_25C       1 
NA3I2X1            6      129.125      0.343      34197.744    D_CELLS_MOSST_typ_1_80V_25C       1 
NA3I2X2            2       61.488      0.136      21870.135    D_CELLS_MOSST_typ_1_80V_25C       1 
NA3I2X4            1       49.190      0.135      17100.249    D_CELLS_MOSST_typ_1_80V_25C       1 
NA3X1            213     2619.389      3.585     755393.969    D_CELLS_MOSST_typ_1_80V_25C       1 
NA3X2             24      590.285      0.813     195454.227    D_CELLS_MOSST_typ_1_80V_25C       1 
NA4X1              3       83.009      0.196       2295.811    D_CELLS_MOSST_typ_1_80V_25C       1 
NA5I1X1            2       67.637      0.160       9720.448    D_CELLS_MOSST_typ_1_80V_25C       1 
NA5I3X1            1       33.818      0.096       7097.714    D_CELLS_MOSST_typ_1_80V_25C       1 
NA6I1X1            2       73.786      0.152       8914.820    D_CELLS_MOSST_typ_1_80V_25C       1 
NA6I2X1            1       43.042      0.096       5460.607    D_CELLS_MOSST_typ_1_80V_25C       1 
NA6I3X1            1       36.893      0.092       6846.761    D_CELLS_MOSST_typ_1_80V_25C       1 
NA6X1              2       67.637      0.112       9101.838    D_CELLS_MOSST_typ_1_80V_25C       1 
NO2I1X0            1       12.298      0.051       1156.536    D_CELLS_MOSST_typ_1_80V_25C       1 
NO2I1X1         1127    13859.395     44.794    3175110.230    D_CELLS_MOSST_typ_1_80V_25C       1 
NO2I1X2           11      236.729      0.617     104404.882    D_CELLS_MOSST_typ_1_80V_25C       1 
NO2I1X4           15      461.160      1.473     168502.407    D_CELLS_MOSST_typ_1_80V_25C       1 
NO2X0              8       73.786      0.206        742.148    D_CELLS_MOSST_typ_1_80V_25C       1 
NO2X1           1999    18437.177     39.134    3261717.167    D_CELLS_MOSST_typ_1_80V_25C       1 
NO2X2            346     5318.712     13.547    1360507.097    D_CELLS_MOSST_typ_1_80V_25C       1 
NO2X4             56     1549.498      4.030     474179.376    D_CELLS_MOSST_typ_1_80V_25C       1 
NO3I1X0            5       76.860      0.226       5355.975    D_CELLS_MOSST_typ_1_80V_25C       1 
NO3I1X1            5       92.232      0.183      32941.357    D_CELLS_MOSST_typ_1_80V_25C       1 
NO3X0              7       86.083      0.139       3446.599    D_CELLS_MOSST_typ_1_80V_25C       1 
NO3X1             19      292.068      0.311      43324.379    D_CELLS_MOSST_typ_1_80V_25C       1 
NO3X2              6      147.571      0.197      40879.041    D_CELLS_MOSST_typ_1_80V_25C       1 
NO3X4              1       39.967      0.063      15302.714    D_CELLS_MOSST_typ_1_80V_25C       1 
NO4I1X1            1       30.744      0.086       3280.848    D_CELLS_MOSST_typ_1_80V_25C       1 
NO4I2X1            1       30.744      0.073       2380.100    D_CELLS_MOSST_typ_1_80V_25C       1 
NO4X2              3       92.232      0.192      13554.268    D_CELLS_MOSST_typ_1_80V_25C       1 
NO5I2X1            2       67.637      0.133       1513.458    D_CELLS_MOSST_typ_1_80V_25C       1 
NO5I3X1            2       67.637      0.128       9159.346    D_CELLS_MOSST_typ_1_80V_25C       1 
NO6I4X1            2       86.083      0.189      10838.892    D_CELLS_MOSST_typ_1_80V_25C       1 
OA21X0            26      399.672      1.363      58793.064    D_CELLS_MOSST_typ_1_80V_25C       1 
OA21X1             4       73.786      0.141      18955.993    D_CELLS_MOSST_typ_1_80V_25C       1 
OA21X2            34      731.707      1.710     223964.691    D_CELLS_MOSST_typ_1_80V_25C       1 
OA21X4             1       27.670      0.088       8204.595    D_CELLS_MOSST_typ_1_80V_25C       1 
OA22X0             4       73.786      0.263       1099.557    D_CELLS_MOSST_typ_1_80V_25C       1 
OA22X1             8      172.166      0.328      30070.351    D_CELLS_MOSST_typ_1_80V_25C       1 
OA22X2            10      245.952      0.601     102593.629    D_CELLS_MOSST_typ_1_80V_25C       1 
OA32X0             1       21.521      0.069       1431.387    D_CELLS_MOSST_typ_1_80V_25C       1 
ON211X0            2       30.744      0.051        583.520    D_CELLS_MOSST_typ_1_80V_25C       1 
ON21X0           140     1721.664      4.321     159874.845    D_CELLS_MOSST_typ_1_80V_25C       1 
ON21X1           275     4227.300      6.656     753525.560    D_CELLS_MOSST_typ_1_80V_25C       1 
ON221X0           35      645.624      1.162      51285.026    D_CELLS_MOSST_typ_1_80V_25C       1 
ON222X0            2       43.042      0.080        593.394    D_CELLS_MOSST_typ_1_80V_25C       1 
ON22X0            16      245.952      0.571      18252.081    D_CELLS_MOSST_typ_1_80V_25C       1 
ON22X1           260     4796.064      7.950     821651.929    D_CELLS_MOSST_typ_1_80V_25C       1 
ON22X4             4      135.274      0.477      50120.997    D_CELLS_MOSST_typ_1_80V_25C       1 
ON31X1             3       55.339      0.077       8790.211    D_CELLS_MOSST_typ_1_80V_25C       1 
ON31X4             1       33.818      0.118      17957.409    D_CELLS_MOSST_typ_1_80V_25C       1 
ON321X0            1       21.521      0.030        453.126    D_CELLS_MOSST_typ_1_80V_25C       1 
OR2X1            560     6886.656     23.804    1059580.323    D_CELLS_MOSST_typ_1_80V_25C       1 
OR2X2             36      553.392      2.242     293994.615    D_CELLS_MOSST_typ_1_80V_25C       1 
OR2X4              5      122.976      0.535      77884.483    D_CELLS_MOSST_typ_1_80V_25C       1 
OR3X0              6       92.232      0.372       2038.589    D_CELLS_MOSST_typ_1_80V_25C       1 
OR3X1              1       18.446      0.040       3631.732    D_CELLS_MOSST_typ_1_80V_25C       1 
SDFRQX0        14138   912783.211   2703.044  164905645.421    D_CELLS_MOSST_typ_1_80V_25C       1 
SDFRQX1           25     1767.780      4.585     444829.406    D_CELLS_MOSST_typ_1_80V_25C       1 
SDFRQX2         1643   116178.502    315.236   31676562.008    D_CELLS_MOSST_typ_1_80V_25C       1 
SDFRQX4          162    13447.426     34.181    4006818.242    D_CELLS_MOSST_typ_1_80V_25C       1 
SDFRRSQX1          2      166.018      0.304      36542.212    D_CELLS_MOSST_typ_1_80V_25C       1 
SDFRX0            12      811.642      2.294     172093.790    D_CELLS_MOSST_typ_1_80V_25C       1 
SDFRX1             6      442.714      1.100     105667.778    D_CELLS_MOSST_typ_1_80V_25C       1 
SDFRX2             4      307.440      0.790      75695.908    D_CELLS_MOSST_typ_1_80V_25C       1 
---------------------------------------------------------------------------------------------------
total          53445  1765649.441   5325.188  282222791.898                                


                                              Leakage  Leakage    Internal   Internal 
     Type      Instances     Area    Area % Power (nW) Power %   Power (nW)   Power % 
--------------------------------------------------------------------------------------
sequential         15992 1045904.731   59.2   3061.534    57.5 201423854.764     71.4 
inverter            1103    8752.817    0.5     33.042     0.6   1882572.998      0.7 
buffer                 4      95.306    0.0      0.475     0.0      5047.620      0.0 
logic              36346  710896.586   40.3   2230.136    41.9  78911316.516     28.0 
physical_cells         0       0.000    0.0      0.000     0.0         0.000      0.0 
--------------------------------------------------------------------------------------
total              53445 1765649.441  100.0   5325.188   100.0 282222791.898    100.0 

