============================================================
  Generated by:           Genus(TM) Synthesis Solution GENUS15.22 - 15.20-s024_1
  Generated on:           May 19 2025  10:26:40 pm
  Module:                 USFFT64_2B
  Interconnect mode:      global
  Area mode:              physical library
============================================================


Path 1: MET (5099 ps) Setup Check with Pin U_MPU_dii_reg[17]/C->D
           View: best_view
          Group: clk
     Startpoint: (R) U_MPU_wid_reg[3]/C
          Clock: (R) clk
       Endpoint: (F) U_MPU_dii_reg[17]/D
          Clock: (R) clk

                     Capture       Launch     
        Clock Edge:+   10000            0     
       Src Latency:+       0            0     
       Net Latency:+       0 (I)        0 (I) 
           Arrival:=   10000            0     
                                              
             Setup:-     210                  
       Uncertainty:-     400                  
     Required Time:=    9390                  
      Launch Clock:-       0                  
         Data Path:-    4291                  
             Slack:=    5099                  

#--------------------------------------------------------------------------------------------------
#          Timing Point            Flags    Arc   Edge   Cell     Fanout  Load Trans Delay Arrival 
#                                                                         (fF)  (ps)  (ps)   (ps)  
#--------------------------------------------------------------------------------------------------
  U_MPU_wid_reg[3]/C               -       -      R     (arrival)  15992     -     0     -       0 
  U_MPU_wid_reg[3]/Q               -       C->Q   F     SDFRQX2        4  51.6   129   234     234 
  U_MPU_mul_110_17/g7743/Q         -       A->Q   R     INX4          22 137.3   137   103     337 
  U_MPU_mul_110_17/g7727/Q         -       A->Q   F     INX2          14  83.8   146   108     446 
  U_MPU_mul_110_17/g7845/Q         -       D->Q   F     AO22X2         4  45.5   101   191     637 
  U_MPU_mul_110_17/g7373/Q         -       A->Q   R     NO2X4          3  26.1    89    67     704 
  U_MPU_mul_110_17/g7361/Q         -       A->Q   F     INX3          16  80.9   106    81     785 
  U_MPU_mul_110_17/g7259/Q         -       A->Q   R     ON22X1         1  20.1   262   130     916 
  U_MPU_mul_110_17/cdnfadd_008_1/S (p)     B->S   R     FAX4           1  18.7    59   357    1273 
  U_MPU_mul_110_17/cdnfadd_008_2/S (p)     CI->S  R     FAX4           2   9.9    46   292    1565 
  U_MPU_mul_110_17/g7839/Q         -       A->Q   R     AO22X2         1   6.8    48   117    1682 
  U_MPU_mul_110_17/g7838/Q         -       C->Q   R     AO21X4         1   7.8    37    66    1748 
  U_MPU_mul_110_17/g7837/Q         -       AN->Q  R     NO3I2X2        1   9.1   113    85    1834 
  U_MPU_mul_110_17/g7112/Q         -       A->Q   F     NO2X2          1  11.6    49    34    1868 
  U_MPU_mul_110_17/g7108/Q         -       B->Q   R     NA2X2          1   8.2    61    50    1918 
  U_MPU_mul_110_17/g7100/Q         -       B->Q   F     AN21X1         1   9.1    76    61    1979 
  U_MPU_mul_110_17/g7076/Q         -       A->Q   R     NO2X2          1   9.1    76    54    2033 
  U_MPU_mul_110_17/g7073/Q         -       A->Q   F     NO2X2          2  19.5    60    42    2075 
  U_MPU_mul_110_17/g7059/Q         -       A->Q   R     NO2X4          1  15.0    70    47    2122 
  U_MPU_mul_110_17/g7052/Q         -       A->Q   F     NO2X4          2  19.5    39    31    2153 
  U_MPU_mul_110_17/g7049/Q         -       A->Q   R     NO2X4          1  15.0    66    42    2195 
  U_MPU_mul_110_17/g7047/Q         -       A->Q   F     NO2X4          2  19.5    40    30    2225 
  U_MPU_mul_110_17/g7045/Q         -       A->Q   R     NO2X4          1  15.0    66    43    2268 
  U_MPU_mul_110_17/g7043/Q         -       A->Q   F     NO2X4          1  18.5    39    29    2297 
  U_MPU_mul_110_17/g7041/CO        -       CI->CO F     FAX2           2  19.5    72   156    2454 
  U_MPU_mul_110_17/g7039/Q         -       A->Q   R     NO2X4          1  15.0    71    50    2503 
  U_MPU_mul_110_17/g7037/Q         -       A->Q   F     NO2X4          2  19.5    40    31    2534 
  U_MPU_mul_110_17/g7035/Q         -       A->Q   R     NO2X4          1   9.1    61    37    2570 
  U_MPU_mul_110_17/g7033/Q         -       A->Q   F     NO2X2          1  18.5    59    39    2609 
  U_MPU_mul_110_17/g7031/CO        -       CI->CO F     FAX2           2  13.6    60   149    2758 
  U_MPU_mul_110_17/g7029/Q         -       A->Q   R     NO2X2          1   9.1    74    50    2809 
  U_MPU_mul_110_17/g7027/Q         -       A->Q   F     NO2X2          2  23.1    70    45    2854 
  U_MPU_mul_110_17/g7025/Q         -       A->Q   R     NO2X4          1  15.0    71    49    2904 
  U_MPU_mul_110_17/g7023/Q         -       A->Q   F     NO2X4          1  18.5    60    30    2934 
  U_MPU_mul_110_17/g7021/CO        -       CI->CO F     FAX2           2  17.2    68   156    3089 
  U_MPU_mul_110_17/g7019/Q         -       A->Q   R     NO2X2          1   9.1    78    52    3141 
  U_MPU_mul_110_17/g7017/Q         -       A->Q   F     NO2X2          1  18.5    64    41    3183 
  U_MPU_mul_110_17/g7015/CO        -       CI->CO F     FAX2           1  18.5    70   159    3342 
  U_MPU_mul_110_17/g7013/CO        -       CI->CO F     FAX2           1  18.5    70   160    3501 
  U_MPU_mul_110_17/g7011/CO        -       CI->CO F     FAX2           1  18.5    70   160    3661 
  U_MPU_mul_110_17/g7009/CO        -       CI->CO F     FAX2           2  17.2    68   158    3819 
  U_MPU_mul_110_17/g7007/Q         -       A->Q   R     NO2X2          1   9.1    78    52    3871 
  U_MPU_mul_110_17/g7005/Q         -       A->Q   F     NO2X2          2  17.2    63    40    3911 
  U_MPU_mul_110_17/g7003/Q         -       A->Q   R     NO2X2          1   9.1    78    51    3962 
  U_MPU_mul_110_17/g7001/Q         -       A->Q   F     NO2X2          2  17.1    62    40    4002 
  U_MPU_mul_110_17/g7821/Q         -       A->Q   F     EO2X1          1   5.4    90   123    4124 
  g7387/Q                          -       IN0->Q F     MU2X0          1   5.7   114   166    4291 
  U_MPU_dii_reg[17]/D              <<<     -      F     SDFRQX0        1     -     -     0    4291 
#--------------------------------------------------------------------------------------------------

(p) : Instance is preserved but may be resized

