============================================================
  Generated by:           Genus(TM) Synthesis Solution GENUS15.22 - 15.20-s024_1
  Generated on:           May 19 2025  10:26:41 pm
  Module:                 USFFT64_2B
  Interconnect mode:      global
  Area mode:              physical library
============================================================

                              Library        Leakage     Dynamic        Total     
           Instance            Domain Cells Power(nW)   Power(nW)     Power(nW)   
----------------------------------------------------------------------------------
USFFT64_2B                       2    50047   158.660 337365704.672 337365863.332 
  U_BUF2_URAM                    2    12231    42.962  59870100.052  59870143.014 
  U_BUF1_URAM                    2    10914    38.239  54707510.849  54707549.088 
  U_FFT2                         2     5450    13.381  47845828.938  47845842.319 
    UMI_csa_tr.._82_30_groupi    2      127     0.183   1473128.681   1473128.864 
    UMR_csa_tr.._82_30_groupi    2      127     0.183   1432149.220   1432149.403 
  U_FFT1                         2     4806    11.964  41019253.645  41019265.609 
    UMI_csa_tr.._82_30_groupi    2      120     0.168   1284959.451   1284959.619 
    UMR_csa_tr.._82_30_groupi    2      120     0.168   1244204.149   1244204.318 
  U_MPU_mul_108_17               2      630     0.853   7585394.337   7585395.191 
  U_MPU_mul_110_17               2      630     0.853   8200006.604   8200007.458 
  U_MPU_mul_107_19               2      629     0.852   7502795.811   7502796.663 
  U_MPU_mul_109_17               2      629     0.852   8405047.038   8405047.890 

