============================================================
  Generated by:           Genus(TM) Synthesis Solution GENUS15.22 - 15.20-s024_1
  Generated on:           May 19 2025  10:27:00 pm
  Module:                 USFFT64_2B
  Interconnect mode:      global
  Area mode:              physical library
============================================================

                                  Leakage     Internal                                     Library 
  Gate   Instances     Area     Power (nW)   Power (nW)                Library              Domain 
---------------------------------------------------------------------------------------------------
AN211X0          8      122.976      0.007       5837.687    D_CELLS_MOSST_fast_1_98V_m40C       2 
AN211X1         12      221.357      0.006      22229.800    D_CELLS_MOSST_fast_1_98V_m40C       2 
AN21X1         186     2287.354      0.111     432675.209    D_CELLS_MOSST_fast_1_98V_m40C       2 
AN221X0       2306    42537.398      2.597     418335.884    D_CELLS_MOSST_fast_1_98V_m40C       2 
AN221X1         15      322.812      0.010      46099.162    D_CELLS_MOSST_fast_1_98V_m40C       2 
AN222X0         78     1678.622      0.117      88393.029    D_CELLS_MOSST_fast_1_98V_m40C       2 
AN22X1        2458    37784.376      1.762     782693.361    D_CELLS_MOSST_fast_1_98V_m40C       2 
AN31X1           2       30.744      0.001       2696.832    D_CELLS_MOSST_fast_1_98V_m40C       2 
AN321X0          2       43.042      0.002       2101.014    D_CELLS_MOSST_fast_1_98V_m40C       2 
AND2X1         383     4709.981      0.290     292717.781    D_CELLS_MOSST_fast_1_98V_m40C       2 
AND2X2           7      129.125      0.008      13277.924    D_CELLS_MOSST_fast_1_98V_m40C       2 
AND2X4           8      221.357      0.016     132364.632    D_CELLS_MOSST_fast_1_98V_m40C       2 
AND3X1           9      138.348      0.005       3926.034    D_CELLS_MOSST_fast_1_98V_m40C       2 
AND4X1           3       73.786      0.004       5636.433    D_CELLS_MOSST_fast_1_98V_m40C       2 
AND5X1           1       27.670      0.001       4642.226    D_CELLS_MOSST_fast_1_98V_m40C       2 
AND6X1         851    26163.144      0.854    1419623.280    D_CELLS_MOSST_fast_1_98V_m40C       2 
AO211X0          5       92.232      0.010       7203.317    D_CELLS_MOSST_fast_1_98V_m40C       2 
AO21X0          24      368.928      0.047      38223.686    D_CELLS_MOSST_fast_1_98V_m40C       2 
AO21X1          31      571.838      0.040      91196.769    D_CELLS_MOSST_fast_1_98V_m40C       2 
AO21X2          11      270.547      0.019      54760.379    D_CELLS_MOSST_fast_1_98V_m40C       2 
AO21X4           4      110.678      0.009      60352.243    D_CELLS_MOSST_fast_1_98V_m40C       2 
AO221X0        210     4519.368      0.450     489444.235    D_CELLS_MOSST_fast_1_98V_m40C       2 
AO221X1          6      147.571      0.008      18674.735    D_CELLS_MOSST_fast_1_98V_m40C       2 
AO221X2          1       33.818      0.002       9072.824    D_CELLS_MOSST_fast_1_98V_m40C       2 
AO221X4          1       36.893      0.003       9139.580    D_CELLS_MOSST_fast_1_98V_m40C       2 
AO222X0        164     4033.613      0.367     581413.682    D_CELLS_MOSST_fast_1_98V_m40C       2 
AO22X0        2477    45691.733      4.672     547799.394    D_CELLS_MOSST_fast_1_98V_m40C       2 
AO22X1          12      258.250      0.016      38451.634    D_CELLS_MOSST_fast_1_98V_m40C       2 
AO22X2          24      664.070      0.039     134422.978    D_CELLS_MOSST_fast_1_98V_m40C       2 
AO22X4           4      122.976      0.009      30741.814    D_CELLS_MOSST_fast_1_98V_m40C       2 
AO321X0          4       98.381      0.009       6211.645    D_CELLS_MOSST_fast_1_98V_m40C       2 
AO32X0          12      258.250      0.021      13912.377    D_CELLS_MOSST_fast_1_98V_m40C       2 
BUX1            10      122.976      0.012      17829.299    D_CELLS_MOSST_fast_1_98V_m40C       2 
BUX2            23      353.556      0.038      91566.698    D_CELLS_MOSST_fast_1_98V_m40C       2 
BUX20            1       98.381      0.015      29718.730    D_CELLS_MOSST_fast_1_98V_m40C       2 
BUX4             2       49.190      0.007      10929.266    D_CELLS_MOSST_fast_1_98V_m40C       2 
EN2X0          373     5733.756      0.567     883582.424    D_CELLS_MOSST_fast_1_98V_m40C       2 
EN2X1           55     1183.644      0.069     267213.211    D_CELLS_MOSST_fast_1_98V_m40C       2 
EN2X2            4      135.274      0.011      24175.184    D_CELLS_MOSST_fast_1_98V_m40C       2 
EN3X0          122     3375.691      0.460     604226.599    D_CELLS_MOSST_fast_1_98V_m40C       2 
EN3X1           75     2997.540      0.213     616840.266    D_CELLS_MOSST_fast_1_98V_m40C       2 
EO2X0          218     3351.096      0.506     481793.846    D_CELLS_MOSST_fast_1_98V_m40C       2 
EO2X1           73     1571.018      0.106     316238.375    D_CELLS_MOSST_fast_1_98V_m40C       2 
EO3X0           77     2130.559      0.353     353559.480    D_CELLS_MOSST_fast_1_98V_m40C       2 
EO3X1           76     3037.507      0.229     619121.289    D_CELLS_MOSST_fast_1_98V_m40C       2 
FAX0           544    28432.051      1.835    3726592.084    D_CELLS_MOSST_fast_1_98V_m40C       2 
FAX1           599    34989.746      1.135    7407997.750    D_CELLS_MOSST_fast_1_98V_m40C       2 
FAX2            74     4777.618      0.147    1369392.251    D_CELLS_MOSST_fast_1_98V_m40C       2 
FAX4           311    22947.322      0.692   10439254.849    D_CELLS_MOSST_fast_1_98V_m40C       2 
HAX1           103     3166.632      0.125     478378.596    D_CELLS_MOSST_fast_1_98V_m40C       2 
HAX2            16      590.285      0.022     130247.545    D_CELLS_MOSST_fast_1_98V_m40C       2 
INX1          1536     9444.557      0.814    2712380.895    D_CELLS_MOSST_fast_1_98V_m40C       2 
INX2            55      507.276      0.059     120819.884    D_CELLS_MOSST_fast_1_98V_m40C       2 
INX20            3      285.919      0.045      34747.837    D_CELLS_MOSST_fast_1_98V_m40C       2 
INX3            38      584.136      0.066     105949.195    D_CELLS_MOSST_fast_1_98V_m40C       2 
INX4             8      147.571      0.018      27412.436    D_CELLS_MOSST_fast_1_98V_m40C       2 
INX8            24      737.856      0.097      50342.547    D_CELLS_MOSST_fast_1_98V_m40C       2 
MU2IX1         438     8079.523      0.559    1814799.257    D_CELLS_MOSST_fast_1_98V_m40C       2 
MU2X0        15548   334605.398     43.006   18251191.175    D_CELLS_MOSST_fast_1_98V_m40C       2 
MU2X2           22      541.094      0.047     150532.429    D_CELLS_MOSST_fast_1_98V_m40C       2 
NA2I1X0        368     4525.517      0.598     517013.698    D_CELLS_MOSST_fast_1_98V_m40C       2 
NA2I1X1        101     1552.572      0.114     206720.828    D_CELLS_MOSST_fast_1_98V_m40C       2 
NA2I1X2         11      202.910      0.015      43569.610    D_CELLS_MOSST_fast_1_98V_m40C       2 
NA2I1X4          4      122.976      0.010      33917.923    D_CELLS_MOSST_fast_1_98V_m40C       2 
NA2X1          555     5118.876      0.253     742256.418    D_CELLS_MOSST_fast_1_98V_m40C       2 
NA2X2           56      860.832      0.051     185254.223    D_CELLS_MOSST_fast_1_98V_m40C       2 
NA2X4            8      245.952      0.015      22438.750    D_CELLS_MOSST_fast_1_98V_m40C       2 
NA3I1X0          9      138.348      0.013       4926.978    D_CELLS_MOSST_fast_1_98V_m40C       2 
NA3X1          190     2336.544      0.050     630508.315    D_CELLS_MOSST_fast_1_98V_m40C       2 
NA4X1            4      110.678      0.008       4132.690    D_CELLS_MOSST_fast_1_98V_m40C       2 
NA5I2X1          1       33.818      0.003       4456.291    D_CELLS_MOSST_fast_1_98V_m40C       2 
NA5I3X1          1       33.818      0.003       5706.681    D_CELLS_MOSST_fast_1_98V_m40C       2 
NA5X1            1       30.744      0.002       2816.083    D_CELLS_MOSST_fast_1_98V_m40C       2 
NA6I3X1          6      221.357      0.018      28367.235    D_CELLS_MOSST_fast_1_98V_m40C       2 
NO2I1X0          1       12.298      0.002        952.687    D_CELLS_MOSST_fast_1_98V_m40C       2 
NO2I1X1        448     5509.325      0.530    1187063.033    D_CELLS_MOSST_fast_1_98V_m40C       2 
NO2I1X2          5      107.604      0.008      18443.210    D_CELLS_MOSST_fast_1_98V_m40C       2 
NO2I1X4          1       30.744      0.002       7159.663    D_CELLS_MOSST_fast_1_98V_m40C       2 
NO2X0            8       73.786      0.006       1128.148    D_CELLS_MOSST_fast_1_98V_m40C       2 
NO2X1         1152    10625.126      0.592    1409546.315    D_CELLS_MOSST_fast_1_98V_m40C       2 
NO2X2           96     1475.712      0.099     402840.074    D_CELLS_MOSST_fast_1_98V_m40C       2 
NO2X4           64     1770.854      0.094     750585.661    D_CELLS_MOSST_fast_1_98V_m40C       2 
NO3I1X0          7      107.604      0.010       3700.050    D_CELLS_MOSST_fast_1_98V_m40C       2 
NO3I2X2          4      135.274      0.007      56506.035    D_CELLS_MOSST_fast_1_98V_m40C       2 
NO3X0           10      122.976      0.006       5310.782    D_CELLS_MOSST_fast_1_98V_m40C       2 
NO4I1X1          2       61.488      0.005       7389.266    D_CELLS_MOSST_fast_1_98V_m40C       2 
NO4X2            2       61.488      0.004       4608.974    D_CELLS_MOSST_fast_1_98V_m40C       2 
NO5I1X1          2       67.637      0.005       7378.592    D_CELLS_MOSST_fast_1_98V_m40C       2 
NO5I2X1          2       67.637      0.004       1297.625    D_CELLS_MOSST_fast_1_98V_m40C       2 
NO5I3X1          3      101.455      0.006      10892.729    D_CELLS_MOSST_fast_1_98V_m40C       2 
NO6I1X0          1       39.967      0.004       2130.608    D_CELLS_MOSST_fast_1_98V_m40C       2 
NO6I2X0          3      119.902      0.010       6667.849    D_CELLS_MOSST_fast_1_98V_m40C       2 
NO6I3X0          1       43.042      0.004       5136.973    D_CELLS_MOSST_fast_1_98V_m40C       2 
NO6X0            2       67.637      0.004       4895.167    D_CELLS_MOSST_fast_1_98V_m40C       2 
OA21X0          23      353.556      0.036      42495.232    D_CELLS_MOSST_fast_1_98V_m40C       2 
OA21X1          15      276.696      0.016      71629.056    D_CELLS_MOSST_fast_1_98V_m40C       2 
OA21X2          26      559.541      0.036     198705.715    D_CELLS_MOSST_fast_1_98V_m40C       2 
OA221X2          2       55.339      0.003      18527.738    D_CELLS_MOSST_fast_1_98V_m40C       2 
OA222X1          4      110.678      0.005       8551.785    D_CELLS_MOSST_fast_1_98V_m40C       2 
OA22X0           6      110.678      0.012       7941.732    D_CELLS_MOSST_fast_1_98V_m40C       2 
OA22X2           8      196.762      0.014      32913.228    D_CELLS_MOSST_fast_1_98V_m40C       2 
ON211X0          1       15.372      0.001        302.885    D_CELLS_MOSST_fast_1_98V_m40C       2 
ON211X1          4       73.786      0.001      14160.775    D_CELLS_MOSST_fast_1_98V_m40C       2 
ON21X0         136     1672.474      0.141     127105.946    D_CELLS_MOSST_fast_1_98V_m40C       2 
ON21X1          60      922.320      0.035     146499.296    D_CELLS_MOSST_fast_1_98V_m40C       2 
ON221X0         40      737.856      0.040      44338.440    D_CELLS_MOSST_fast_1_98V_m40C       2 
ON221X1          6      147.571      0.004      28285.796    D_CELLS_MOSST_fast_1_98V_m40C       2 
ON222X0          1       21.521      0.001        567.785    D_CELLS_MOSST_fast_1_98V_m40C       2 
ON22X0         182     2797.704      0.217     214885.407    D_CELLS_MOSST_fast_1_98V_m40C       2 
ON22X1         257     4740.725      0.184     749825.240    D_CELLS_MOSST_fast_1_98V_m40C       2 
ON311X1          2       36.893      0.001      13874.165    D_CELLS_MOSST_fast_1_98V_m40C       2 
ON31X0           3       46.116      0.003       2679.107    D_CELLS_MOSST_fast_1_98V_m40C       2 
ON31X1          18      332.035      0.011      48805.841    D_CELLS_MOSST_fast_1_98V_m40C       2 
ON321X0          1       21.521      0.001        859.066    D_CELLS_MOSST_fast_1_98V_m40C       2 
ON32X0           2       36.893      0.002        417.637    D_CELLS_MOSST_fast_1_98V_m40C       2 
OR2X1          363     4464.029      0.475     361477.417    D_CELLS_MOSST_fast_1_98V_m40C       2 
OR2X2            9      138.348      0.016      19266.376    D_CELLS_MOSST_fast_1_98V_m40C       2 
OR3X0            7      107.604      0.013       1952.970    D_CELLS_MOSST_fast_1_98V_m40C       2 
OR4X1            1       24.595      0.002       2110.640    D_CELLS_MOSST_fast_1_98V_m40C       2 
OR5X1            1       27.670      0.002       1759.697    D_CELLS_MOSST_fast_1_98V_m40C       2 
OR6X1            1       33.818      0.002       4791.823    D_CELLS_MOSST_fast_1_98V_m40C       2 
SDFRQX0      15056   972051.494     87.204  156983543.778    D_CELLS_MOSST_fast_1_98V_m40C       2 
SDFRQX1          2      141.422      0.011      30317.677    D_CELLS_MOSST_fast_1_98V_m40C       2 
SDFRQX2        895    63286.524      4.619   17708430.824    D_CELLS_MOSST_fast_1_98V_m40C       2 
SDFRQX4         26     2158.229      0.154     564645.041    D_CELLS_MOSST_fast_1_98V_m40C       2 
SDFRX0          13      879.278      0.082     148958.782    D_CELLS_MOSST_fast_1_98V_m40C       2 
---------------------------------------------------------------------------------------------------
total        50047  1740463.956    158.660  240867451.035                                  


                                              Leakage  Leakage    Internal   Internal 
     Type      Instances     Area    Area % Power (nW) Power %   Power (nW)   Power % 
--------------------------------------------------------------------------------------
sequential         15992 1038516.948   59.7     92.070    58.0 175435896.102     72.8 
inverter            1664   11707.315    0.7      1.098     0.7   3051652.793      1.3 
buffer                36     624.103    0.0      0.072     0.0    150043.993      0.1 
logic              32355  689615.590   39.6     65.420    41.2  62229858.148     25.8 
physical_cells         0       0.000    0.0      0.000     0.0         0.000      0.0 
--------------------------------------------------------------------------------------
total              50047 1740463.956  100.0    158.660   100.0 240867451.035    100.0 

