============================================================
  Generated by:           Genus(TM) Synthesis Solution GENUS15.22 - 15.20-s024_1
  Generated on:           May 15 2025  02:50:45 pm
  Module:                 USFFT64_2B
  Library domain:         worst_timing_cond
    Domain index:         0
    Technology libraries: D_CELLS_MOSST_slow_1_62V_125C V 2.1.0
                          IO_CELLS_3V_MOS3ST_slow_1_62V_3_30V_125C 1.1.0
    Operating conditions: slow_1_62V_125C 
  Interconnect mode:      global
  Area mode:              physical library
============================================================

                                      
     Type      Instances  Area Area % 
--------------------------------------
sequential         15996 0.000    0.0 
inverter            6419 0.000    0.0 
logic              26969 0.000    0.0 
physical_cells         0 0.000    0.0 
--------------------------------------
total              49384 0.000    0.0 

