============================================================
  Generated by:           Genus(TM) Synthesis Solution GENUS15.22 - 15.20-s024_1
  Generated on:           May 15 2025  02:50:42 pm
  Module:                 USFFT64_2B
  Library domain:         worst_timing_cond
    Domain index:         0
    Technology libraries: D_CELLS_MOSST_slow_1_62V_125C V 2.1.0
                          IO_CELLS_3V_MOS3ST_slow_1_62V_3_30V_125C 1.1.0
    Operating conditions: slow_1_62V_125C 
  Interconnect mode:      global
  Area mode:              physical library
============================================================

            Instance                 Domain        Cells  Cell Area  Net Area   Total Area 
-------------------------------------------------------------------------------------------
USFFT64_2B                      worst_timing_cond  49384    1620283       352      1620635 
  Ubuf3                         worst_timing_cond   5346     355997         0       355997 
    URAM                        worst_timing_cond   5237     353298         0       353298 
    inc_add_100_14_5            worst_timing_cond     26        347         0          347 
    inc_add_98_16_6             worst_timing_cond     21        284         0          284 
  U_BUF2                        worst_timing_cond   5088     337815         0       337815 
    URAM                        worst_timing_cond   4979     335116         0       335116 
    inc_add_100_14_3            worst_timing_cond     26        347         0          347 
    inc_add_98_16_4             worst_timing_cond     21        284         0          284 
  U_BUF1                        worst_timing_cond   4572     301450         0       301450 
    URAM                        worst_timing_cond   4463     298752         0       298752 
    inc_add_100_14_1            worst_timing_cond     26        347         0          347 
    inc_add_98_16_2             worst_timing_cond     21        284         0          284 
  U_FFT2                        worst_timing_cond  13935     256839         0       256839 
    UMR                         worst_timing_cond    825      14631         0        14631 
      csa_tree_add_82_30_groupi worst_timing_cond    505       7734         0         7734 
      add_75_13                 worst_timing_cond    261       3638         0         3638 
    UMI                         worst_timing_cond    825      14631         0        14631 
      csa_tree_add_82_30_groupi worst_timing_cond    505       7734         0         7734 
      add_75_13                 worst_timing_cond    261       3638         0         3638 
    sub_343_19                  worst_timing_cond    258       3480         0         3480 
    sub_342_19                  worst_timing_cond    258       3480         0         3480 
    sub_329_18                  worst_timing_cond    258       3480         0         3480 
    sub_328_18                  worst_timing_cond    258       3480         0         3480 
    sub_339_19                  worst_timing_cond    253       3409         0         3409 
    sub_338_21                  worst_timing_cond    253       3409         0         3409 
    sub_332_18                  worst_timing_cond    253       3409         0         3409 
    sub_331_25                  worst_timing_cond    253       3409         0         3409 
    sub_275_18                  worst_timing_cond    253       3409         0         3409 
    sub_274_26                  worst_timing_cond    253       3409         0         3409 
    sub_271_16                  worst_timing_cond    253       3409         0         3409 
    sub_270_24                  worst_timing_cond    253       3409         0         3409 
    add_335_17                  worst_timing_cond    238       3322         0         3322 
    add_334_18                  worst_timing_cond    238       3322         0         3322 
    add_323_17                  worst_timing_cond    238       3322         0         3322 
    add_322_18                  worst_timing_cond    238       3322         0         3322 
    add_326_19                  worst_timing_cond    234       3259         0         3259 
    add_325_20                  worst_timing_cond    234       3259         0         3259 
    add_320_18                  worst_timing_cond    234       3259         0         3259 
    add_319_26                  worst_timing_cond    234       3259         0         3259 
    add_269_15                  worst_timing_cond    234       3259         0         3259 
    add_268_16                  worst_timing_cond    234       3259         0         3259 
    add_267_18                  worst_timing_cond    234       3259         0         3259 
    add_266_25                  worst_timing_cond    234       3259         0         3259 
    sub_252_15                  worst_timing_cond    239       3236         0         3236 
    sub_250_15                  worst_timing_cond    239       3236         0         3236 
    sub_232_20                  worst_timing_cond    235       3172         0         3172 
    sub_231_19                  worst_timing_cond    235       3172         0         3172 
    sub_208_19                  worst_timing_cond    235       3172         0         3172 
    sub_207_28                  worst_timing_cond    235       3172         0         3172 
    sub_204_19                  worst_timing_cond    235       3172         0         3172 
    sub_203_28                  worst_timing_cond    235       3172         0         3172 
    sub_248_15                  worst_timing_cond    234       3165         0         3165 
    add_229_19                  worst_timing_cond    217       3030         0         3030 
    add_228_20                  worst_timing_cond    217       3030         0         3030 
    add_206_18                  worst_timing_cond    217       3030         0         3030 
    add_205_27                  worst_timing_cond    217       3030         0         3030 
    add_202_18                  worst_timing_cond    217       3030         0         3030 
    add_201_27                  worst_timing_cond    217       3030         0         3030 
    sub_171_16                  worst_timing_cond    222       2999         0         2999 
    sub_170_15                  worst_timing_cond    222       2999         0         2999 
    add_169_15                  worst_timing_cond    205       2865         0         2865 
    add_168_15                  worst_timing_cond    205       2865         0         2865 
    inc_add_140_15_10           worst_timing_cond     10        134         0          134 
    inc_add_138_12_9            worst_timing_cond      7         95         0           95 
  U_FFT1                        worst_timing_cond  12454     230016         0       230016 
    UMR                         worst_timing_cond    737      13076         0        13076 
      csa_tree_add_82_30_groupi worst_timing_cond    450       6889         0         6889 
      add_75_13                 worst_timing_cond    234       3259         0         3259 
    UMI                         worst_timing_cond    737      13076         0        13076 
      csa_tree_add_82_30_groupi worst_timing_cond    450       6889         0         6889 
      add_75_13                 worst_timing_cond    234       3259         0         3259 
    sub_343_19                  worst_timing_cond    235       3172         0         3172 
    sub_342_19                  worst_timing_cond    235       3172         0         3172 
    sub_329_18                  worst_timing_cond    235       3172         0         3172 
    sub_328_18                  worst_timing_cond    235       3172         0         3172 
    add_335_17                  worst_timing_cond    217       3030         0         3030 
    add_334_18                  worst_timing_cond    217       3030         0         3030 
    add_323_17                  worst_timing_cond    217       3030         0         3030 
    add_322_18                  worst_timing_cond    217       3030         0         3030 
    sub_339_19                  worst_timing_cond    222       2999         0         2999 
    sub_338_21                  worst_timing_cond    222       2999         0         2999 
    sub_332_18                  worst_timing_cond    222       2999         0         2999 
    sub_331_25                  worst_timing_cond    222       2999         0         2999 
    sub_275_18                  worst_timing_cond    222       2999         0         2999 
    sub_274_26                  worst_timing_cond    222       2999         0         2999 
    sub_271_16                  worst_timing_cond    222       2999         0         2999 
    sub_270_24                  worst_timing_cond    222       2999         0         2999 
    sub_252_15                  worst_timing_cond    214       2896         0         2896 
    sub_250_15                  worst_timing_cond    214       2896         0         2896 
    add_326_19                  worst_timing_cond    205       2865         0         2865 
    add_325_20                  worst_timing_cond    205       2865         0         2865 
    add_320_18                  worst_timing_cond    205       2865         0         2865 
    add_319_26                  worst_timing_cond    205       2865         0         2865 
    add_269_15                  worst_timing_cond    205       2865         0         2865 
    add_268_16                  worst_timing_cond    205       2865         0         2865 
    add_267_18                  worst_timing_cond    205       2865         0         2865 
    add_266_25                  worst_timing_cond    205       2865         0         2865 
    sub_232_20                  worst_timing_cond    210       2833         0         2833 
    sub_231_19                  worst_timing_cond    210       2833         0         2833 
    sub_208_19                  worst_timing_cond    210       2833         0         2833 
    sub_207_28                  worst_timing_cond    210       2833         0         2833 
    sub_204_19                  worst_timing_cond    210       2833         0         2833 
    sub_203_28                  worst_timing_cond    210       2833         0         2833 
    sub_248_15                  worst_timing_cond    209       2825         0         2825 
    sub_171_16                  worst_timing_cond    202       2723         0         2723 
    sub_170_15                  worst_timing_cond    202       2723         0         2723 
    add_229_19                  worst_timing_cond    194       2707         0         2707 
    add_228_20                  worst_timing_cond    194       2707         0         2707 
    add_206_18                  worst_timing_cond    194       2707         0         2707 
    add_205_27                  worst_timing_cond    194       2707         0         2707 
    add_202_18                  worst_timing_cond    194       2707         0         2707 
    add_201_27                  worst_timing_cond    194       2707         0         2707 
    add_169_15                  worst_timing_cond    187       2604         0         2604 
    add_168_15                  worst_timing_cond    187       2604         0         2604 
    inc_add_140_15_8            worst_timing_cond     10        134         0          134 
    inc_add_138_12_7            worst_timing_cond      7         95         0           95 
  U_MPU                         worst_timing_cond   7673     127394         0       127394 
    mul_110_17                  worst_timing_cond   1637      25616         0        25616 
    mul_109_17                  worst_timing_cond   1637      25616         0        25616 
    mul_108_17                  worst_timing_cond   1637      25616         0        25616 
    mul_107_19                  worst_timing_cond   1637      25616         0        25616 
    UROM                        worst_timing_cond    440       6945         0         6945 
    sub_123_15                  worst_timing_cond    224       3038         0         3038 
    add_124_15                  worst_timing_cond    208       2912         0         2912 
    inc_add_90_18_11            worst_timing_cond     18        237         0          237 
  U_NORM2                       worst_timing_cond    143       5043         0         5043 
    sll_84_18                   worst_timing_cond     41       1215         0         1215 
    sll_83_18                   worst_timing_cond     41       1215         0         1215 
  U_NORM1                       worst_timing_cond    137       4806         0         4806 
    sll_84_18                   worst_timing_cond     39       1152         0         1152 
    sll_83_18                   worst_timing_cond     39       1152         0         1152 
  inc_add_165_17_12             worst_timing_cond     18        237         0          237 
