============================================================
  Generated by:           Genus(TM) Synthesis Solution GENUS15.22 - 15.20-s024_1
  Generated on:           May 15 2025  02:50:42 pm
  Module:                 USFFT64_2B
  Library domain:         worst_timing_cond
    Domain index:         0
    Technology libraries: D_CELLS_MOSST_slow_1_62V_125C V 2.1.0
                          IO_CELLS_3V_MOS3ST_slow_1_62V_3_30V_125C 1.1.0
    Operating conditions: slow_1_62V_125C 
  Interconnect mode:      global
  Area mode:              physical library
============================================================

Timing
--------

   Mode    Clock Period 
------------------------
worst_view clk   5000.0 


             Cost  Critical Path  Violating 
   Mode     Group      Slack        Paths   
--------------------------------------------
worst_view clk             149.6            
           default      No paths            

Instance Count
--------------
Leaf Instance Count             49384 
Sequential Instance Count       15996 
Combinational Instance Count    33388 
Hierarchical Instance Count       132 

Area
----
Cell Area                          1620283.422
Physical Cell Area                 0.000
Total Cell Area (Cell+Physical)    1620283.422
Net Area                           351.752
Total Area (Cell+Physical+Net)     1620635.174

Runtime                            19.000 seconds
Elapsed Runtime                    140 seconds
Genus peak memory usage            639.43 
Innovus peak memory usage          no_value 
Hostname                           pgmicro01.ufrgs.br
