Command: report datapath > reports_May15-14:48:55/generic/USFFT64_2B_datapath.rpt
============================================================
  Generated by:           Genus(TM) Synthesis Solution GENUS15.22 - 15.20-s024_1
  Generated on:           May 15 2025  02:50:39 pm
  Module:                 USFFT64_2B
  Library domain:         worst_timing_cond
    Domain index:         0
    Technology libraries: D_CELLS_MOSST_slow_1_62V_125C V 2.1.0
                          IO_CELLS_3V_MOS3ST_slow_1_62V_3_30V_125C 1.1.0
    Operating conditions: slow_1_62V_125C 
  Interconnect mode:      global
  Area mode:              physical library
============================================================


Inferred components

                        Operator   Signedness   Inputs   Outputs CellArea 
==========================================================================
USFFT64_2B
 U_BUF1
  inc_add_100_14_1
   
   module:increment_unsigned
    very_fast          increment   unsigned   8x1        8         347.23 
--------------------------------------------------------------------------
    add_100_14             +       unsigned   8x1        8                
==========================================================================
USFFT64_2B
 U_BUF1
  inc_add_98_16_2
   
   module:increment_unsigned_682
    very_fast          increment   unsigned   7x1        7         284.10 
--------------------------------------------------------------------------
    add_98_16              +       unsigned   7x1        7                
==========================================================================
USFFT64_2B
 U_BUF2
  inc_add_100_14_3
   
   module:increment_unsigned
    very_fast          increment   unsigned   8x1        8         347.23 
--------------------------------------------------------------------------
    add_100_14             +       unsigned   8x1        8                
==========================================================================
USFFT64_2B
 U_BUF2
  inc_add_98_16_4
   
   module:increment_unsigned_682
    very_fast          increment   unsigned   7x1        7         284.10 
--------------------------------------------------------------------------
    add_98_16              +       unsigned   7x1        7                
==========================================================================
USFFT64_2B
 U_FFT1
  UMI
   add_75_13
    
    module:add_signed_15
     very_fast             +       signed     18x20      21       3259.22 
==========================================================================
USFFT64_2B
 U_FFT1
  UMI
   csa_tree_add_82_30_groupi
    
    module:csa_tree_add_82_30_group_788_789
     very_fast       csa_and_adder            9x14x22x19 22       6889.35 
==========================================================================
USFFT64_2B
 U_FFT1
  UMR
   add_75_13
    
    module:add_signed_15
     very_fast             +       signed     18x20      21       3259.22 
==========================================================================
USFFT64_2B
 U_FFT1
  UMR
   csa_tree_add_82_30_groupi
    
    module:csa_tree_add_82_30_group_788_789
     very_fast       csa_and_adder            9x14x22x19 22       6889.35 
--------------------------------------------------------------------------
     add_82_30             +       signed     23x9       22               
     add_82_21             +       signed     23x14      23               
     add_87_23             +       signed     22x19      23               
==========================================================================
USFFT64_2B
 U_FFT1
  add_168_15
   
   module:add_signed_33
    very_fast              +       signed     16x16      17       2604.22 
==========================================================================
USFFT64_2B
 U_FFT1
  add_169_15
   
   module:add_signed_33
    very_fast              +       signed     16x16      17       2604.22 
==========================================================================
USFFT64_2B
 U_FFT1
  add_201_27
   
   module:add_signed_41
    very_fast              +       signed     17x17      18       2706.81 
==========================================================================
USFFT64_2B
 U_FFT1
  add_202_18
   
   module:add_signed_41
    very_fast              +       signed     17x17      18       2706.81 
==========================================================================
USFFT64_2B
 U_FFT1
  add_205_27
   
   module:add_signed_41
    very_fast              +       signed     17x17      18       2706.81 
==========================================================================
USFFT64_2B
 U_FFT1
  add_206_18
   
   module:add_signed_41
    very_fast              +       signed     17x17      18       2706.81 
==========================================================================
USFFT64_2B
 U_FFT1
  add_228_20
   
   module:add_signed_41
    very_fast              +       signed     17x17      18       2706.81 
==========================================================================
USFFT64_2B
 U_FFT1
  add_229_19
   
   module:add_signed_41
    very_fast              +       signed     17x17      18       2706.81 
==========================================================================
USFFT64_2B
 U_FFT1
  add_266_25
   
   module:add_signed_83
    very_fast              +       signed     17x18      19       2864.64 
==========================================================================
USFFT64_2B
 U_FFT1
  add_267_18
   
   module:add_signed_83
    very_fast              +       signed     17x18      19       2864.64 
==========================================================================
USFFT64_2B
 U_FFT1
  add_268_16
   
   module:add_signed_77
    very_fast              +       signed     18x18      19       2864.64 
==========================================================================
USFFT64_2B
 U_FFT1
  add_269_15
   
   module:add_signed_77
    very_fast              +       signed     18x18      19       2864.64 
==========================================================================
USFFT64_2B
 U_FFT1
  add_319_26
   
   module:add_signed_77
    very_fast              +       signed     18x18      19       2864.64 
==========================================================================
USFFT64_2B
 U_FFT1
  add_320_18
   
   module:add_signed_77
    very_fast              +       signed     18x18      19       2864.64 
==========================================================================
USFFT64_2B
 U_FFT1
  add_322_18
   
   module:add_signed_95
    very_fast              +       signed     19x19      20       3030.37 
==========================================================================
USFFT64_2B
 U_FFT1
  add_323_17
   
   module:add_signed_95
    very_fast              +       signed     19x19      20       3030.37 
==========================================================================
USFFT64_2B
 U_FFT1
  add_325_20
   
   module:add_signed_77
    very_fast              +       signed     18x18      19       2864.64 
==========================================================================
USFFT64_2B
 U_FFT1
  add_326_19
   
   module:add_signed_77
    very_fast              +       signed     18x18      19       2864.64 
==========================================================================
USFFT64_2B
 U_FFT1
  add_334_18
   
   module:add_signed_95
    very_fast              +       signed     19x19      20       3030.37 
==========================================================================
USFFT64_2B
 U_FFT1
  add_335_17
   
   module:add_signed_95
    very_fast              +       signed     19x19      20       3030.37 
==========================================================================
USFFT64_2B
 U_FFT1
  inc_add_138_12_7
   
   module:increment_unsigned_687
    very_fast          increment   unsigned   3x1        3          94.70 
--------------------------------------------------------------------------
    add_138_12             +       unsigned   3x1        3                
==========================================================================
USFFT64_2B
 U_FFT1
  inc_add_140_15_8
   
   module:increment_unsigned_688
    very_fast          increment   unsigned   4x1        4         134.16 
--------------------------------------------------------------------------
    add_140_15             +       unsigned   4x1        4                
==========================================================================
USFFT64_2B
 U_FFT1
  sub_170_15
   
   module:sub_signed
    very_fast              -       signed     16x16      17       2722.60 
==========================================================================
USFFT64_2B
 U_FFT1
  sub_171_16
   
   module:sub_signed
    very_fast              -       signed     16x16      17       2722.60 
==========================================================================
USFFT64_2B
 U_FFT1
  sub_203_28
   
   module:sub_signed_43
    very_fast              -       signed     17x17      18       2833.08 
==========================================================================
USFFT64_2B
 U_FFT1
  sub_204_19
   
   module:sub_signed_43
    very_fast              -       signed     17x17      18       2833.08 
==========================================================================
USFFT64_2B
 U_FFT1
  sub_207_28
   
   module:sub_signed_43
    very_fast              -       signed     17x17      18       2833.08 
==========================================================================
USFFT64_2B
 U_FFT1
  sub_208_19
   
   module:sub_signed_43
    very_fast              -       signed     17x17      18       2833.08 
==========================================================================
USFFT64_2B
 U_FFT1
  sub_231_19
   
   module:sub_signed_43
    very_fast              -       signed     17x17      18       2833.08 
==========================================================================
USFFT64_2B
 U_FFT1
  sub_232_20
   
   module:sub_signed_43
    very_fast              -       signed     17x17      18       2833.08 
==========================================================================
USFFT64_2B
 U_FFT1
  sub_248_15
   
   module:sub_signed_71
    very_fast              -       signed     1x17       18       2825.19 
==========================================================================
USFFT64_2B
 U_FFT1
  sub_250_15
   
   module:sub_signed_73
    very_fast              -       signed     1x18       18       2896.21 
==========================================================================
USFFT64_2B
 U_FFT1
  sub_252_15
   
   module:sub_signed_73
    very_fast              -       signed     1x18       18       2896.21 
==========================================================================
USFFT64_2B
 U_FFT1
  sub_270_24
   
   module:sub_signed_79
    very_fast              -       signed     18x18      19       2998.80 
==========================================================================
USFFT64_2B
 U_FFT1
  sub_271_16
   
   module:sub_signed_79
    very_fast              -       signed     18x18      19       2998.80 
==========================================================================
USFFT64_2B
 U_FFT1
  sub_274_26
   
   module:sub_signed_81
    very_fast              -       signed     17x18      19       2998.80 
==========================================================================
USFFT64_2B
 U_FFT1
  sub_275_18
   
   module:sub_signed_81
    very_fast              -       signed     17x18      19       2998.80 
==========================================================================
USFFT64_2B
 U_FFT1
  sub_328_18
   
   module:sub_signed_99
    very_fast              -       signed     19x19      20       3172.42 
==========================================================================
USFFT64_2B
 U_FFT1
  sub_329_18
   
   module:sub_signed_99
    very_fast              -       signed     19x19      20       3172.42 
==========================================================================
USFFT64_2B
 U_FFT1
  sub_331_25
   
   module:sub_signed_79
    very_fast              -       signed     18x18      19       2998.80 
==========================================================================
USFFT64_2B
 U_FFT1
  sub_332_18
   
   module:sub_signed_79
    very_fast              -       signed     18x18      19       2998.80 
==========================================================================
USFFT64_2B
 U_FFT1
  sub_338_21
   
   module:sub_signed_79
    very_fast              -       signed     18x18      19       2998.80 
==========================================================================
USFFT64_2B
 U_FFT1
  sub_339_19
   
   module:sub_signed_79
    very_fast              -       signed     18x18      19       2998.80 
==========================================================================
USFFT64_2B
 U_FFT1
  sub_342_19
   
   module:sub_signed_99
    very_fast              -       signed     19x19      20       3172.42 
==========================================================================
USFFT64_2B
 U_FFT1
  sub_343_19
   
   module:sub_signed_99
    very_fast              -       signed     19x19      20       3172.42 
==========================================================================
USFFT64_2B
 U_FFT2
  UMI
   add_75_13
    
    module:add_signed_899
     very_fast             +       signed     20x22      23       3638.02 
==========================================================================
USFFT64_2B
 U_FFT2
  UMI
   csa_tree_add_82_30_groupi
    
    module:csa_tree_add_82_30_group_784_785
     very_fast       csa_and_adder            11x16x24x2 24       7733.75 
                                              1                           
==========================================================================
USFFT64_2B
 U_FFT2
  UMR
   add_75_13
    
    module:add_signed_899
     very_fast             +       signed     20x22      23       3638.02 
==========================================================================
USFFT64_2B
 U_FFT2
  UMR
   csa_tree_add_82_30_groupi
    
    module:csa_tree_add_82_30_group_784_785
     very_fast       csa_and_adder            11x16x24x2 24       7733.75 
                                              1                           
--------------------------------------------------------------------------
     add_82_30             +       signed     25x11      24               
     add_82_21             +       signed     25x16      25               
     add_87_23             +       signed     24x21      25               
==========================================================================
USFFT64_2B
 U_FFT2
  add_168_15
   
   module:add_signed_77
    very_fast              +       signed     18x18      19       2864.64 
==========================================================================
USFFT64_2B
 U_FFT2
  add_169_15
   
   module:add_signed_77
    very_fast              +       signed     18x18      19       2864.64 
==========================================================================
USFFT64_2B
 U_FFT2
  add_201_27
   
   module:add_signed_95
    very_fast              +       signed     19x19      20       3030.37 
==========================================================================
USFFT64_2B
 U_FFT2
  add_202_18
   
   module:add_signed_95
    very_fast              +       signed     19x19      20       3030.37 
==========================================================================
USFFT64_2B
 U_FFT2
  add_205_27
   
   module:add_signed_95
    very_fast              +       signed     19x19      20       3030.37 
==========================================================================
USFFT64_2B
 U_FFT2
  add_206_18
   
   module:add_signed_95
    very_fast              +       signed     19x19      20       3030.37 
==========================================================================
USFFT64_2B
 U_FFT2
  add_228_20
   
   module:add_signed_95
    very_fast              +       signed     19x19      20       3030.37 
==========================================================================
USFFT64_2B
 U_FFT2
  add_229_19
   
   module:add_signed_95
    very_fast              +       signed     19x19      20       3030.37 
==========================================================================
USFFT64_2B
 U_FFT2
  add_266_25
   
   module:add_signed_969
    very_fast              +       signed     19x20      21       3259.22 
==========================================================================
USFFT64_2B
 U_FFT2
  add_267_18
   
   module:add_signed_969
    very_fast              +       signed     19x20      21       3259.22 
==========================================================================
USFFT64_2B
 U_FFT2
  add_268_16
   
   module:add_signed_963
    very_fast              +       signed     20x20      21       3259.22 
==========================================================================
USFFT64_2B
 U_FFT2
  add_269_15
   
   module:add_signed_963
    very_fast              +       signed     20x20      21       3259.22 
==========================================================================
USFFT64_2B
 U_FFT2
  add_319_26
   
   module:add_signed_963
    very_fast              +       signed     20x20      21       3259.22 
==========================================================================
USFFT64_2B
 U_FFT2
  add_320_18
   
   module:add_signed_963
    very_fast              +       signed     20x20      21       3259.22 
==========================================================================
USFFT64_2B
 U_FFT2
  add_322_18
   
   module:add_signed_981
    very_fast              +       signed     21x21      22       3322.36 
==========================================================================
USFFT64_2B
 U_FFT2
  add_323_17
   
   module:add_signed_981
    very_fast              +       signed     21x21      22       3322.36 
==========================================================================
USFFT64_2B
 U_FFT2
  add_325_20
   
   module:add_signed_963
    very_fast              +       signed     20x20      21       3259.22 
==========================================================================
USFFT64_2B
 U_FFT2
  add_326_19
   
   module:add_signed_963
    very_fast              +       signed     20x20      21       3259.22 
==========================================================================
USFFT64_2B
 U_FFT2
  add_334_18
   
   module:add_signed_981
    very_fast              +       signed     21x21      22       3322.36 
==========================================================================
USFFT64_2B
 U_FFT2
  add_335_17
   
   module:add_signed_981
    very_fast              +       signed     21x21      22       3322.36 
==========================================================================
USFFT64_2B
 U_FFT2
  inc_add_138_12_9
   
   module:increment_unsigned_687
    very_fast          increment   unsigned   3x1        3          94.70 
--------------------------------------------------------------------------
    add_138_12             +       unsigned   3x1        3                
==========================================================================
USFFT64_2B
 U_FFT2
  inc_add_140_15_10
   
   module:increment_unsigned_688
    very_fast          increment   unsigned   4x1        4         134.16 
--------------------------------------------------------------------------
    add_140_15             +       unsigned   4x1        4                
==========================================================================
USFFT64_2B
 U_FFT2
  sub_170_15
   
   module:sub_signed_79
    very_fast              -       signed     18x18      19       2998.80 
==========================================================================
USFFT64_2B
 U_FFT2
  sub_171_16
   
   module:sub_signed_79
    very_fast              -       signed     18x18      19       2998.80 
==========================================================================
USFFT64_2B
 U_FFT2
  sub_203_28
   
   module:sub_signed_99
    very_fast              -       signed     19x19      20       3172.42 
==========================================================================
USFFT64_2B
 U_FFT2
  sub_204_19
   
   module:sub_signed_99
    very_fast              -       signed     19x19      20       3172.42 
==========================================================================
USFFT64_2B
 U_FFT2
  sub_207_28
   
   module:sub_signed_99
    very_fast              -       signed     19x19      20       3172.42 
==========================================================================
USFFT64_2B
 U_FFT2
  sub_208_19
   
   module:sub_signed_99
    very_fast              -       signed     19x19      20       3172.42 
==========================================================================
USFFT64_2B
 U_FFT2
  sub_231_19
   
   module:sub_signed_99
    very_fast              -       signed     19x19      20       3172.42 
==========================================================================
USFFT64_2B
 U_FFT2
  sub_232_20
   
   module:sub_signed_99
    very_fast              -       signed     19x19      20       3172.42 
==========================================================================
USFFT64_2B
 U_FFT2
  sub_248_15
   
   module:sub_signed_957
    very_fast              -       signed     1x19       20       3164.52 
==========================================================================
USFFT64_2B
 U_FFT2
  sub_250_15
   
   module:sub_signed_959
    very_fast              -       signed     1x20       20       3235.55 
==========================================================================
USFFT64_2B
 U_FFT2
  sub_252_15
   
   module:sub_signed_959
    very_fast              -       signed     1x20       20       3235.55 
==========================================================================
USFFT64_2B
 U_FFT2
  sub_270_24
   
   module:sub_signed_965
    very_fast              -       signed     20x20      21       3409.16 
==========================================================================
USFFT64_2B
 U_FFT2
  sub_271_16
   
   module:sub_signed_965
    very_fast              -       signed     20x20      21       3409.16 
==========================================================================
USFFT64_2B
 U_FFT2
  sub_274_26
   
   module:sub_signed_967
    very_fast              -       signed     19x20      21       3409.16 
==========================================================================
USFFT64_2B
 U_FFT2
  sub_275_18
   
   module:sub_signed_967
    very_fast              -       signed     19x20      21       3409.16 
==========================================================================
USFFT64_2B
 U_FFT2
  sub_328_18
   
   module:sub_signed_985
    very_fast              -       signed     21x21      22       3480.19 
==========================================================================
USFFT64_2B
 U_FFT2
  sub_329_18
   
   module:sub_signed_985
    very_fast              -       signed     21x21      22       3480.19 
==========================================================================
USFFT64_2B
 U_FFT2
  sub_331_25
   
   module:sub_signed_965
    very_fast              -       signed     20x20      21       3409.16 
==========================================================================
USFFT64_2B
 U_FFT2
  sub_332_18
   
   module:sub_signed_965
    very_fast              -       signed     20x20      21       3409.16 
==========================================================================
USFFT64_2B
 U_FFT2
  sub_338_21
   
   module:sub_signed_965
    very_fast              -       signed     20x20      21       3409.16 
==========================================================================
USFFT64_2B
 U_FFT2
  sub_339_19
   
   module:sub_signed_965
    very_fast              -       signed     20x20      21       3409.16 
==========================================================================
USFFT64_2B
 U_FFT2
  sub_342_19
   
   module:sub_signed_985
    very_fast              -       signed     21x21      22       3480.19 
==========================================================================
USFFT64_2B
 U_FFT2
  sub_343_19
   
   module:sub_signed_985
    very_fast              -       signed     21x21      22       3480.19 
==========================================================================
USFFT64_2B
 U_MPU
  add_124_15
   
   module:add_signed_870
    very_fast              +       signed     19x19      19       2911.99 
==========================================================================
USFFT64_2B
 U_MPU
  inc_add_90_18_11
   
   module:increment_unsigned_780
    very_fast          increment   unsigned   6x1        6         236.75 
--------------------------------------------------------------------------
    add_90_18              +       unsigned   6x1        6                
==========================================================================
USFFT64_2B
 U_MPU
  mul_107_19
   
   module:mult_signed
    very_fast/booth        *       signed     18x15      33      25616.07 
==========================================================================
USFFT64_2B
 U_MPU
  mul_108_17
   
   module:mult_signed
    very_fast/booth        *       signed     18x15      33      25616.07 
==========================================================================
USFFT64_2B
 U_MPU
  mul_109_17
   
   module:mult_signed
    very_fast/booth        *       signed     18x15      33      25616.07 
==========================================================================
USFFT64_2B
 U_MPU
  mul_110_17
   
   module:mult_signed
    very_fast/booth        *       signed     18x15      33      25616.07 
==========================================================================
USFFT64_2B
 U_MPU
  sub_123_15
   
   module:sub_signed_868
    very_fast              -       signed     19x19      19       3038.26 
==========================================================================
USFFT64_2B
 U_NORM1
  sll_83_18
   
   module:shift_left_vlog_unsigned
    very_fast/barrel       <<      x          19x2       19       1152.17 
==========================================================================
USFFT64_2B
 U_NORM1
  sll_84_18
   
   module:shift_left_vlog_unsigned
    very_fast/barrel       <<      x          19x2       19       1152.17 
==========================================================================
USFFT64_2B
 U_NORM2
  sll_83_18
   
   module:shift_left_vlog_unsigned_1216
    very_fast/barrel       <<      x          21x2       21       1215.30 
==========================================================================
USFFT64_2B
 U_NORM2
  sll_84_18
   
   module:shift_left_vlog_unsigned_1216
    very_fast/barrel       <<      x          21x2       21       1215.30 
==========================================================================
USFFT64_2B
 Ubuf3
  inc_add_100_14_5
   
   module:increment_unsigned
    very_fast          increment   unsigned   8x1        8         347.23 
--------------------------------------------------------------------------
    add_100_14             +       unsigned   8x1        8                
==========================================================================
USFFT64_2B
 Ubuf3
  inc_add_98_16_6
   
   module:increment_unsigned_682
    very_fast          increment   unsigned   7x1        7         284.10 
--------------------------------------------------------------------------
    add_98_16              +       unsigned   7x1        7                
==========================================================================
USFFT64_2B
 inc_add_165_17_12
  
  module:increment_unsigned_780
   very_fast           increment   unsigned   6x1        6         236.75 
--------------------------------------------------------------------------
   add_165_17              +       unsigned   6x1        6                
==========================================================================

      Type        CellArea  Percentage 
---------------------------------------
datapath modules  422381.04      26.07 
external muxes         0.00       0.00 
others           1197902.38      73.93 
---------------------------------------
total            1620283.42     100.00 

