============================================================
  Generated by:           Genus(TM) Synthesis Solution GENUS15.22 - 15.20-s024_1
  Generated on:           May 21 2025  04:21:54 pm
  Module:                 USFFT64_2B
  Interconnect mode:      global
  Area mode:              physical library
============================================================


Path 1: MET (1737 ps) Setup Check with Pin U_MPU/dii_reg[11]/clk->d
           View: worst_view
          Group: clk
     Startpoint: (R) U_MPU/wid_reg[1]/clk
          Clock: (R) clk
       Endpoint: (R) U_MPU/dii_reg[11]/d
          Clock: (R) clk

                     Capture       Launch     
        Clock Edge:+    6670            0     
       Src Latency:+       0            0     
       Net Latency:+       0 (I)        0 (I) 
           Arrival:=    6670            0     
                                              
             Setup:-     636                  
       Uncertainty:-     400                  
     Required Time:=    5634                  
      Launch Clock:-       0                  
         Data Path:-    3897                  
             Slack:=    1737                  

#------------------------------------------------------------------------------------------------
#      Timing Point        Flags    Arc    Edge      Cell        Fanout Load Trans Delay Arrival 
#                                                                       (fF)  (ps)  (ps)   (ps)  
#------------------------------------------------------------------------------------------------
  U_MPU/wid_reg[1]/clk     -       -       R     (arrival)        15996    -     0     -       0 
  U_MPU/wid_reg[1]/q       (u)     clk->q  R     unmapped_d_flop     46 37.1     0   520     520 
  U_MPU/mul_110_17/g90/z   (u)     in_1->z F     unmapped_xor2       19 26.5     0   294     814 
  U_MPU/mul_110_17/g92/z   (u)     in_0->z R     unmapped_not         1  5.3     0    50     864 
  U_MPU/mul_110_17/g93/z   (u)     in_0->z R     unmapped_and2       18 26.5     0   181    1046 
  U_MPU/mul_110_17/g160/z  (u)     in_1->z F     unmapped_nand2       1  5.3     0    84    1130 
  U_MPU/mul_110_17/g161/z  (u)     in_1->z R     unmapped_nand2       2 10.6     0    94    1224 
  U_MPU/mul_110_17/g1136/z (u)     in_1->z R     unmapped_xor2        3 15.9     0   219    1443 
  U_MPU/mul_110_17/g1150/z (u)     in_1->z R     unmapped_xor2        1  5.3     0   196    1639 
  U_MPU/mul_110_17/g1151/z (u)     in_0->z R     unmapped_xor2        3 15.9     0   219    1858 
  U_MPU/mul_110_17/g1162/z (u)     in_0->z R     unmapped_xor2        1  5.3     0   196    2055 
  U_MPU/mul_110_17/g1163/z (u)     in_0->z R     unmapped_xor2        3 15.9     0   219    2274 
  U_MPU/mul_110_17/g1168/z (u)     in_1->z R     unmapped_xor2        1  5.3     0   196    2470 
  U_MPU/mul_110_17/g1169/z (u)     in_0->z R     unmapped_xor2        2 10.6     0   207    2677 
  U_MPU/mul_110_17/g1521/z (u)     in_1->z F     unmapped_nor2        3 15.9     0   107    2784 
  U_MPU/mul_110_17/g1584/z (u)     in_1->z R     unmapped_nor2        1  5.3     0    84    2868 
  U_MPU/mul_110_17/g1586/z (u)     in_0->z F     unmapped_nor2        3 15.9     0   107    2974 
  U_MPU/mul_110_17/g1657/z (u)     in_0->z R     unmapped_nor2        1  5.3     0    84    3058 
  U_MPU/mul_110_17/g1659/z (u)     in_0->z F     unmapped_nor2        5 26.5     0   132    3190 
  U_MPU/mul_110_17/g1732/z (u)     in_1->z R     unmapped_nor2        1  5.3     0    84    3274 
  U_MPU/mul_110_17/g1734/z (u)     in_0->z F     unmapped_nor2        9 47.7     0   174    3448 
  U_MPU/mul_110_17/g1772/z (u)     in_1->z R     unmapped_nor2        1  5.3     0    84    3532 
  U_MPU/mul_110_17/g1774/z (u)     in_0->z F     unmapped_nor2        1  5.3     0    84    3616 
  U_MPU/mul_110_17/g1833/z (u)     in_0->z R     unmapped_nand2       1  5.3     0    84    3700 
  U_MPU/mul_110_17/g1919/z (u)     in_0->z R     unmapped_xnor2       1  5.3     0   196    3897 
  U_MPU/dii_reg[11]/d      <<<     -       R     unmapped_d_flop      1    -     -     0    3897 
#------------------------------------------------------------------------------------------------

(u) : Net has unmapped pin(s).

