============================================================
  Generated by:           Genus(TM) Synthesis Solution GENUS15.22 - 15.20-s024_1
  Generated on:           May 21 2025  04:31:45 pm
  Module:                 USFFT64_2B
  Interconnect mode:      global
  Area mode:              physical library
============================================================

                              Library         Leakage     Dynamic        Total     
           Instance            Domain Cells  Power(nW)   Power(nW)     Power(nW)   
-----------------------------------------------------------------------------------
USFFT64_2B                       0    53445 169633.313 343327481.638 343497114.951 
  U_BUF2_URAM                    0    12238  44905.090  61744233.651  61789138.741 
  U_BUF1_URAM                    0    10912  39925.285  54111859.885  54151785.170 
  U_FFT2                         0     7045  15427.635  49746331.792  49761759.427 
    UMR_csa_tr.._82_30_groupi    0      182    248.140   1563003.887   1563252.027 
    UMI_csa_tr.._82_30_groupi    0      181    248.020   1641565.517   1641813.538 
  U_FFT1                         0     6035  13579.017  43852406.444  43865985.461 
    UMI_csa_tr.._82_30_groupi    0      166    234.486   1592031.854   1592266.340 
    UMR_csa_tr.._82_30_groupi    0      166    234.486   1466826.247   1467060.733 
  U_MPU_mul_107_19               0      759   1208.582   8078721.903   8079930.485 
  U_MPU_mul_108_17               0      765   1205.618   8062556.268   8063761.886 
  U_MPU_mul_110_17               0      762   1202.609   8452076.765   8453279.374 
  U_MPU_mul_109_17               0      756   1198.699   8332514.710   8333713.409 

