============================================================
  Generated by:           Genus(TM) Synthesis Solution GENUS15.22 - 15.20-s024_1
  Generated on:           May 21 2025  04:32:17 pm
  Module:                 USFFT64_2B
  Interconnect mode:      global
  Area mode:              physical library
============================================================

                                    Leakage      Internal                                     Library 
   Gate    Instances     Area      Power (nW)   Power (nW)                Library              Domain 
------------------------------------------------------------------------------------------------------
AN211X0            4       61.488       3.039       2434.572    D_CELLS_MOSST_slow_1_62V_125C       0 
AN211X1           16      295.142      13.209      28240.460    D_CELLS_MOSST_slow_1_62V_125C       0 
AN21X1           260     3197.376     212.938     608061.473    D_CELLS_MOSST_slow_1_62V_125C       0 
AN221X0         2303    42482.059    2193.513     464745.227    D_CELLS_MOSST_slow_1_62V_125C       0 
AN221X1           14      301.291      14.575      29658.169    D_CELLS_MOSST_slow_1_62V_125C       0 
AN222X0           83     1786.226      95.509     124017.172    D_CELLS_MOSST_slow_1_62V_125C       0 
AN22X1          2486    38214.792    2737.762     636080.164    D_CELLS_MOSST_slow_1_62V_125C       0 
AN22X2             4      122.976       9.293      22528.638    D_CELLS_MOSST_slow_1_62V_125C       0 
AN31X1             6       92.232       5.086      11906.992    D_CELLS_MOSST_slow_1_62V_125C       0 
AN321X0            2       43.042       2.127       2264.029    D_CELLS_MOSST_slow_1_62V_125C       0 
AND2X1           677     8325.475     616.255     920215.567    D_CELLS_MOSST_slow_1_62V_125C       0 
AND2X2            13      239.803      19.489      61809.479    D_CELLS_MOSST_slow_1_62V_125C       0 
AND2X4            16      442.714      51.471      86912.917    D_CELLS_MOSST_slow_1_62V_125C       0 
AND3X1            12      184.464       9.642       9925.281    D_CELLS_MOSST_slow_1_62V_125C       0 
AND4X1             1       24.595       1.292       1359.153    D_CELLS_MOSST_slow_1_62V_125C       0 
AND5X1             6      166.018       6.932      17224.727    D_CELLS_MOSST_slow_1_62V_125C       0 
AND6X1           855    26286.120     888.306    1374813.281    D_CELLS_MOSST_slow_1_62V_125C       0 
AO211X0            4       73.786       8.016       7789.516    D_CELLS_MOSST_slow_1_62V_125C       0 
AO21X0            21      322.812      41.068      39631.250    D_CELLS_MOSST_slow_1_62V_125C       0 
AO21X1            17      313.589      19.588      54932.931    D_CELLS_MOSST_slow_1_62V_125C       0 
AO21X2             4       98.381       7.250      25007.257    D_CELLS_MOSST_slow_1_62V_125C       0 
AO221X0          185     3981.348     400.465     480933.531    D_CELLS_MOSST_slow_1_62V_125C       0 
AO221X1            2       49.190       2.440       4949.345    D_CELLS_MOSST_slow_1_62V_125C       0 
AO222X0          150     3689.280     352.378     429255.320    D_CELLS_MOSST_slow_1_62V_125C       0 
AO222X1            8      221.357      10.904      25944.754    D_CELLS_MOSST_slow_1_62V_125C       0 
AO222X2            1       33.818       2.045       2631.588    D_CELLS_MOSST_slow_1_62V_125C       0 
AO22X0          2470    45562.608    4910.965     562113.778    D_CELLS_MOSST_slow_1_62V_125C       0 
AO22X1           114     2453.371     139.040     366217.159    D_CELLS_MOSST_slow_1_62V_125C       0 
AO22X2            63     1743.185     115.212     293833.809    D_CELLS_MOSST_slow_1_62V_125C       0 
AO22X4             4      122.976      14.009      16750.533    D_CELLS_MOSST_slow_1_62V_125C       0 
AO321X0            5      122.976      10.974       7732.793    D_CELLS_MOSST_slow_1_62V_125C       0 
AO32X0            14      301.291      26.683      10702.561    D_CELLS_MOSST_slow_1_62V_125C       0 
AO32X2             8      221.357      15.387      44677.841    D_CELLS_MOSST_slow_1_62V_125C       0 
BUX2               1       15.372       2.137        628.208    D_CELLS_MOSST_slow_1_62V_125C       0 
BUX3               1       21.521       2.966        584.756    D_CELLS_MOSST_slow_1_62V_125C       0 
BUX4               1       24.595       4.269        401.044    D_CELLS_MOSST_slow_1_62V_125C       0 
BUX6               1       33.818       6.446       2302.537    D_CELLS_MOSST_slow_1_62V_125C       0 
EN2X0            817    12558.924    1137.502    2070349.888    D_CELLS_MOSST_slow_1_62V_125C       0 
EN2X1             53     1140.602      77.617     239567.695    D_CELLS_MOSST_slow_1_62V_125C       0 
EN3X0            241     6668.374     866.384    1143508.653    D_CELLS_MOSST_slow_1_62V_125C       0 
EN3X1             22      879.278      58.030     192887.559    D_CELLS_MOSST_slow_1_62V_125C       0 
EN3X2              2      104.530       7.539      32205.422    D_CELLS_MOSST_slow_1_62V_125C       0 
EO2X0            221     3397.212     455.938     494256.309    D_CELLS_MOSST_slow_1_62V_125C       0 
EO2X1            151     3249.641     239.281     701014.831    D_CELLS_MOSST_slow_1_62V_125C       0 
EO3X0            103     2849.969     439.375     480990.415    D_CELLS_MOSST_slow_1_62V_125C       0 
EO3X1             33     1318.918      89.217     297026.684    D_CELLS_MOSST_slow_1_62V_125C       0 
EO3X2              2      104.530       7.829      30600.567    D_CELLS_MOSST_slow_1_62V_125C       0 
FAX0              53     2770.034     151.944     323221.207    D_CELLS_MOSST_slow_1_62V_125C       0 
FAX1             234    13668.782     554.230    2963406.877    D_CELLS_MOSST_slow_1_62V_125C       0 
FAX2              73     4713.055     223.353    1176126.720    D_CELLS_MOSST_slow_1_62V_125C       0 
FAX4             415    30621.024    1496.275   11866582.758    D_CELLS_MOSST_slow_1_62V_125C       0 
HAX1              86     2643.984     180.116     361783.547    D_CELLS_MOSST_slow_1_62V_125C       0 
HAX2              16      590.285      38.735     126098.076    D_CELLS_MOSST_slow_1_62V_125C       0 
INX0               1        6.149       0.820        432.869    D_CELLS_MOSST_slow_1_62V_125C       0 
INX1             930     5718.384     612.326    1105510.161    D_CELLS_MOSST_slow_1_62V_125C       0 
INX2              51      470.383      67.330     101367.990    D_CELLS_MOSST_slow_1_62V_125C       0 
INX20              1       95.306      22.113       7151.745    D_CELLS_MOSST_slow_1_62V_125C       0 
INX3              62      953.064     120.463     133513.368    D_CELLS_MOSST_slow_1_62V_125C       0 
INX4              17      313.589      47.090      51399.754    D_CELLS_MOSST_slow_1_62V_125C       0 
INX6               7      150.646      27.323      20987.980    D_CELLS_MOSST_slow_1_62V_125C       0 
INX8              34     1045.296     195.488      73845.058    D_CELLS_MOSST_slow_1_62V_125C       0 
MU2IX1           572    10551.341     865.060    2062223.120    D_CELLS_MOSST_slow_1_62V_125C       0 
MU2X0          15521   334024.337   39582.927   17605241.926    D_CELLS_MOSST_slow_1_62V_125C       0 
MU2X1              1       24.595       1.757       3485.358    D_CELLS_MOSST_slow_1_62V_125C       0 
MU2X2             42     1032.998      98.831     271682.614    D_CELLS_MOSST_slow_1_62V_125C       0 
NA2I1X0          621     7636.810     907.092     897924.186    D_CELLS_MOSST_slow_1_62V_125C       0 
NA2I1X1          214     3289.608     256.293     435601.543    D_CELLS_MOSST_slow_1_62V_125C       0 
NA2I1X2           26      479.606      46.996     110949.796    D_CELLS_MOSST_slow_1_62V_125C       0 
NA2I1X4           13      399.672      49.221     174801.766    D_CELLS_MOSST_slow_1_62V_125C       0 
NA2X1           1338    12340.642     871.514    1764374.285    D_CELLS_MOSST_slow_1_62V_125C       0 
NA2X2            279     4288.788     362.588     923831.257    D_CELLS_MOSST_slow_1_62V_125C       0 
NA2X4             44     1352.736     114.360     298287.202    D_CELLS_MOSST_slow_1_62V_125C       0 
NA3I1X0            7      107.604       9.932       8028.722    D_CELLS_MOSST_slow_1_62V_125C       0 
NA3I1X2            8      221.357      14.518      72052.514    D_CELLS_MOSST_slow_1_62V_125C       0 
NA3I2X1            6      129.125      10.428      28231.148    D_CELLS_MOSST_slow_1_62V_125C       0 
NA3I2X2            2       61.488       4.653      18014.922    D_CELLS_MOSST_slow_1_62V_125C       0 
NA3I2X4            1       49.190       4.781      13951.316    D_CELLS_MOSST_slow_1_62V_125C       0 
NA3X1            213     2619.389     137.759     620912.670    D_CELLS_MOSST_slow_1_62V_125C       0 
NA3X2             24      590.285      31.186     160300.877    D_CELLS_MOSST_slow_1_62V_125C       0 
NA4X1              3       83.009       5.424       1897.684    D_CELLS_MOSST_slow_1_62V_125C       0 
NA5I1X1            2       67.637       4.437       7919.707    D_CELLS_MOSST_slow_1_62V_125C       0 
NA5I3X1            1       33.818       2.649       5826.459    D_CELLS_MOSST_slow_1_62V_125C       0 
NA6I1X1            2       73.786       4.228       7249.504    D_CELLS_MOSST_slow_1_62V_125C       0 
NA6I2X1            1       43.042       2.660       4446.323    D_CELLS_MOSST_slow_1_62V_125C       0 
NA6I3X1            1       36.893       2.535       5613.318    D_CELLS_MOSST_slow_1_62V_125C       0 
NA6X1              2       67.637       3.147       7403.307    D_CELLS_MOSST_slow_1_62V_125C       0 
NO2I1X0            1       12.298       1.562        959.058    D_CELLS_MOSST_slow_1_62V_125C       0 
NO2I1X1         1127    13859.395    1351.505    2593176.455    D_CELLS_MOSST_slow_1_62V_125C       0 
NO2I1X2           11      236.729      20.046      85151.157    D_CELLS_MOSST_slow_1_62V_125C       0 
NO2I1X4           15      461.160      54.987     136000.401    D_CELLS_MOSST_slow_1_62V_125C       0 
NO2X0              8       73.786       6.355        620.592    D_CELLS_MOSST_slow_1_62V_125C       0 
NO2X1           1999    18437.177    1310.219    2695028.335    D_CELLS_MOSST_slow_1_62V_125C       0 
NO2X2            346     5318.712     452.592    1112786.488    D_CELLS_MOSST_slow_1_62V_125C       0 
NO2X4             56     1549.498     151.040     387728.934    D_CELLS_MOSST_slow_1_62V_125C       0 
NO3I1X0            5       76.860       6.969       4547.088    D_CELLS_MOSST_slow_1_62V_125C       0 
NO3I1X1            5       92.232       5.740      27205.527    D_CELLS_MOSST_slow_1_62V_125C       0 
NO3X0              7       86.083       4.384       2913.847    D_CELLS_MOSST_slow_1_62V_125C       0 
NO3X1             19      292.068      11.431      36240.788    D_CELLS_MOSST_slow_1_62V_125C       0 
NO3X2              6      147.571       7.185      34285.488    D_CELLS_MOSST_slow_1_62V_125C       0 
NO3X4              1       39.967       2.435      12770.782    D_CELLS_MOSST_slow_1_62V_125C       0 
NO4I1X1            1       30.744       2.488       2688.315    D_CELLS_MOSST_slow_1_62V_125C       0 
NO4I2X1            1       30.744       2.141       1940.244    D_CELLS_MOSST_slow_1_62V_125C       0 
NO4X2              3       92.232       6.345      10952.314    D_CELLS_MOSST_slow_1_62V_125C       0 
NO5I2X1            2       67.637       3.993       1320.312    D_CELLS_MOSST_slow_1_62V_125C       0 
NO5I3X1            2       67.637       3.867       7455.272    D_CELLS_MOSST_slow_1_62V_125C       0 
NO6I4X1            2       86.083       5.530       8820.879    D_CELLS_MOSST_slow_1_62V_125C       0 
OA21X0            26      399.672      42.294      50157.724    D_CELLS_MOSST_slow_1_62V_125C       0 
OA21X1             4       73.786       4.139      15856.231    D_CELLS_MOSST_slow_1_62V_125C       0 
OA21X2            34      731.707      53.087     180590.256    D_CELLS_MOSST_slow_1_62V_125C       0 
OA21X4             1       27.670       3.251       6631.406    D_CELLS_MOSST_slow_1_62V_125C       0 
OA22X0             4       73.786       8.119        976.159    D_CELLS_MOSST_slow_1_62V_125C       0 
OA22X1             8      172.166       9.455      24785.448    D_CELLS_MOSST_slow_1_62V_125C       0 
OA22X2            10      245.952      18.046      82802.348    D_CELLS_MOSST_slow_1_62V_125C       0 
OA32X0             1       21.521       2.105       1250.902    D_CELLS_MOSST_slow_1_62V_125C       0 
ON211X0            2       30.744       1.548        509.997    D_CELLS_MOSST_slow_1_62V_125C       0 
ON21X0           140     1721.664     117.325     138318.067    D_CELLS_MOSST_slow_1_62V_125C       0 
ON21X1           275     4227.300     231.453     632549.667    D_CELLS_MOSST_slow_1_62V_125C       0 
ON221X0           35      645.624      34.362      42160.101    D_CELLS_MOSST_slow_1_62V_125C       0 
ON222X0            2       43.042       2.381        517.122    D_CELLS_MOSST_slow_1_62V_125C       0 
ON22X0            16      245.952      15.740      16001.987    D_CELLS_MOSST_slow_1_62V_125C       0 
ON22X1           260     4796.064     289.922     686545.089    D_CELLS_MOSST_slow_1_62V_125C       0 
ON22X4             4      135.274      17.326      40888.296    D_CELLS_MOSST_slow_1_62V_125C       0 
ON31X1             3       55.339       2.793       7392.703    D_CELLS_MOSST_slow_1_62V_125C       0 
ON31X4             1       33.818       4.234      14635.833    D_CELLS_MOSST_slow_1_62V_125C       0 
ON321X0            1       21.521       0.873        391.645    D_CELLS_MOSST_slow_1_62V_125C       0 
OR2X1            560     6886.656     670.338     872884.986    D_CELLS_MOSST_slow_1_62V_125C       0 
OR2X2             36      553.392      66.428     238212.337    D_CELLS_MOSST_slow_1_62V_125C       0 
OR2X4              5      122.976      18.805      63261.413    D_CELLS_MOSST_slow_1_62V_125C       0 
OR3X0              6       92.232      11.235       1808.304    D_CELLS_MOSST_slow_1_62V_125C       0 
OR3X1              1       18.446       1.131       2996.901    D_CELLS_MOSST_slow_1_62V_125C       0 
SDFRQX0        14138   912783.211   89798.921  147177355.380    D_CELLS_MOSST_slow_1_62V_125C       0 
SDFRQX1           25     1767.780     147.260     417661.515    D_CELLS_MOSST_slow_1_62V_125C       0 
SDFRQX2         1643   116178.502    9859.983   29990333.817    D_CELLS_MOSST_slow_1_62V_125C       0 
SDFRQX4          162    13447.426    1159.745    4061431.684    D_CELLS_MOSST_slow_1_62V_125C       0 
SDFRRSQX1          2      166.018       9.257      30458.007    D_CELLS_MOSST_slow_1_62V_125C       0 
SDFRX0            12      811.642      76.251     145057.547    D_CELLS_MOSST_slow_1_62V_125C       0 
SDFRX1             6      442.714      35.359      88335.362    D_CELLS_MOSST_slow_1_62V_125C       0 
SDFRX2             4      307.440      25.360      62463.741    D_CELLS_MOSST_slow_1_62V_125C       0 
------------------------------------------------------------------------------------------------------
total          53445  1765649.441  169633.313  248541119.722                                  


                                              Leakage  Leakage    Internal   Internal 
     Type      Instances     Area    Area % Power (nW) Power %   Power (nW)   Power % 
--------------------------------------------------------------------------------------
sequential         15992 1045904.731   59.2 101112.137    59.6 181973097.053     73.2 
inverter            1103    8752.817    0.5   1092.953     0.6   1494208.926      0.6 
buffer                 4      95.306    0.0     15.818     0.0      3916.544      0.0 
logic              36346  710896.586   40.3  67412.405    39.7  65069897.199     26.2 
physical_cells         0       0.000    0.0      0.000     0.0         0.000      0.0 
--------------------------------------------------------------------------------------
total              53445 1765649.441  100.0 169633.313   100.0 248541119.722    100.0 

