============================================================
  Generated by:           Genus(TM) Synthesis Solution GENUS15.22 - 15.20-s024_1
  Generated on:           May 19 2025  10:24:39 pm
  Module:                 USFFT64_2B
  Interconnect mode:      global
  Area mode:              physical library
============================================================

                              Library         Leakage     Dynamic        Total     
           Instance            Domain Cells  Power(nW)   Power(nW)     Power(nW)   
-----------------------------------------------------------------------------------
USFFT64_2B                       0    50047 166818.110 224014034.615 224180852.725 
  U_BUF2_URAM                    0    12231  44863.199  40884978.996  40929842.195 
  U_BUF1_URAM                    0    10914  39933.345  36976926.338  37016859.683 
  U_FFT2                         0     5450  14188.287  31264224.815  31278413.101 
    UMI_csa_tr.._82_30_groupi    0      127    203.247    963076.004    963279.251 
    UMR_csa_tr.._82_30_groupi    0      127    203.247    936238.983    936442.230 
  U_FFT1                         0     4806  12626.994  26867556.690  26880183.685 
    UMI_csa_tr.._82_30_groupi    0      120    182.998    841473.631    841656.629 
    UMR_csa_tr.._82_30_groupi    0      120    182.998    815057.305    815240.302 
  U_MPU_mul_108_17               0      630   1053.593   4829693.164   4830746.757 
  U_MPU_mul_110_17               0      630   1053.593   5219161.942   5220215.534 
  U_MPU_mul_107_19               0      629   1052.273   4776842.128   4777894.400 
  U_MPU_mul_109_17               0      629   1052.273   5349644.575   5350696.847 

