============================================================
  Generated by:           Genus(TM) Synthesis Solution GENUS15.22 - 15.20-s024_1
  Generated on:           May 19 2025  10:24:39 pm
  Module:                 USFFT64_2B
  Interconnect mode:      global
  Area mode:              physical library
============================================================


Path 1: MET (0 ps) Setup Check with Pin U_MPU_dii_reg[17]/C->D
           View: worst_view
          Group: clk
     Startpoint: (R) U_MPU_wid_reg[3]/C
          Clock: (R) clk
       Endpoint: (F) U_MPU_dii_reg[17]/D
          Clock: (R) clk

                     Capture       Launch     
        Clock Edge:+   10000            0     
       Src Latency:+       0            0     
       Net Latency:+       0 (I)        0 (I) 
           Arrival:=   10000            0     
                                              
             Setup:-     527                  
       Uncertainty:-     400                  
     Required Time:=    9073                  
      Launch Clock:-       0                  
         Data Path:-    9073                  
             Slack:=       0                  

#--------------------------------------------------------------------------------------------------
#          Timing Point            Flags    Arc   Edge   Cell     Fanout  Load Trans Delay Arrival 
#                                                                         (fF)  (ps)  (ps)   (ps)  
#--------------------------------------------------------------------------------------------------
  U_MPU_wid_reg[3]/C               -       -      R     (arrival)  15992     -     0     -       0 
  U_MPU_wid_reg[3]/Q               -       C->Q   F     SDFRQX2        4  48.1   262   496     496 
  U_MPU_mul_110_17/g7743/Q         -       A->Q   R     INX4          22 128.5   255   199     696 
  U_MPU_mul_110_17/g7727/Q         -       A->Q   F     INX2          14  79.6   279   214     910 
  U_MPU_mul_110_17/g7845/Q         -       D->Q   F     AO22X2         4  42.5   200   391    1301 
  U_MPU_mul_110_17/g7373/Q         -       A->Q   R     NO2X4          3  24.6   180   138    1439 
  U_MPU_mul_110_17/g7361/Q         -       A->Q   F     INX3          16  76.7   205   164    1603 
  U_MPU_mul_110_17/g7259/Q         -       A->Q   R     ON22X1         1  19.1   537   264    1867 
  U_MPU_mul_110_17/cdnfadd_008_1/S (p)     B->S   R     FAX4           1  18.0   128   762    2629 
  U_MPU_mul_110_17/cdnfadd_008_2/S (p)     CI->S  R     FAX4           2   9.6   104   621    3250 
  U_MPU_mul_110_17/g7839/Q         -       A->Q   R     AO22X2         1   6.5   105   260    3510 
  U_MPU_mul_110_17/g7838/Q         -       C->Q   R     AO21X4         1   7.6    82   137    3647 
  U_MPU_mul_110_17/g7837/Q         -       AN->Q  R     NO3I2X2        1   8.6   234   184    3831 
  U_MPU_mul_110_17/g7112/Q         -       A->Q   F     NO2X2          1  10.9    94    80    3911 
  U_MPU_mul_110_17/g7108/Q         -       B->Q   R     NA2X2          1   7.8   118   100    4011 
  U_MPU_mul_110_17/g7100/Q         -       B->Q   F     AN21X1         1   8.6   168   138    4149 
  U_MPU_mul_110_17/g7076/Q         -       A->Q   R     NO2X2          1   8.6   155   116    4264 
  U_MPU_mul_110_17/g7073/Q         -       A->Q   F     NO2X2          2  18.3   113    89    4354 
  U_MPU_mul_110_17/g7059/Q         -       A->Q   R     NO2X4          1  14.1   140    96    4450 
  U_MPU_mul_110_17/g7052/Q         -       A->Q   F     NO2X4          2  18.3    76    64    4514 
  U_MPU_mul_110_17/g7049/Q         -       A->Q   R     NO2X4          1  14.1   133    88    4602 
  U_MPU_mul_110_17/g7047/Q         -       A->Q   F     NO2X4          2  18.3    78    63    4665 
  U_MPU_mul_110_17/g7045/Q         -       A->Q   R     NO2X4          1  14.1   134    88    4754 
  U_MPU_mul_110_17/g7043/Q         -       A->Q   F     NO2X4          1  17.9    78    63    4816 
  U_MPU_mul_110_17/g7041/CO        -       CI->CO F     FAX2           2  18.3   149   329    5145 
  U_MPU_mul_110_17/g7039/Q         -       A->Q   R     NO2X4          1  14.1   141   104    5250 
  U_MPU_mul_110_17/g7037/Q         -       A->Q   F     NO2X4          2  18.3    78    64    5314 
  U_MPU_mul_110_17/g7035/Q         -       A->Q   R     NO2X4          1   8.6   122    76    5391 
  U_MPU_mul_110_17/g7033/Q         -       A->Q   F     NO2X2          1  17.9   114    81    5472 
  U_MPU_mul_110_17/g7031/CO        -       CI->CO F     FAX2           2  12.8   124   316    5788 
  U_MPU_mul_110_17/g7029/Q         -       A->Q   R     NO2X2          1   8.6   148   106    5894 
  U_MPU_mul_110_17/g7027/Q         -       A->Q   F     NO2X2          2  21.7   133    94    5988 
  U_MPU_mul_110_17/g7025/Q         -       A->Q   R     NO2X4          1  14.1   141   101    6089 
  U_MPU_mul_110_17/g7023/Q         -       A->Q   F     NO2X4          1  17.9   112    64    6153 
  U_MPU_mul_110_17/g7021/CO        -       CI->CO F     FAX2           2  16.2   139   329    6481 
  U_MPU_mul_110_17/g7019/Q         -       A->Q   R     NO2X2          1   8.6   157   109    6590 
  U_MPU_mul_110_17/g7017/Q         -       A->Q   F     NO2X2          1  17.9   123    89    6679 
  U_MPU_mul_110_17/g7015/CO        -       CI->CO F     FAX2           1  17.9   147   337    7016 
  U_MPU_mul_110_17/g7013/CO        -       CI->CO F     FAX2           1  17.9   147   342    7358 
  U_MPU_mul_110_17/g7011/CO        -       CI->CO F     FAX2           1  17.9   147   342    7700 
  U_MPU_mul_110_17/g7009/CO        -       CI->CO F     FAX2           2  16.2   139   336    8036 
  U_MPU_mul_110_17/g7007/Q         -       A->Q   R     NO2X2          1   8.6   157   109    8145 
  U_MPU_mul_110_17/g7005/Q         -       A->Q   F     NO2X2          2  16.2   119    85    8230 
  U_MPU_mul_110_17/g7003/Q         -       A->Q   R     NO2X2          1   8.6   157   104    8334 
  U_MPU_mul_110_17/g7001/Q         -       A->Q   F     NO2X2          2  16.1   118    85    8420 
  U_MPU_mul_110_17/g7821/Q         -       A->Q   F     EO2X1          1   5.2   203   270    8690 
  g7387/Q                          -       IN0->Q F     MU2X0          1   5.5   249   383    9073 
  U_MPU_dii_reg[17]/D              <<<     -      F     SDFRQX0        1     -     -     0    9073 
#--------------------------------------------------------------------------------------------------

(p) : Instance is preserved but may be resized

