============================================================
  Generated by:           Genus(TM) Synthesis Solution GENUS15.22 - 15.20-s024_1
  Generated on:           May 19 2025  10:25:00 pm
  Module:                 USFFT64_2B
  Interconnect mode:      global
  Area mode:              physical library
============================================================

                                  Leakage      Internal                                     Library 
  Gate   Instances     Area      Power (nW)   Power (nW)                Library              Domain 
----------------------------------------------------------------------------------------------------
AN211X0          8      122.976       6.078       4353.507    D_CELLS_MOSST_slow_1_62V_125C       0 
AN211X1         12      221.357       9.907      15188.957    D_CELLS_MOSST_slow_1_62V_125C       0 
AN21X1         186     2287.354     152.332     292865.227    D_CELLS_MOSST_slow_1_62V_125C       0 
AN221X0       2306    42537.398    2196.370     319638.382    D_CELLS_MOSST_slow_1_62V_125C       0 
AN221X1         15      322.812      15.616      32236.790    D_CELLS_MOSST_slow_1_62V_125C       0 
AN222X0         78     1678.622      89.755      63367.483    D_CELLS_MOSST_slow_1_62V_125C       0 
AN22X1        2458    37784.376    2706.927     465142.648    D_CELLS_MOSST_slow_1_62V_125C       0 
AN31X1           2       30.744       1.695       1665.792    D_CELLS_MOSST_slow_1_62V_125C       0 
AN321X0          2       43.042       2.127       1422.719    D_CELLS_MOSST_slow_1_62V_125C       0 
AND2X1         383     4709.981     348.635     194041.181    D_CELLS_MOSST_slow_1_62V_125C       0 
AND2X2           7      129.125      10.494       8558.169    D_CELLS_MOSST_slow_1_62V_125C       0 
AND2X4           8      221.357      25.735      86705.013    D_CELLS_MOSST_slow_1_62V_125C       0 
AND3X1           9      138.348       7.232       2675.753    D_CELLS_MOSST_slow_1_62V_125C       0 
AND4X1           3       73.786       3.877       3606.563    D_CELLS_MOSST_slow_1_62V_125C       0 
AND5X1           1       27.670       1.155       3047.727    D_CELLS_MOSST_slow_1_62V_125C       0 
AND6X1         851    26163.144     884.150     919574.093    D_CELLS_MOSST_slow_1_62V_125C       0 
AO211X0          5       92.232      10.021       5341.008    D_CELLS_MOSST_slow_1_62V_125C       0 
AO21X0          24      368.928      46.935      27170.766    D_CELLS_MOSST_slow_1_62V_125C       0 
AO21X1          31      571.838      35.719      60989.686    D_CELLS_MOSST_slow_1_62V_125C       0 
AO21X2          11      270.547      19.939      35198.236    D_CELLS_MOSST_slow_1_62V_125C       0 
AO21X4           4      110.678      14.055      38501.784    D_CELLS_MOSST_slow_1_62V_125C       0 
AO221X0        210     4519.368     454.582     354712.162    D_CELLS_MOSST_slow_1_62V_125C       0 
AO221X1          6      147.571       7.320      12655.559    D_CELLS_MOSST_slow_1_62V_125C       0 
AO221X2          1       33.818       1.949       5970.840    D_CELLS_MOSST_slow_1_62V_125C       0 
AO221X4          1       36.893       3.690       5822.953    D_CELLS_MOSST_slow_1_62V_125C       0 
AO222X0        164     4033.613     385.267     400461.722    D_CELLS_MOSST_slow_1_62V_125C       0 
AO22X0        2477    45691.733    4924.883     381203.102    D_CELLS_MOSST_slow_1_62V_125C       0 
AO22X1          12      258.250      14.636      25565.609    D_CELLS_MOSST_slow_1_62V_125C       0 
AO22X2          24      664.070      43.890      86846.347    D_CELLS_MOSST_slow_1_62V_125C       0 
AO22X4           4      122.976      14.009      19728.960    D_CELLS_MOSST_slow_1_62V_125C       0 
AO321X0          4       98.381       8.779       4501.642    D_CELLS_MOSST_slow_1_62V_125C       0 
AO32X0          12      258.250      22.871       9209.203    D_CELLS_MOSST_slow_1_62V_125C       0 
BUX1            10      122.976      11.895      11410.985    D_CELLS_MOSST_slow_1_62V_125C       0 
BUX2            23      353.556      49.155      57248.247    D_CELLS_MOSST_slow_1_62V_125C       0 
BUX20            1       98.381      21.970      14294.216    D_CELLS_MOSST_slow_1_62V_125C       0 
BUX4             2       49.190       8.537       6956.354    D_CELLS_MOSST_slow_1_62V_125C       0 
EN2X0          373     5733.756     519.325     596867.309    D_CELLS_MOSST_slow_1_62V_125C       0 
EN2X1           55     1183.644      80.546     179769.219    D_CELLS_MOSST_slow_1_62V_125C       0 
EN2X2            4      135.274      10.383      15500.952    D_CELLS_MOSST_slow_1_62V_125C       0 
EN3X0          122     3375.691     438.584     412303.983    D_CELLS_MOSST_slow_1_62V_125C       0 
EN3X1           75     2997.540     197.830     407026.894    D_CELLS_MOSST_slow_1_62V_125C       0 
EO2X0          218     3351.096     449.749     335082.776    D_CELLS_MOSST_slow_1_62V_125C       0 
EO2X1           73     1571.018     115.679     209671.620    D_CELLS_MOSST_slow_1_62V_125C       0 
EO3X0           77     2130.559     328.465     244115.200    D_CELLS_MOSST_slow_1_62V_125C       0 
EO3X1           76     3037.507     205.470     405738.225    D_CELLS_MOSST_slow_1_62V_125C       0 
FAX0           544    28432.051    1559.575    2539221.744    D_CELLS_MOSST_slow_1_62V_125C       0 
FAX1           599    34989.746    1418.734    4867237.221    D_CELLS_MOSST_slow_1_62V_125C       0 
FAX2            74     4777.618     226.412     877946.685    D_CELLS_MOSST_slow_1_62V_125C       0 
FAX4           311    22947.322    1121.305    6478966.160    D_CELLS_MOSST_slow_1_62V_125C       0 
HAX1           103     3166.632     215.720     320869.270    D_CELLS_MOSST_slow_1_62V_125C       0 
HAX2            16      590.285      38.735      84415.668    D_CELLS_MOSST_slow_1_62V_125C       0 
INX1          1536     9444.557    1011.325    1627115.953    D_CELLS_MOSST_slow_1_62V_125C       0 
INX2            55      507.276      72.611      72791.071    D_CELLS_MOSST_slow_1_62V_125C       0 
INX20            3      285.919      66.338      21668.935    D_CELLS_MOSST_slow_1_62V_125C       0 
INX3            38      584.136      73.832      62150.848    D_CELLS_MOSST_slow_1_62V_125C       0 
INX4             8      147.571      22.160      16295.911    D_CELLS_MOSST_slow_1_62V_125C       0 
INX8            24      737.856     137.991      29139.802    D_CELLS_MOSST_slow_1_62V_125C       0 
MU2IX1         438     8079.523     662.406    1167616.357    D_CELLS_MOSST_slow_1_62V_125C       0 
MU2X0        15548   334605.398   39651.785   12056334.578    D_CELLS_MOSST_slow_1_62V_125C       0 
MU2X2           22      541.094      51.769      94174.944    D_CELLS_MOSST_slow_1_62V_125C       0 
NA2I1X0        368     4525.517     537.536     351669.744    D_CELLS_MOSST_slow_1_62V_125C       0 
NA2I1X1        101     1552.572     120.961     135048.118    D_CELLS_MOSST_slow_1_62V_125C       0 
NA2I1X2         11      202.910      19.883      27513.161    D_CELLS_MOSST_slow_1_62V_125C       0 
NA2I1X4          4      122.976      15.145      21860.879    D_CELLS_MOSST_slow_1_62V_125C       0 
NA2X1          555     5118.876     361.503     467268.568    D_CELLS_MOSST_slow_1_62V_125C       0 
NA2X2           56      860.832      72.778     122728.308    D_CELLS_MOSST_slow_1_62V_125C       0 
NA2X4            8      245.952      20.793      14864.848    D_CELLS_MOSST_slow_1_62V_125C       0 
NA3I1X0          9      138.348      12.770       3299.436    D_CELLS_MOSST_slow_1_62V_125C       0 
NA3X1          190     2336.544     122.884     412548.889    D_CELLS_MOSST_slow_1_62V_125C       0 
NA4X1            4      110.678       7.233       2657.927    D_CELLS_MOSST_slow_1_62V_125C       0 
NA5I2X1          1       33.818       2.567       2899.663    D_CELLS_MOSST_slow_1_62V_125C       0 
NA5I3X1          1       33.818       2.649       3770.086    D_CELLS_MOSST_slow_1_62V_125C       0 
NA5X1            1       30.744       1.679       1828.257    D_CELLS_MOSST_slow_1_62V_125C       0 
NA6I3X1          6      221.357      15.207      18755.817    D_CELLS_MOSST_slow_1_62V_125C       0 
NO2I1X0          1       12.298       1.562        630.021    D_CELLS_MOSST_slow_1_62V_125C       0 
NO2I1X1        448     5509.325     537.244     746192.103    D_CELLS_MOSST_slow_1_62V_125C       0 
NO2I1X2          5      107.604       9.112      11880.836    D_CELLS_MOSST_slow_1_62V_125C       0 
NO2I1X4          1       30.744       3.666       4646.760    D_CELLS_MOSST_slow_1_62V_125C       0 
NO2X0            8       73.786       6.355        760.110    D_CELLS_MOSST_slow_1_62V_125C       0 
NO2X1         1152    10625.126     755.063     910836.476    D_CELLS_MOSST_slow_1_62V_125C       0 
NO2X2           96     1475.712     125.575     268464.854    D_CELLS_MOSST_slow_1_62V_125C       0 
NO2X4           64     1770.854     172.617     507695.915    D_CELLS_MOSST_slow_1_62V_125C       0 
NO3I1X0          7      107.604       9.756       2609.461    D_CELLS_MOSST_slow_1_62V_125C       0 
NO3I2X2          4      135.274       8.894      38141.103    D_CELLS_MOSST_slow_1_62V_125C       0 
NO3X0           10      122.976       6.262       3744.619    D_CELLS_MOSST_slow_1_62V_125C       0 
NO4I1X1          2       61.488       4.975       4822.111    D_CELLS_MOSST_slow_1_62V_125C       0 
NO4X2            2       61.488       4.230       2893.443    D_CELLS_MOSST_slow_1_62V_125C       0 
NO5I1X1          2       67.637       4.708       4882.173    D_CELLS_MOSST_slow_1_62V_125C       0 
NO5I2X1          2       67.637       3.993        915.314    D_CELLS_MOSST_slow_1_62V_125C       0 
NO5I3X1          3      101.455       5.800       7102.323    D_CELLS_MOSST_slow_1_62V_125C       0 
NO6I1X0          1       39.967       3.762       1461.604    D_CELLS_MOSST_slow_1_62V_125C       0 
NO6I2X0          3      119.902      10.495       4627.017    D_CELLS_MOSST_slow_1_62V_125C       0 
NO6I3X0          1       43.042       4.265       3539.581    D_CELLS_MOSST_slow_1_62V_125C       0 
NO6X0            2       67.637       4.017       3469.828    D_CELLS_MOSST_slow_1_62V_125C       0 
OA21X0          23      353.556      37.414      30081.713    D_CELLS_MOSST_slow_1_62V_125C       0 
OA21X1          15      276.696      15.520      49213.962    D_CELLS_MOSST_slow_1_62V_125C       0 
OA21X2          26      559.541      40.596     128235.004    D_CELLS_MOSST_slow_1_62V_125C       0 
OA221X2          2       55.339       3.124      11820.224    D_CELLS_MOSST_slow_1_62V_125C       0 
OA222X1          4      110.678       4.958       5805.731    D_CELLS_MOSST_slow_1_62V_125C       0 
OA22X0           6      110.678      12.178       5553.404    D_CELLS_MOSST_slow_1_62V_125C       0 
OA22X2           8      196.762      14.437      20920.029    D_CELLS_MOSST_slow_1_62V_125C       0 
ON211X0          1       15.372       0.774        221.313    D_CELLS_MOSST_slow_1_62V_125C       0 
ON211X1          4       73.786       3.116       9787.112    D_CELLS_MOSST_slow_1_62V_125C       0 
ON21X0         136     1672.474     113.973      92242.220    D_CELLS_MOSST_slow_1_62V_125C       0 
ON21X1          60      922.320      50.499     101954.199    D_CELLS_MOSST_slow_1_62V_125C       0 
ON221X0         40      737.856      39.270      29745.113    D_CELLS_MOSST_slow_1_62V_125C       0 
ON221X1          6      147.571       6.210      19637.508    D_CELLS_MOSST_slow_1_62V_125C       0 
ON222X0          1       21.521       1.191        405.917    D_CELLS_MOSST_slow_1_62V_125C       0 
ON22X0         182     2797.704     179.042     155581.165    D_CELLS_MOSST_slow_1_62V_125C       0 
ON22X1         257     4740.725     286.577     512799.095    D_CELLS_MOSST_slow_1_62V_125C       0 
ON311X1          2       36.893       1.716       9693.287    D_CELLS_MOSST_slow_1_62V_125C       0 
ON31X0           3       46.116       2.287       1914.892    D_CELLS_MOSST_slow_1_62V_125C       0 
ON31X1          18      332.035      16.756      33862.648    D_CELLS_MOSST_slow_1_62V_125C       0 
ON321X0          1       21.521       0.873        598.351    D_CELLS_MOSST_slow_1_62V_125C       0 
ON32X0           2       36.893       1.777        302.796    D_CELLS_MOSST_slow_1_62V_125C       0 
OR2X1          363     4464.029     434.523     238666.869    D_CELLS_MOSST_slow_1_62V_125C       0 
OR2X2            9      138.348      16.607      12283.948    D_CELLS_MOSST_slow_1_62V_125C       0 
OR3X0            7      107.604      13.108       1415.214    D_CELLS_MOSST_slow_1_62V_125C       0 
OR4X1            1       24.595       1.708       1372.699    D_CELLS_MOSST_slow_1_62V_125C       0 
OR5X1            1       27.670       1.554       1170.137    D_CELLS_MOSST_slow_1_62V_125C       0 
OR6X1            1       33.818       2.180       3165.141    D_CELLS_MOSST_slow_1_62V_125C       0 
SDFRQX0      15056   972051.494   95629.690  107535931.642    D_CELLS_MOSST_slow_1_62V_125C       0 
SDFRQX1          2      141.422      11.781      20738.480    D_CELLS_MOSST_slow_1_62V_125C       0 
SDFRQX2        895    63286.524    5371.080   11688915.797    D_CELLS_MOSST_slow_1_62V_125C       0 
SDFRQX4         26     2158.229     186.132     374105.808    D_CELLS_MOSST_slow_1_62V_125C       0 
SDFRX0          13      879.278      82.606     102509.510    D_CELLS_MOSST_slow_1_62V_125C       0 
----------------------------------------------------------------------------------------------------
total        50047  1740463.956  166818.110  162416580.989                                  


                                              Leakage  Leakage    Internal   Internal 
     Type      Instances     Area    Area % Power (nW) Power %   Power (nW)   Power % 
--------------------------------------------------------------------------------------
sequential         15992 1038516.948   59.7 101281.288    60.7 119722201.238     73.7 
inverter            1664   11707.315    0.7   1384.258     0.8   1829162.520      1.1 
buffer                36     624.103    0.0     91.557     0.1     89909.803      0.1 
logic              32355  689615.590   39.6  64061.007    38.4  40775307.428     25.1 
physical_cells         0       0.000    0.0      0.000     0.0         0.000      0.0 
--------------------------------------------------------------------------------------
total              50047 1740463.956  100.0 166818.110   100.0 162416580.989    100.0 

