Command: report datapath > reports_USFFT64_2B/reports_worst/USFFT64_2B_datapath_incr.log
============================================================
  Generated by:           Genus(TM) Synthesis Solution GENUS15.22 - 15.20-s024_1
  Generated on:           May 19 2025  10:25:00 pm
  Module:                 USFFT64_2B
  Interconnect mode:      global
  Area mode:              physical library
============================================================


Inferred components

                 Operator   Signedness   Inputs   Outputs CellArea 
===================================================================
USFFT64_2B
 U_FFT1
  UMI_csa_tree_add_82_30_groupi
   
   module:csa_tree_add_82_30_group_788_789
    very_fast csa_and_adder            9x14x22x19 22       3083.62 
===================================================================
USFFT64_2B
 U_FFT1
  UMR_csa_tree_add_82_30_groupi
   
   module:csa_tree_add_82_30_group_788_789_1
    very_fast csa_and_adder            9x14x22x19 22       3083.62 
-------------------------------------------------------------------
    add_82_30       +       signed     23x9       22               
    add_82_21       +       signed     23x14      23               
    add_87_23       +       signed     22x19      23               
===================================================================
USFFT64_2B
 U_FFT2
  UMI_csa_tree_add_82_30_groupi
   
   module:csa_tree_add_82_30_group_784_785
    very_fast csa_and_adder            11x16x24x2 24       3498.67 
                                       1                           
===================================================================
USFFT64_2B
 U_FFT2
  UMR_csa_tree_add_82_30_groupi
   
   module:csa_tree_add_82_30_group_784_785_1
    very_fast csa_and_adder            11x16x24x2 24       3498.67 
                                       1                           
-------------------------------------------------------------------
    add_82_30       +       signed     25x11      24               
    add_82_21       +       signed     25x16      25               
    add_87_23       +       signed     24x21      25               
===================================================================
USFFT64_2B
 U_MPU_mul_107_19
  
  module:mult_signed
   timing_driven/booth
                    *       signed     18x15      33      15642.55 
===================================================================
USFFT64_2B
 U_MPU_mul_108_17
  
  module:mult_signed_615
   timing_driven/booth
                    *       signed     18x15      33      15651.77 
===================================================================
USFFT64_2B
 U_MPU_mul_109_17
  
  module:mult_signed_616
   timing_driven/booth
                    *       signed     18x15      33      15642.55 
===================================================================
USFFT64_2B
 U_MPU_mul_110_17
  
  module:mult_signed_614
   timing_driven/booth
                    *       signed     18x15      33      15651.77 
===================================================================

      Type        CellArea  Percentage 
---------------------------------------
datapath modules   75753.22       4.35 
external muxes         0.00       0.00 
others           1664710.74      95.65 
---------------------------------------
total            1740463.96     100.00 

