============================================================
  Generated by:           Genus(TM) Synthesis Solution GENUS15.22 - 15.20-s024_1
  Generated on:           May 21 2025  04:34:27 pm
  Module:                 USFFT64_2B
  Interconnect mode:      global
  Area mode:              physical library
============================================================


Path 1: MET (3333 ps) Late External Delay Assertion at pin DOI[5]
           View: best_view
          Group: clk
     Startpoint: (R) Ubuf3_URAM_read_addra_reg[0]/C
          Clock: (R) clk
       Endpoint: (F) DOI[5]
          Clock: (R) clk

                     Capture       Launch     
        Clock Edge:+    6670            0     
       Src Latency:+       0            0     
       Net Latency:+       0 (I)        0 (I) 
           Arrival:=    6670            0     
                                              
      Output Delay:-     500                  
       Uncertainty:-     400                  
     Required Time:=    5770                  
      Launch Clock:-       0                  
         Data Path:-    2437                  
             Slack:=    3333                  

#-----------------------------------------------------------------------------------------------
#         Timing Point           Flags   Arc   Edge   Cell     Fanout  Load Trans Delay Arrival 
#                                                                      (fF)  (ps)  (ps)   (ps)  
#-----------------------------------------------------------------------------------------------
  Ubuf3_URAM_read_addra_reg[0]/C -       -     R     (arrival)  15992     -     0     -       0 
  Ubuf3_URAM_read_addra_reg[0]/Q -       C->Q  R     SDFRQX0        6  26.5   493   488     488 
  Ubuf3_URAM_g60973/Q            -       AN->Q R     NA2I1X0        2   8.7   226   174     662 
  Ubuf3_URAM_g60961/Q            -       A->Q  R     OR2X1         11  67.6   420   292     954 
  Ubuf3_URAM_g60949/Q            -       A->Q  F     INX1           6  29.1   167   119    1073 
  Ubuf3_URAM_g61056/Q            -       B->Q  F     AND2X1        38 175.8   542   437    1510 
  Ubuf3_URAM_g60138/Q            -       A->Q  F     AO22X0         1   4.8    96   296    1806 
  Ubuf3_URAM_g58828/Q            -       E->Q  R     AN221X0        1   5.1   355   185    1990 
  Ubuf3_URAM_g58297/Q            -       D->Q  R     AND6X1         1   5.1    89   153    2143 
  Ubuf3_URAM_g58160/Q            -       A->Q  R     AND6X1         1   5.1    89   124    2267 
  Ubuf3_URAM_g58077/Q            -       A->Q  R     AND6X1         1   6.5   100   130    2396 
  Ubuf3_URAM_g58043/Q            -       A->Q  F     NA3X1          1   3.3    58    41    2437 
  DOI[5]                         <<<     -     F     (port)         -     -     -     0    2437 
#-----------------------------------------------------------------------------------------------

