Command: report datapath > reports_May21-16:20:10_USFFT64_2B/reports_best/USFFT64_2B_datapath.rpt
============================================================
  Generated by:           Genus(TM) Synthesis Solution GENUS15.22 - 15.20-s024_1
  Generated on:           May 21 2025  04:34:39 pm
  Module:                 USFFT64_2B
  Interconnect mode:      global
  Area mode:              physical library
============================================================


Inferred components

                 Operator   Signedness   Inputs   Outputs CellArea 
===================================================================
USFFT64_2B
 U_FFT1
  UMI_csa_tree_add_82_30_groupi
   
   module:csa_tree_add_82_30_group_788_789
    very_fast csa_and_adder            9x14x22x19 22       3492.52 
===================================================================
USFFT64_2B
 U_FFT1
  UMR_csa_tree_add_82_30_groupi
   
   module:csa_tree_add_82_30_group_788_789_1
    very_fast csa_and_adder            9x14x22x19 22       3492.52 
-------------------------------------------------------------------
    add_82_30       +       signed     23x9       22               
    add_82_21       +       signed     23x14      23               
    add_87_23       +       signed     22x19      23               
===================================================================
USFFT64_2B
 U_FFT2
  UMI_csa_tree_add_82_30_groupi
   
   module:csa_tree_add_82_30_group_784_785
    very_fast csa_and_adder            11x16x24x2 24       3809.18 
                                       1                           
===================================================================
USFFT64_2B
 U_FFT2
  UMR_csa_tree_add_82_30_groupi
   
   module:csa_tree_add_82_30_group_784_785_1
    very_fast csa_and_adder            11x16x24x2 24       3818.40 
                                       1                           
-------------------------------------------------------------------
    add_82_30       +       signed     25x11      24               
    add_82_21       +       signed     25x16      25               
    add_87_23       +       signed     24x21      25               
===================================================================
USFFT64_2B
 U_MPU_mul_107_19
  
  module:mult_signed
   timing_driven/booth
                    *       signed     18x15      33      17837.67 
===================================================================
USFFT64_2B
 U_MPU_mul_108_17
  
  module:mult_signed_615
   timing_driven/booth
                    *       signed     18x15      33      17810.00 
===================================================================
USFFT64_2B
 U_MPU_mul_109_17
  
  module:mult_signed_616
   timing_driven/booth
                    *       signed     18x15      33      17733.14 
===================================================================
USFFT64_2B
 U_MPU_mul_110_17
  
  module:mult_signed_614
   timing_driven/booth
                    *       signed     18x15      33      17785.40 
===================================================================

      Type        CellArea  Percentage 
---------------------------------------
datapath modules   85778.83       4.86 
external muxes         0.00       0.00 
others           1679870.61      95.14 
---------------------------------------
total            1765649.44     100.00 

