============================================================
  Generated by:           Genus(TM) Synthesis Solution GENUS15.22 - 15.20-s024_1
  Generated on:           May 22 2025  11:32:42 pm
  Module:                 USFFT64_2B
  Interconnect mode:      global
  Area mode:              physical library
============================================================


Path 1: MET (0 ps) Setup Check with Pin U_FFT2/UMI_dx5_reg[20]/C->D
           View: worst_view
          Group: clk
     Startpoint: (R) U_FFT2/s4i_reg[3]/C
          Clock: (R) clk
       Endpoint: (F) U_FFT2/UMI_dx5_reg[20]/D
          Clock: (R) clk

                     Capture       Launch     
        Clock Edge:+    6670            0     
       Src Latency:+       0            0     
       Net Latency:+       0 (I)        0 (I) 
           Arrival:=    6670            0     
                                              
             Setup:-     443                  
       Uncertainty:-     400                  
     Required Time:=    5827                  
      Launch Clock:-       0                  
         Data Path:-    5827                  
             Slack:=       0                  

#----------------------------------------------------------------------------------------------
#         Timing Point          Flags    Arc   Edge   Cell     Fanout Load Trans Delay Arrival 
#                                                                     (fF)  (ps)  (ps)   (ps)  
#----------------------------------------------------------------------------------------------
  U_FFT2/s4i_reg[3]/C           -       -      R     (arrival)  15992    -     0     -       0 
  U_FFT2/s4i_reg[3]/Q           -       C->Q   F     SDFRQX2        8 32.7   215   453     453 
  U_FFT2/UMI_add_75_13_g1358/Q  -       B->Q   F     OR2X1          1  6.9   113   296     750 
  U_FFT2/UMI_add_75_13_g1337/Q  -       B->Q   R     NA2X1          2 10.6   199   150     900 
  U_FFT2/UMI_add_75_13_g1335/Q  -       A->Q   F     NO2X1          1  6.1   105    86     986 
  U_FFT2/UMI_add_75_13_g1333/Q  -       A->Q   R     NO2X1          2 12.0   272   173    1158 
  U_FFT2/UMI_add_75_13_g1331/Q  -       A->Q   F     ON21X1         2 11.1   187   149    1307 
  U_FFT2/UMI_add_75_13_g1329/Q  -       A->Q   R     AN21X1         2 12.0   323   241    1548 
  U_FFT2/UMI_add_75_13_g1327/Q  -       A->Q   F     ON21X1         3 13.5   208   167    1715 
  U_FFT2/UMI_add_75_13_g1324/Q  -       A->Q   R     NA3X1          1  6.2   212   153    1868 
  U_FFT2/UMI_add_75_13_g1323/Q  -       A->Q   F     NA2X1          1 16.2   199   151    2019 
  U_FFT2/UMI_add_75_13_g1321/CO -       CI->CO F     FAX1           2 10.1   159   350    2369 
  U_FFT2/g22985/Q               -       C->Q   F     OA21X2         1  6.1    91   171    2540 
  U_FFT2/UMI_add_75_13_g1317/Q  -       A->Q   R     NO2X1          2 12.0   272   170    2709 
  U_FFT2/UMI_add_75_13_g1315/Q  -       A->Q   F     ON21X1         2 10.3   180   145    2854 
  U_FFT2/g22984/Q               -       C->Q   R     ON21X1         1  6.2   240   133    2987 
  U_FFT2/UMI_add_75_13_g1312/Q  -       A->Q   F     NA2X1          1 16.2   203   155    3142 
  U_FFT2/UMI_add_75_13_g1311/CO -       CI->CO F     FAX1           1  8.7   147   342    3483 
  U_FFT2/UMI_add_75_13_g1310/Q  -       A->Q   R     INX1           2 12.0   126   104    3588 
  U_FFT2/UMI_add_75_13_g1308/Q  -       A->Q   F     ON21X1         2 24.0   300   196    3784 
  U_FFT2/g22824/CO              -       A->CO  F     FAX4           1 16.2   124   447    4232 
  U_FFT2/UMI_add_75_13_g1304/CO -       CI->CO F     FAX1           1  8.7   147   324    4556 
  U_FFT2/UMI_add_75_13_g1303/Q  -       A->Q   R     INX1           2 11.9   125   104    4660 
  U_FFT2/UMI_add_75_13_g1301/Q  -       A->Q   F     ON21X1         1 16.2   242   158    4818 
  U_FFT2/UMI_add_75_13_g1300/CO -       CI->CO F     FAX1           2 14.4   190   384    5202 
  U_FFT2/UMI_add_75_13_g1299/Q  -       A->Q   R     INX1           2 13.4   139   121    5323 
  U_FFT2/UMI_add_75_13_g1298/Q  -       IN0->Q F     MU2IX1         1  5.3   155   125    5448 
  U_FFT2/g21104/Q               -       IN1->Q F     MU2X0          1  5.9   256   379    5827 
  U_FFT2/UMI_dx5_reg[20]/D      <<<     -      F     SDFRQX4        1    -     -     0    5827 
#----------------------------------------------------------------------------------------------

