============================================================
  Generated by:           Genus(TM) Synthesis Solution GENUS15.22 - 15.20-s024_1
  Generated on:           May 15 2025  03:07:53 pm
  Module:                 USFFT64_2B
  Interconnect mode:      global
  Area mode:              physical library
============================================================

                                                                   Library 
   Gate    Instances     Area                  Library              Domain 
---------------------------------------------------------------------------
AN211X1            2       36.893    D_CELLS_MOSST_slow_1_62V_125C       0 
AN211X4            4      135.274    D_CELLS_MOSST_slow_1_62V_125C       0 
AN21X0             6       73.786    D_CELLS_MOSST_slow_1_62V_125C       0 
AN21X1           444     5460.134    D_CELLS_MOSST_slow_1_62V_125C       0 
AN21X2             5      138.348    D_CELLS_MOSST_slow_1_62V_125C       0 
AN21X4             2       61.488    D_CELLS_MOSST_slow_1_62V_125C       0 
AN221X0         2315    42703.416    D_CELLS_MOSST_slow_1_62V_125C       0 
AN221X1           38      817.790    D_CELLS_MOSST_slow_1_62V_125C       0 
AN222X0          108     2324.246    D_CELLS_MOSST_slow_1_62V_125C       0 
AN222X1            5      122.976    D_CELLS_MOSST_slow_1_62V_125C       0 
AN22X1          2384    36646.848    D_CELLS_MOSST_slow_1_62V_125C       0 
AN22X4             1       33.818    D_CELLS_MOSST_slow_1_62V_125C       0 
AN31X1            64      983.808    D_CELLS_MOSST_slow_1_62V_125C       0 
AN31X4             1       33.818    D_CELLS_MOSST_slow_1_62V_125C       0 
AN321X0           35      753.228    D_CELLS_MOSST_slow_1_62V_125C       0 
AN321X1           19      467.309    D_CELLS_MOSST_slow_1_62V_125C       0 
AN321X2            1       36.893    D_CELLS_MOSST_slow_1_62V_125C       0 
AND2X1           808     9936.461    D_CELLS_MOSST_slow_1_62V_125C       0 
AND2X2           247     4556.261    D_CELLS_MOSST_slow_1_62V_125C       0 
AND2X4           237     6557.695    D_CELLS_MOSST_slow_1_62V_125C       0 
AND3X1            15      230.580    D_CELLS_MOSST_slow_1_62V_125C       0 
AND3X2             6      129.125    D_CELLS_MOSST_slow_1_62V_125C       0 
AND3X4             7      236.729    D_CELLS_MOSST_slow_1_62V_125C       0 
AND4X1             1       24.595    D_CELLS_MOSST_slow_1_62V_125C       0 
AND4X2             2       61.488    D_CELLS_MOSST_slow_1_62V_125C       0 
AND5X1            68     1881.533    D_CELLS_MOSST_slow_1_62V_125C       0 
AND6X0            18      553.392    D_CELLS_MOSST_slow_1_62V_125C       0 
AND6X1           771    23703.624    D_CELLS_MOSST_slow_1_62V_125C       0 
AO211X0            8      147.571    D_CELLS_MOSST_slow_1_62V_125C       0 
AO21X0            68     1045.296    D_CELLS_MOSST_slow_1_62V_125C       0 
AO21X1            48      885.427    D_CELLS_MOSST_slow_1_62V_125C       0 
AO21X2            40      983.808    D_CELLS_MOSST_slow_1_62V_125C       0 
AO21X4             4      110.678    D_CELLS_MOSST_slow_1_62V_125C       0 
AO221X0          187     4024.390    D_CELLS_MOSST_slow_1_62V_125C       0 
AO221X1           15      368.928    D_CELLS_MOSST_slow_1_62V_125C       0 
AO221X2           18      608.731    D_CELLS_MOSST_slow_1_62V_125C       0 
AO221X4            2       73.786    D_CELLS_MOSST_slow_1_62V_125C       0 
AO222X0          115     2828.448    D_CELLS_MOSST_slow_1_62V_125C       0 
AO222X1           36      996.106    D_CELLS_MOSST_slow_1_62V_125C       0 
AO222X2            1       33.818    D_CELLS_MOSST_slow_1_62V_125C       0 
AO22X0          2441    45027.662    D_CELLS_MOSST_slow_1_62V_125C       0 
AO22X1            32      688.666    D_CELLS_MOSST_slow_1_62V_125C       0 
AO22X2            91     2517.934    D_CELLS_MOSST_slow_1_62V_125C       0 
AO22X4            10      307.440    D_CELLS_MOSST_slow_1_62V_125C       0 
AO31X0             2       36.893    D_CELLS_MOSST_slow_1_62V_125C       0 
AO31X1             7      150.646    D_CELLS_MOSST_slow_1_62V_125C       0 
AO321X0            7      172.166    D_CELLS_MOSST_slow_1_62V_125C       0 
AO321X1            8      221.357    D_CELLS_MOSST_slow_1_62V_125C       0 
AO321X2            8      245.952    D_CELLS_MOSST_slow_1_62V_125C       0 
AO32X0            13      279.770    D_CELLS_MOSST_slow_1_62V_125C       0 
BUX0              15      184.464    D_CELLS_MOSST_slow_1_62V_125C       0 
BUX1              53      651.773    D_CELLS_MOSST_slow_1_62V_125C       0 
BUX12             12      737.856    D_CELLS_MOSST_slow_1_62V_125C       0 
BUX16              1       83.009    D_CELLS_MOSST_slow_1_62V_125C       0 
BUX2              39      599.508    D_CELLS_MOSST_slow_1_62V_125C       0 
BUX3              14      301.291    D_CELLS_MOSST_slow_1_62V_125C       0 
BUX4              14      344.333    D_CELLS_MOSST_slow_1_62V_125C       0 
BUX6              13      439.639    D_CELLS_MOSST_slow_1_62V_125C       0 
BUX8              17      731.707    D_CELLS_MOSST_slow_1_62V_125C       0 
EN2X0            968    14880.096    D_CELLS_MOSST_slow_1_62V_125C       0 
EN2X1            164     3529.411    D_CELLS_MOSST_slow_1_62V_125C       0 
EN3X0            149     4122.770    D_CELLS_MOSST_slow_1_62V_125C       0 
EN3X1             14      559.541    D_CELLS_MOSST_slow_1_62V_125C       0 
EN3X2              5      261.324    D_CELLS_MOSST_slow_1_62V_125C       0 
EO2X0            263     4042.836    D_CELLS_MOSST_slow_1_62V_125C       0 
EO2X1            178     3830.702    D_CELLS_MOSST_slow_1_62V_125C       0 
EO3X0             19      525.722    D_CELLS_MOSST_slow_1_62V_125C       0 
EO3X1              4      159.869    D_CELLS_MOSST_slow_1_62V_125C       0 
FAX1             147     8586.799    D_CELLS_MOSST_slow_1_62V_125C       0 
FAX2              23     1484.935    D_CELLS_MOSST_slow_1_62V_125C       0 
FAX4               5      368.928    D_CELLS_MOSST_slow_1_62V_125C       0 
HAX1              56     1721.664    D_CELLS_MOSST_slow_1_62V_125C       0 
HAX2              11      405.821    D_CELLS_MOSST_slow_1_62V_125C       0 
HAX4               2       92.232    D_CELLS_MOSST_slow_1_62V_125C       0 
INCX12             1       58.414    D_CELLS_MOSST_slow_1_62V_125C       0 
INX0              35      215.208    D_CELLS_MOSST_slow_1_62V_125C       0 
INX1            1020     6271.776    D_CELLS_MOSST_slow_1_62V_125C       0 
INX12              4      233.654    D_CELLS_MOSST_slow_1_62V_125C       0 
INX2             627     5782.946    D_CELLS_MOSST_slow_1_62V_125C       0 
INX20              2      190.613    D_CELLS_MOSST_slow_1_62V_125C       0 
INX3             140     2152.080    D_CELLS_MOSST_slow_1_62V_125C       0 
INX4             119     2195.122    D_CELLS_MOSST_slow_1_62V_125C       0 
INX6              24      516.499    D_CELLS_MOSST_slow_1_62V_125C       0 
INX8              78     2398.032    D_CELLS_MOSST_slow_1_62V_125C       0 
MU2IX0             1       18.446    D_CELLS_MOSST_slow_1_62V_125C       0 
MU2IX1           255     4703.832    D_CELLS_MOSST_slow_1_62V_125C       0 
MU2IX2             1       36.893    D_CELLS_MOSST_slow_1_62V_125C       0 
MU2IX4             1       67.637    D_CELLS_MOSST_slow_1_62V_125C       0 
MU2X0          15446   332410.277    D_CELLS_MOSST_slow_1_62V_125C       0 
MU2X2             24      590.285    D_CELLS_MOSST_slow_1_62V_125C       0 
MU2X4              3       92.232    D_CELLS_MOSST_slow_1_62V_125C       0 
NA2I1X0          763     9383.069    D_CELLS_MOSST_slow_1_62V_125C       0 
NA2I1X1          483     7424.676    D_CELLS_MOSST_slow_1_62V_125C       0 
NA2I1X2          242     4464.029    D_CELLS_MOSST_slow_1_62V_125C       0 
NA2I1X4          348    10698.912    D_CELLS_MOSST_slow_1_62V_125C       0 
NA2X0             16      147.571    D_CELLS_MOSST_slow_1_62V_125C       0 
NA2X1           2531    23343.919    D_CELLS_MOSST_slow_1_62V_125C       0 
NA2X2           1562    24011.064    D_CELLS_MOSST_slow_1_62V_125C       0 
NA2X4            844    25947.936    D_CELLS_MOSST_slow_1_62V_125C       0 
NA3I1X0           17      261.324    D_CELLS_MOSST_slow_1_62V_125C       0 
NA3I1X1           14      258.250    D_CELLS_MOSST_slow_1_62V_125C       0 
NA3I1X2           19      525.722    D_CELLS_MOSST_slow_1_62V_125C       0 
NA3I1X4           12      479.606    D_CELLS_MOSST_slow_1_62V_125C       0 
NA3I2X1           19      408.895    D_CELLS_MOSST_slow_1_62V_125C       0 
NA3I2X2           21      645.624    D_CELLS_MOSST_slow_1_62V_125C       0 
NA3I2X4            8      393.523    D_CELLS_MOSST_slow_1_62V_125C       0 
NA3X1            222     2730.067    D_CELLS_MOSST_slow_1_62V_125C       0 
NA3X2             58     1426.522    D_CELLS_MOSST_slow_1_62V_125C       0 
NA3X4             10      461.160    D_CELLS_MOSST_slow_1_62V_125C       0 
NA4I1X0            1       30.744    D_CELLS_MOSST_slow_1_62V_125C       0 
NA4X1              3       83.009    D_CELLS_MOSST_slow_1_62V_125C       0 
NA5I3X1            1       33.818    D_CELLS_MOSST_slow_1_62V_125C       0 
NA5I4X1            1       36.893    D_CELLS_MOSST_slow_1_62V_125C       0 
NA6I1X1            2       73.786    D_CELLS_MOSST_slow_1_62V_125C       0 
NA6I3X1            5      184.464    D_CELLS_MOSST_slow_1_62V_125C       0 
NA6I5X1            1       46.116    D_CELLS_MOSST_slow_1_62V_125C       0 
NO2I1X0            4       49.190    D_CELLS_MOSST_slow_1_62V_125C       0 
NO2I1X1         1239    15236.726    D_CELLS_MOSST_slow_1_62V_125C       0 
NO2I1X2          231     4971.305    D_CELLS_MOSST_slow_1_62V_125C       0 
NO2I1X4          204     6271.776    D_CELLS_MOSST_slow_1_62V_125C       0 
NO2X0             27      249.026    D_CELLS_MOSST_slow_1_62V_125C       0 
NO2X1           1754    16177.493    D_CELLS_MOSST_slow_1_62V_125C       0 
NO2X2           1639    25194.708    D_CELLS_MOSST_slow_1_62V_125C       0 
NO2X4           1080    29883.168    D_CELLS_MOSST_slow_1_62V_125C       0 
NO3I1X0            7      107.604    D_CELLS_MOSST_slow_1_62V_125C       0 
NO3I1X1            1       18.446    D_CELLS_MOSST_slow_1_62V_125C       0 
NO3I1X2            7      193.687    D_CELLS_MOSST_slow_1_62V_125C       0 
NO3I2X1            6      129.125    D_CELLS_MOSST_slow_1_62V_125C       0 
NO3I2X2            2       67.637    D_CELLS_MOSST_slow_1_62V_125C       0 
NO3X0             12      147.571    D_CELLS_MOSST_slow_1_62V_125C       0 
NO3X1             27      415.044    D_CELLS_MOSST_slow_1_62V_125C       0 
NO3X2             29      713.261    D_CELLS_MOSST_slow_1_62V_125C       0 
NO3X4              4      159.869    D_CELLS_MOSST_slow_1_62V_125C       0 
NO4I1X1            1       30.744    D_CELLS_MOSST_slow_1_62V_125C       0 
NO4I1X4            3      129.125    D_CELLS_MOSST_slow_1_62V_125C       0 
NO4I2X1            4      122.976    D_CELLS_MOSST_slow_1_62V_125C       0 
NO4X2              3       92.232    D_CELLS_MOSST_slow_1_62V_125C       0 
NO4X4              3      110.678    D_CELLS_MOSST_slow_1_62V_125C       0 
NO5I2X1            4      135.274    D_CELLS_MOSST_slow_1_62V_125C       0 
NO5I3X1            1       33.818    D_CELLS_MOSST_slow_1_62V_125C       0 
NO5I4X1            1       36.893    D_CELLS_MOSST_slow_1_62V_125C       0 
NO5X2              2       67.637    D_CELLS_MOSST_slow_1_62V_125C       0 
NO5X4              2       79.934    D_CELLS_MOSST_slow_1_62V_125C       0 
NO6I1X0            1       39.967    D_CELLS_MOSST_slow_1_62V_125C       0 
NO6I4X1            3      129.125    D_CELLS_MOSST_slow_1_62V_125C       0 
NO6X0              3      101.455    D_CELLS_MOSST_slow_1_62V_125C       0 
OA21X0            37      568.764    D_CELLS_MOSST_slow_1_62V_125C       0 
OA21X1            12      221.357    D_CELLS_MOSST_slow_1_62V_125C       0 
OA21X2            55     1183.644    D_CELLS_MOSST_slow_1_62V_125C       0 
OA21X4            37     1023.775    D_CELLS_MOSST_slow_1_62V_125C       0 
OA221X0            8      172.166    D_CELLS_MOSST_slow_1_62V_125C       0 
OA221X1            8      196.762    D_CELLS_MOSST_slow_1_62V_125C       0 
OA221X2            4      110.678    D_CELLS_MOSST_slow_1_62V_125C       0 
OA221X4            5      169.092    D_CELLS_MOSST_slow_1_62V_125C       0 
OA22X0             4       73.786    D_CELLS_MOSST_slow_1_62V_125C       0 
OA22X1            12      258.250    D_CELLS_MOSST_slow_1_62V_125C       0 
OA22X2            12      295.142    D_CELLS_MOSST_slow_1_62V_125C       0 
OA22X4            26      799.344    D_CELLS_MOSST_slow_1_62V_125C       0 
OA321X1            4      110.678    D_CELLS_MOSST_slow_1_62V_125C       0 
ON211X0            6       92.232    D_CELLS_MOSST_slow_1_62V_125C       0 
ON211X1           20      368.928    D_CELLS_MOSST_slow_1_62V_125C       0 
ON21X0           209     2570.198    D_CELLS_MOSST_slow_1_62V_125C       0 
ON21X1           202     3105.144    D_CELLS_MOSST_slow_1_62V_125C       0 
ON221X0           39      719.410    D_CELLS_MOSST_slow_1_62V_125C       0 
ON221X1            7      172.166    D_CELLS_MOSST_slow_1_62V_125C       0 
ON22X0             5       76.860    D_CELLS_MOSST_slow_1_62V_125C       0 
ON22X1             1       18.446    D_CELLS_MOSST_slow_1_62V_125C       0 
ON311X1            1       18.446    D_CELLS_MOSST_slow_1_62V_125C       0 
ON31X0             2       30.744    D_CELLS_MOSST_slow_1_62V_125C       0 
ON31X1            19      350.482    D_CELLS_MOSST_slow_1_62V_125C       0 
ON31X4            11      372.002    D_CELLS_MOSST_slow_1_62V_125C       0 
ON321X0            3       64.562    D_CELLS_MOSST_slow_1_62V_125C       0 
ON321X1            2       49.190    D_CELLS_MOSST_slow_1_62V_125C       0 
OR2X0              1       12.298    D_CELLS_MOSST_slow_1_62V_125C       0 
OR2X1            641     7882.762    D_CELLS_MOSST_slow_1_62V_125C       0 
OR2X2            254     3904.488    D_CELLS_MOSST_slow_1_62V_125C       0 
OR2X4             80     1967.616    D_CELLS_MOSST_slow_1_62V_125C       0 
OR3X0             15      230.580    D_CELLS_MOSST_slow_1_62V_125C       0 
OR3X1              1       18.446    D_CELLS_MOSST_slow_1_62V_125C       0 
OR3X2              6      129.125    D_CELLS_MOSST_slow_1_62V_125C       0 
OR3X4              5      169.092    D_CELLS_MOSST_slow_1_62V_125C       0 
OR4X1              1       24.595    D_CELLS_MOSST_slow_1_62V_125C       0 
OR6X1              3      101.455    D_CELLS_MOSST_slow_1_62V_125C       0 
SDFRQX0        13904   897675.610    D_CELLS_MOSST_slow_1_62V_125C       0 
SDFRQX1           34     2404.181    D_CELLS_MOSST_slow_1_62V_125C       0 
SDFRQX2         1741   123108.199    D_CELLS_MOSST_slow_1_62V_125C       0 
SDFRQX4          275    22827.420    D_CELLS_MOSST_slow_1_62V_125C       0 
SDFRRSQX1          2      166.018    D_CELLS_MOSST_slow_1_62V_125C       0 
SDFRSQX2           3      230.580    D_CELLS_MOSST_slow_1_62V_125C       0 
SDFRSQX4           7      602.582    D_CELLS_MOSST_slow_1_62V_125C       0 
SDFRX0             1       67.637    D_CELLS_MOSST_slow_1_62V_125C       0 
SDFRX1            20     1475.712    D_CELLS_MOSST_slow_1_62V_125C       0 
SDFRX2             2      153.720    D_CELLS_MOSST_slow_1_62V_125C       0 
SDFRX4             3      285.919    D_CELLS_MOSST_slow_1_62V_125C       0 
---------------------------------------------------------------------------
total          61999  1898263.685                                  


                                            
     Type      Instances     Area    Area % 
--------------------------------------------
sequential         15992 1048997.578   55.3 
inverter            2050   20014.344    1.1 
buffer               178    4073.580    0.2 
logic              43779  825178.183   43.5 
physical_cells         0       0.000    0.0 
--------------------------------------------
total              61999 1898263.685  100.0 

