============================================================
  Generated by:           Genus(TM) Synthesis Solution GENUS15.22 - 15.20-s024_1
  Generated on:           May 22 2025  11:35:00 pm
  Module:                 USFFT64_2B
  Interconnect mode:      global
  Area mode:              physical library
============================================================

                              Library        Leakage     Dynamic        Total     
           Instance            Domain Cells Power(nW)   Power(nW)     Power(nW)   
----------------------------------------------------------------------------------
USFFT64_2B                       2    53445   160.386 515973909.512 515974069.897 
  U_BUF2_URAM                    2    12238    42.989  90767457.825  90767500.814 
  U_BUF1_URAM                    2    10912    38.231  79552555.619  79552593.849 
  U_FFT2                         2     7045    14.272  75610076.575  75610090.847 
    UMR_csa_tr.._82_30_groupi    2      182     0.222   2389850.479   2389850.701 
    UMI_csa_tr.._82_30_groupi    2      181     0.220   2514690.782   2514691.003 
  U_FFT1                         2     6035    12.636  66526035.527  66526048.163 
    UMI_csa_tr.._82_30_groupi    2      166     0.203   2440485.466   2440485.669 
    UMR_csa_tr.._82_30_groupi    2      166     0.203   2248766.460   2248766.663 
  U_MPU_mul_107_19               2      759     0.911  12716721.771  12716722.682 
  U_MPU_mul_108_17               2      765     0.910  12689238.174  12689239.084 
  U_MPU_mul_110_17               2      762     0.906  13302461.332  13302462.238 
  U_MPU_mul_109_17               2      756     0.906  13117009.563  13117010.468 

