============================================================
  Generated by:           Genus(TM) Synthesis Solution GENUS15.22 - 15.20-s024_1
  Generated on:           May 22 2025  11:35:24 pm
  Module:                 USFFT64_2B
  Interconnect mode:      global
  Area mode:              physical library
============================================================

                                    Leakage     Internal                                     Library 
   Gate    Instances     Area     Power (nW)   Power (nW)                Library              Domain 
-----------------------------------------------------------------------------------------------------
AN211X0            4       61.488      0.003       3193.589    D_CELLS_MOSST_fast_1_98V_m40C       2 
AN211X1           16      295.142      0.008      40296.333    D_CELLS_MOSST_fast_1_98V_m40C       2 
AN21X1           260     3197.376      0.155     887290.552    D_CELLS_MOSST_fast_1_98V_m40C       2 
AN221X0         2303    42482.059      2.593     601432.389    D_CELLS_MOSST_fast_1_98V_m40C       2 
AN221X1           14      301.291      0.010      43193.570    D_CELLS_MOSST_fast_1_98V_m40C       2 
AN222X0           83     1786.226      0.125     174728.516    D_CELLS_MOSST_fast_1_98V_m40C       2 
AN22X1          2486    38214.792      1.782    1058894.475    D_CELLS_MOSST_fast_1_98V_m40C       2 
AN22X2             4      122.976      0.009      34256.522    D_CELLS_MOSST_fast_1_98V_m40C       2 
AN31X1             6       92.232      0.004      18049.396    D_CELLS_MOSST_fast_1_98V_m40C       2 
AN321X0            2       43.042      0.002       3402.703    D_CELLS_MOSST_fast_1_98V_m40C       2 
AND2X1           677     8325.475      0.512    1393038.281    D_CELLS_MOSST_fast_1_98V_m40C       2 
AND2X2            13      239.803      0.014      94779.240    D_CELLS_MOSST_fast_1_98V_m40C       2 
AND2X4            16      442.714      0.033     133616.553    D_CELLS_MOSST_fast_1_98V_m40C       2 
AND3X1            12      184.464      0.007      14857.385    D_CELLS_MOSST_fast_1_98V_m40C       2 
AND4X1             1       24.595      0.001       2146.161    D_CELLS_MOSST_fast_1_98V_m40C       2 
AND5X1             6      166.018      0.007      26430.738    D_CELLS_MOSST_fast_1_98V_m40C       2 
AND6X1           855    26286.120      0.858    2121529.014    D_CELLS_MOSST_fast_1_98V_m40C       2 
AO211X0            4       73.786      0.008      10530.597    D_CELLS_MOSST_fast_1_98V_m40C       2 
AO21X0            21      322.812      0.041      55569.146    D_CELLS_MOSST_fast_1_98V_m40C       2 
AO21X1            17      313.589      0.022      82278.350    D_CELLS_MOSST_fast_1_98V_m40C       2 
AO21X2             4       98.381      0.007      38789.179    D_CELLS_MOSST_fast_1_98V_m40C       2 
AO221X0          185     3981.348      0.396     660053.508    D_CELLS_MOSST_fast_1_98V_m40C       2 
AO221X1            2       49.190      0.003       7399.352    D_CELLS_MOSST_fast_1_98V_m40C       2 
AO222X0          150     3689.280      0.336     609632.462    D_CELLS_MOSST_fast_1_98V_m40C       2 
AO222X1            8      221.357      0.012      40367.782    D_CELLS_MOSST_fast_1_98V_m40C       2 
AO222X2            1       33.818      0.002       4366.602    D_CELLS_MOSST_fast_1_98V_m40C       2 
AO22X0          2470    45562.608      4.658     804456.481    D_CELLS_MOSST_fast_1_98V_m40C       2 
AO22X1           114     2453.371      0.148     555945.647    D_CELLS_MOSST_fast_1_98V_m40C       2 
AO22X2            63     1743.185      0.102     460499.079    D_CELLS_MOSST_fast_1_98V_m40C       2 
AO22X4             4      122.976      0.009      26141.097    D_CELLS_MOSST_fast_1_98V_m40C       2 
AO321X0            5      122.976      0.011      10678.867    D_CELLS_MOSST_fast_1_98V_m40C       2 
AO32X0            14      301.291      0.024      15732.064    D_CELLS_MOSST_fast_1_98V_m40C       2 
AO32X2             8      221.357      0.012      68277.281    D_CELLS_MOSST_fast_1_98V_m40C       2 
BUX2               1       15.372      0.002       1104.873    D_CELLS_MOSST_fast_1_98V_m40C       2 
BUX3               1       21.521      0.003       1014.724    D_CELLS_MOSST_fast_1_98V_m40C       2 
BUX4               1       24.595      0.003        717.443    D_CELLS_MOSST_fast_1_98V_m40C       2 
BUX6               1       33.818      0.005       3933.874    D_CELLS_MOSST_fast_1_98V_m40C       2 
EN2X0            817    12558.924      1.241    3017601.850    D_CELLS_MOSST_fast_1_98V_m40C       2 
EN2X1             53     1140.602      0.067     354308.669    D_CELLS_MOSST_fast_1_98V_m40C       2 
EN3X0            241     6668.374      0.910    1670750.745    D_CELLS_MOSST_fast_1_98V_m40C       2 
EN3X1             22      879.278      0.062     290463.415    D_CELLS_MOSST_fast_1_98V_m40C       2 
EN3X2              2      104.530      0.009      50323.287    D_CELLS_MOSST_fast_1_98V_m40C       2 
EO2X0            221     3397.212      0.513     702160.560    D_CELLS_MOSST_fast_1_98V_m40C       2 
EO2X1            151     3249.641      0.219    1037866.134    D_CELLS_MOSST_fast_1_98V_m40C       2 
EO3X0            103     2849.969      0.472     690568.141    D_CELLS_MOSST_fast_1_98V_m40C       2 
EO3X1             33     1318.918      0.100     446666.019    D_CELLS_MOSST_fast_1_98V_m40C       2 
EO3X2              2      104.530      0.009      47279.907    D_CELLS_MOSST_fast_1_98V_m40C       2 
FAX0              53     2770.034      0.179     469508.470    D_CELLS_MOSST_fast_1_98V_m40C       2 
FAX1             234    13668.782      0.443    4453065.708    D_CELLS_MOSST_fast_1_98V_m40C       2 
FAX2              73     4713.055      0.145    1832030.121    D_CELLS_MOSST_fast_1_98V_m40C       2 
FAX4             415    30621.024      0.924   19116854.417    D_CELLS_MOSST_fast_1_98V_m40C       2 
HAX1              86     2643.984      0.104     536142.337    D_CELLS_MOSST_fast_1_98V_m40C       2 
HAX2              16      590.285      0.022     190018.271    D_CELLS_MOSST_fast_1_98V_m40C       2 
INX0               1        6.149      0.001        901.415    D_CELLS_MOSST_fast_1_98V_m40C       2 
INX1             930     5718.384      0.493    1793274.535    D_CELLS_MOSST_fast_1_98V_m40C       2 
INX2              51      470.383      0.054     176315.961    D_CELLS_MOSST_fast_1_98V_m40C       2 
INX20              1       95.306      0.015      11549.984    D_CELLS_MOSST_fast_1_98V_m40C       2 
INX3              62      953.064      0.107     246375.729    D_CELLS_MOSST_fast_1_98V_m40C       2 
INX4              17      313.589      0.038      88009.429    D_CELLS_MOSST_fast_1_98V_m40C       2 
INX6               7      150.646      0.021      36122.649    D_CELLS_MOSST_fast_1_98V_m40C       2 
INX8              34     1045.296      0.137     128533.021    D_CELLS_MOSST_fast_1_98V_m40C       2 
MU2IX1           572    10551.341      0.730    3163950.898    D_CELLS_MOSST_fast_1_98V_m40C       2 
MU2X0          15521   334024.337     42.931   26313005.614    D_CELLS_MOSST_fast_1_98V_m40C       2 
MU2X1              1       24.595      0.002       5630.545    D_CELLS_MOSST_fast_1_98V_m40C       2 
MU2X2             42     1032.998      0.090     439572.573    D_CELLS_MOSST_fast_1_98V_m40C       2 
NA2I1X0          621     7636.810      1.009    1289087.988    D_CELLS_MOSST_fast_1_98V_m40C       2 
NA2I1X1          214     3289.608      0.241     659987.211    D_CELLS_MOSST_fast_1_98V_m40C       2 
NA2I1X2           26      479.606      0.036     171647.768    D_CELLS_MOSST_fast_1_98V_m40C       2 
NA2I1X4           13      399.672      0.033     267079.396    D_CELLS_MOSST_fast_1_98V_m40C       2 
NA2X1           1338    12340.642      0.610    2690980.676    D_CELLS_MOSST_fast_1_98V_m40C       2 
NA2X2            279     4288.788      0.255    1404923.685    D_CELLS_MOSST_fast_1_98V_m40C       2 
NA2X4             44     1352.736      0.080     450021.304    D_CELLS_MOSST_fast_1_98V_m40C       2 
NA3I1X0            7      107.604      0.010      11726.982    D_CELLS_MOSST_fast_1_98V_m40C       2 
NA3I1X2            8      221.357      0.010     107334.736    D_CELLS_MOSST_fast_1_98V_m40C       2 
NA3I2X1            6      129.125      0.010      42582.316    D_CELLS_MOSST_fast_1_98V_m40C       2 
NA3I2X2            2       61.488      0.003      26772.692    D_CELLS_MOSST_fast_1_98V_m40C       2 
NA3I2X4            1       49.190      0.003      21285.251    D_CELLS_MOSST_fast_1_98V_m40C       2 
NA3X1            213     2619.389      0.056     939867.996    D_CELLS_MOSST_fast_1_98V_m40C       2 
NA3X2             24      590.285      0.013     238487.641    D_CELLS_MOSST_fast_1_98V_m40C       2 
NA4X1              3       83.009      0.006       2936.649    D_CELLS_MOSST_fast_1_98V_m40C       2 
NA5I1X1            2       67.637      0.005      12035.117    D_CELLS_MOSST_fast_1_98V_m40C       2 
NA5I3X1            1       33.818      0.003       8736.485    D_CELLS_MOSST_fast_1_98V_m40C       2 
NA6I1X1            2       73.786      0.005      11139.391    D_CELLS_MOSST_fast_1_98V_m40C       2 
NA6I2X1            1       43.042      0.003       6809.186    D_CELLS_MOSST_fast_1_98V_m40C       2 
NA6I3X1            1       36.893      0.003       8455.123    D_CELLS_MOSST_fast_1_98V_m40C       2 
NA6X1              2       67.637      0.004      11288.251    D_CELLS_MOSST_fast_1_98V_m40C       2 
NO2I1X0            1       12.298      0.002       1459.876    D_CELLS_MOSST_fast_1_98V_m40C       2 
NO2I1X1         1127    13859.395      1.333    3951048.158    D_CELLS_MOSST_fast_1_98V_m40C       2 
NO2I1X2           11      236.729      0.017     128205.464    D_CELLS_MOSST_fast_1_98V_m40C       2 
NO2I1X4           15      461.160      0.033     215689.711    D_CELLS_MOSST_fast_1_98V_m40C       2 
NO2X0              8       73.786      0.006        920.227    D_CELLS_MOSST_fast_1_98V_m40C       2 
NO2X1           1999    18437.177      1.027    4045518.409    D_CELLS_MOSST_fast_1_98V_m40C       2 
NO2X2            346     5318.712      0.356    1682389.091    D_CELLS_MOSST_fast_1_98V_m40C       2 
NO2X4             56     1549.498      0.082     591684.351    D_CELLS_MOSST_fast_1_98V_m40C       2 
NO3I1X0            5       76.860      0.007       6542.360    D_CELLS_MOSST_fast_1_98V_m40C       2 
NO3I1X1            5       92.232      0.005      40438.159    D_CELLS_MOSST_fast_1_98V_m40C       2 
NO3X0              7       86.083      0.004       4199.542    D_CELLS_MOSST_fast_1_98V_m40C       2 
NO3X1             19      292.068      0.007      52764.868    D_CELLS_MOSST_fast_1_98V_m40C       2 
NO3X2              6      147.571      0.004      49669.632    D_CELLS_MOSST_fast_1_98V_m40C       2 
NO3X4              1       39.967      0.001      18694.004    D_CELLS_MOSST_fast_1_98V_m40C       2 
NO4I1X1            1       30.744      0.003       4201.076    D_CELLS_MOSST_fast_1_98V_m40C       2 
NO4I2X1            1       30.744      0.002       3033.196    D_CELLS_MOSST_fast_1_98V_m40C       2 
NO4X2              3       92.232      0.005      17110.247    D_CELLS_MOSST_fast_1_98V_m40C       2 
NO5I2X1            2       67.637      0.004       1864.062    D_CELLS_MOSST_fast_1_98V_m40C       2 
NO5I3X1            2       67.637      0.004      11422.507    D_CELLS_MOSST_fast_1_98V_m40C       2 
NO6I4X1            2       86.083      0.006      13560.399    D_CELLS_MOSST_fast_1_98V_m40C       2 
OA21X0            26      399.672      0.041      70713.944    D_CELLS_MOSST_fast_1_98V_m40C       2 
OA21X1             4       73.786      0.004      22979.259    D_CELLS_MOSST_fast_1_98V_m40C       2 
OA21X2            34      731.707      0.048     282697.236    D_CELLS_MOSST_fast_1_98V_m40C       2 
OA21X4             1       27.670      0.002      10437.572    D_CELLS_MOSST_fast_1_98V_m40C       2 
OA22X0             4       73.786      0.008       1343.340    D_CELLS_MOSST_fast_1_98V_m40C       2 
OA22X1             8      172.166      0.010      36890.096    D_CELLS_MOSST_fast_1_98V_m40C       2 
OA22X2            10      245.952      0.017     130526.167    D_CELLS_MOSST_fast_1_98V_m40C       2 
OA32X0             1       21.521      0.002       1755.434    D_CELLS_MOSST_fast_1_98V_m40C       2 
ON211X0            2       30.744      0.002        689.944    D_CELLS_MOSST_fast_1_98V_m40C       2 
ON21X0           140     1721.664      0.145     190527.264    D_CELLS_MOSST_fast_1_98V_m40C       2 
ON21X1           275     4227.300      0.161     912562.744    D_CELLS_MOSST_fast_1_98V_m40C       2 
ON221X0           35      645.624      0.035      63607.561    D_CELLS_MOSST_fast_1_98V_m40C       2 
ON222X0            2       43.042      0.002        714.095    D_CELLS_MOSST_fast_1_98V_m40C       2 
ON22X0            16      245.952      0.019      21836.810    D_CELLS_MOSST_fast_1_98V_m40C       2 
ON22X1           260     4796.064      0.186     999029.084    D_CELLS_MOSST_fast_1_98V_m40C       2 
ON22X4             4      135.274      0.011      62433.430    D_CELLS_MOSST_fast_1_98V_m40C       2 
ON31X1             3       55.339      0.002      10603.638    D_CELLS_MOSST_fast_1_98V_m40C       2 
ON31X4             1       33.818      0.003      22354.905    D_CELLS_MOSST_fast_1_98V_m40C       2 
ON321X0            1       21.521      0.001        548.795    D_CELLS_MOSST_fast_1_98V_m40C       2 
OR2X1            560     6886.656      0.733    1311054.361    D_CELLS_MOSST_fast_1_98V_m40C       2 
OR2X2             36      553.392      0.064     366319.978    D_CELLS_MOSST_fast_1_98V_m40C       2 
OR2X4              5      122.976      0.013      96862.648    D_CELLS_MOSST_fast_1_98V_m40C       2 
OR3X0              6       92.232      0.012       2473.910    D_CELLS_MOSST_fast_1_98V_m40C       2 
OR3X1              1       18.446      0.001       4452.764    D_CELLS_MOSST_fast_1_98V_m40C       2 
SDFRQX0        14138   912783.211     81.887  214125808.112    D_CELLS_MOSST_fast_1_98V_m40C       2 
SDFRQX1           25     1767.780      0.133     612552.701    D_CELLS_MOSST_fast_1_98V_m40C       2 
SDFRQX2         1643   116178.502      8.480   44754430.139    D_CELLS_MOSST_fast_1_98V_m40C       2 
SDFRQX4          162    13447.426      0.959    6149669.797    D_CELLS_MOSST_fast_1_98V_m40C       2 
SDFRRSQX1          2      166.018      0.009      44236.274    D_CELLS_MOSST_fast_1_98V_m40C       2 
SDFRX0            12      811.642      0.076     208818.145    D_CELLS_MOSST_fast_1_98V_m40C       2 
SDFRX1             6      442.714      0.030     128977.704    D_CELLS_MOSST_fast_1_98V_m40C       2 
SDFRX2             4      307.440      0.021      92095.665    D_CELLS_MOSST_fast_1_98V_m40C       2 
-----------------------------------------------------------------------------------------------------
total          53445  1765649.441    160.386  367381078.929                                  


                                              Leakage  Leakage    Internal   Internal 
     Type      Instances     Area    Area % Power (nW) Power %   Power (nW)   Power % 
--------------------------------------------------------------------------------------
sequential         15992 1045904.731   59.2     91.594    57.1 266116588.537     72.4 
inverter            1103    8752.817    0.5      0.866     0.5   2481082.724      0.7 
buffer                 4      95.306    0.0      0.012     0.0      6770.915      0.0 
logic              36346  710896.586   40.3     67.914    42.3  98776636.753     26.9 
physical_cells         0       0.000    0.0      0.000     0.0         0.000      0.0 
--------------------------------------------------------------------------------------
total              53445 1765649.441  100.0    160.386   100.0 367381078.929    100.0 

