Command: report datapath > reports_May15-14:48:55/USFFT64_2B_datapath_incr.rpt
============================================================
  Generated by:           Genus(TM) Synthesis Solution GENUS15.22 - 15.20-s024_1
  Generated on:           May 15 2025  03:08:02 pm
  Module:                 USFFT64_2B
  Interconnect mode:      global
  Area mode:              physical library
============================================================


Inferred components

                 Operator   Signedness   Inputs   Outputs CellArea 
===================================================================
USFFT64_2B
 U_FFT1
  UMI_csa_tree_add_82_30_groupi
   
   module:csa_tree_add_82_30_group_788_789
    very_fast csa_and_adder            9x14x22x19 22       3649.31 
===================================================================
USFFT64_2B
 U_FFT1
  UMR_csa_tree_add_82_30_groupi
   
   module:csa_tree_add_82_30_group_788_789_1
    very_fast csa_and_adder            9x14x22x19 22       3649.31 
-------------------------------------------------------------------
    add_82_30       +       signed     23x9       22               
    add_82_21       +       signed     23x14      23               
    add_87_23       +       signed     22x19      23               
===================================================================
USFFT64_2B
 U_FFT2
  UMI_csa_tree_add_82_30_groupi
   
   module:csa_tree_add_82_30_group_784_785
    very_fast csa_and_adder            11x16x24x2 24       4242.67 
                                       1                           
===================================================================
USFFT64_2B
 U_FFT2
  UMR_csa_tree_add_82_30_groupi
   
   module:csa_tree_add_82_30_group_784_785_1
    very_fast csa_and_adder            11x16x24x2 24       4242.67 
                                       1                           
-------------------------------------------------------------------
    add_82_30       +       signed     25x11      24               
    add_82_21       +       signed     25x16      25               
    add_87_23       +       signed     24x21      25               
===================================================================

      Type        CellArea  Percentage 
---------------------------------------
datapath modules   15783.97       0.83 
external muxes         0.00       0.00 
others           1882479.71      99.17 
---------------------------------------
total            1898263.68     100.00 

