============================================================
  Generated by:           Genus(TM) Synthesis Solution GENUS15.22 - 15.20-s024_1
  Generated on:           May 15 2025  03:08:00 pm
  Module:                 USFFT64_2B
  Interconnect mode:      global
  Area mode:              physical library
============================================================


Path 1: MET (0 ps) Setup Check with Pin U_MPU_dri_reg[13]/C->D
           View: worst_view
          Group: clk
     Startpoint: (R) U_MPU_wid_reg[5]/C
          Clock: (R) clk
       Endpoint: (F) U_MPU_dri_reg[13]/D
          Clock: (R) clk

                     Capture       Launch     
        Clock Edge:+    5000            0     
       Src Latency:+       0            0     
       Net Latency:+       0 (I)        0 (I) 
           Arrival:=    5000            0     
                                              
             Setup:-     412                  
       Uncertainty:-     400                  
     Required Time:=    4188                  
      Launch Clock:-       0                  
         Data Path:-    4188                  
             Slack:=       0                  

#------------------------------------------------------------------------------------------
#       Timing Point        Flags   Arc   Edge   Cell     Fanout  Load Trans Delay Arrival 
#                                                                 (fF)  (ps)  (ps)   (ps)  
#------------------------------------------------------------------------------------------
  U_MPU_wid_reg[5]/C        -       -     R     (arrival)  15992     -     0     -       0 
  U_MPU_wid_reg[5]/Q        -       C->Q  F     SDFRX4         1  31.6   144   396     396 
  g64633/Q                  -       A->Q  F     BUX12          7 116.0    94   162     557 
  U_MPU_mul_109_17_g62856/Q -       A->Q  R     INX2           6  43.9   179   123     680 
  U_MPU_mul_109_17_g15738/Q -       A->Q  F     INX3           4  23.8    97    88     768 
  U_MPU_mul_109_17_g15982/Q -       B->Q  R     NA2I1X1        1   6.9   162   123     891 
  U_MPU_mul_109_17_g14957/Q -       B->Q  F     NA2X1          2  11.2   149   119    1010 
  U_MPU_mul_109_17_g67559/Q -       AN->Q F     NO2I1X2        1  14.1   108   226    1236 
  U_MPU_mul_109_17_g14233/Q -       A->Q  R     NO2X4          4  28.1   186   125    1361 
  U_MPU_mul_109_17_g14050/Q -       A->Q  F     NO2X2          1  10.4    89    76    1436 
  U_MPU_mul_109_17_g13941/Q -       AN->Q F     NA2I1X4        2  15.4   102   156    1593 
  U_MPU_mul_109_17_g13715/Q -       A->Q  R     NO2X2          1  19.3   226   146    1738 
  g65418/Q                  -       B->Q  F     NO2X4          4  27.0   107   103    1842 
  g65417/Q                  -       A->Q  R     ON21X1         1   8.5   267   182    2024 
  g122/Q                    -       A->Q  F     NA2X2          3  25.0   174   135    2159 
  g67306/Q                  -       B->Q  F     OA22X4         3  23.1   125   296    2455 
  U_MPU_mul_109_17_g16227/Q -       AN->Q F     NO2I1X2        1  11.7   100   214    2669 
  U_MPU_mul_109_17_g63169/Q -       B->Q  R     NO2X2          2  13.1   181   141    2810 
  U_MPU_mul_109_17_g12781/Q -       A->Q  F     NA2X1          2  12.4   160   128    2938 
  g80/Q                     -       A->Q  R     NA2X2          2  21.1   193   143    3081 
  U_MPU_mul_109_17_g12722/Q -       A->Q  F     NO2X4          2  23.5    88    79    3160 
  U_MPU_mul_109_17_g12692/Q -       B->Q  R     NA2X4          1  18.7   127   102    3261 
  g66486/Q                  -       B->Q  F     NA3X4          1  19.3   128   104    3365 
  g66484/Q                  -       B->Q  R     NO2X4          3  22.4   166   138    3503 
  g66488/Q                  -       A->Q  F     NO2X2          1  14.1    94    82    3584 
  U_MPU_mul_109_17_g12654/Q -       A->Q  R     NO2X4          2  16.2   145    96    3681 
  U_MPU_mul_109_17_g12648/Q -       A->Q  F     NO2X2          1   8.6    90    64    3745 
  U_MPU_mul_109_17_g12639/Q -       A->Q  R     NO2X2          1   9.7   153   102    3848 
  U_MPU_mul_109_17_g12636/Q -       S->Q  F     MU2IX1         1   6.2   173   132    3979 
  g8130/Q                   -       A->Q  R     NA2X1          1   8.5   182   138    4117 
  g7852/Q                   -       A->Q  F     NA2X2          1   5.9    88    70    4188 
  U_MPU_dri_reg[13]/D       -       -     F     SDFRQX4        1     -     -     0    4188 
#------------------------------------------------------------------------------------------

