============================================================
  Generated by:           Genus(TM) Synthesis Solution GENUS15.22 - 15.20-s024_1
  Generated on:           May 15 2025  02:59:25 pm
  Module:                 USFFT64_2B
  Interconnect mode:      global
  Area mode:              physical library
============================================================


Path 1: VIOLATED (-225 ps) Setup Check with Pin U_MPU_drr_reg[17]/C->D
           View: worst_view
          Group: clk
     Startpoint: (R) U_MPU_wrd_reg[5]/C
          Clock: (R) clk
       Endpoint: (F) U_MPU_drr_reg[17]/D
          Clock: (R) clk

                     Capture       Launch     
        Clock Edge:+    5000            0     
       Src Latency:+       0            0     
       Net Latency:+       0 (I)        0 (I) 
           Arrival:=    5000            0     
                                              
             Setup:-     412                  
       Uncertainty:-     400                  
     Required Time:=    4188                  
      Launch Clock:-       0                  
         Data Path:-    4413                  
             Slack:=    -225                  

#------------------------------------------------------------------------------------------
#       Timing Point        Flags   Arc   Edge   Cell     Fanout  Load Trans Delay Arrival 
#                                                                 (fF)  (ps)  (ps)   (ps)  
#------------------------------------------------------------------------------------------
  U_MPU_wrd_reg[5]/C        -       -     R     (arrival)  15992     -     0     -       0 
  U_MPU_wrd_reg[5]/Q        -       C->Q  F     SDFRX4         3  29.0   139   391     391 
  g457/Q                    -       A->Q  F     BUX8           6 118.9   122   180     571 
  U_MPU_mul_107_19/g15760/Q -       A->Q  R     INX8           3  46.7    76    63     634 
  U_MPU_mul_107_19/g15752/Q -       A->Q  F     INX6           6  51.2    89    72     706 
  U_MPU_mul_107_19/g15743/Q -       A->Q  R     INX2           4  36.4   153   108     813 
  U_MPU_mul_107_19/g15407/Q -       A->Q  F     NA2X1          1   8.5   134   102     916 
  U_MPU_mul_107_19/g14940/Q -       A->Q  R     NA2X2          2  16.8   170   122    1037 
  U_MPU_mul_107_19/g16027/Q -       A->Q  F     INX2           1  19.3    94    85    1122 
  U_MPU_mul_107_19/g14812/Q -       B->Q  R     NO2X4          1  19.3   153   125    1246 
  U_MPU_mul_107_19/g14417/Q -       B->Q  F     NO2X4          4  28.1    96    94    1340 
  U_MPU_mul_107_19/g14335/Q -       A->Q  R     INX2           2  14.3    82    65    1405 
  U_MPU_mul_107_19/g15932/Q -       AN->Q R     NA2I1X2        2  16.3   170   172    1576 
  U_MPU_mul_107_19/g13962/Q -       A->Q  F     NA2X1          1   8.5   130   105    1682 
  U_MPU_mul_107_19/g13736/Q -       A->Q  R     NA2X2          1  13.9   154   111    1793 
  U_MPU_mul_107_19/g13694/Q -       A->Q  F     NA2X4          3  23.1   108    82    1875 
  U_MPU_mul_107_19/g13449/Q -       A->Q  R     NO2X2          1  10.4   160   109    1984 
  U_MPU_mul_107_19/g13407/Q -       AN->Q R     NA2I1X4        2  15.4   119   146    2130 
  U_MPU_mul_107_19/g13312/Q -       A->Q  F     NO2X2          1  10.4    91    64    2194 
  U_MPU_mul_107_19/g13270/Q -       AN->Q F     NA2I1X4        3  26.4   111   172    2366 
  U_MPU_mul_107_19/g15848/Q -       AN->Q F     NA2I1X4        1  16.7    96   164    2530 
  U_MPU_mul_107_19/g12914/Q -       B->Q  R     NA2X4          2  24.8   144   114    2644 
  U_MPU_mul_107_19/g15816/Q -       AN->Q R     NA2I1X4        1  13.9   116   140    2784 
  U_MPU_mul_107_19/g12857/Q -       A->Q  F     NA2X4          3  37.4   127    96    2880 
  U_MPU_mul_107_19/g12806/Q -       A->Q  R     INX2           1   8.5    68    59    2938 
  U_MPU_mul_107_19/g12779/Q -       A->Q  F     NA2X2          1  13.9   110    74    3012 
  U_MPU_mul_107_19/g12745/Q -       A->Q  R     NA2X4          1  13.9   116    83    3095 
  U_MPU_mul_107_19/g12725/Q -       A->Q  F     NA2X4          2  20.8    94    73    3168 
  U_MPU_mul_107_19/g12701/Q -       B->Q  R     NA2X4          1  13.9   114    96    3264 
  U_MPU_mul_107_19/g12696/Q -       A->Q  F     NA2X4          1  19.3    94    71    3335 
  U_MPU_mul_107_19/g12689/Q -       B->Q  R     NO2X4          2  25.3   175   137    3472 
  U_MPU_mul_107_19/g12681/Q -       A->Q  F     NO2X4          1  14.1    82    65    3537 
  U_MPU_mul_107_19/g12672/Q -       A->Q  R     NO2X4          3  22.4   166   107    3644 
  U_MPU_mul_107_19/g12668/Q -       A->Q  F     NO2X2          1  14.1   108    82    3726 
  U_MPU_mul_107_19/g12659/Q -       A->Q  R     NO2X4          2  16.2   143   100    3826 
  U_MPU_mul_107_19/g12650/Q -       A->Q  F     NO2X2          1   8.6    98    64    3890 
  U_MPU_mul_107_19/g12646/Q -       A->Q  R     NO2X2          3  17.4   220   137    4026 
  U_MPU_mul_107_19/g15794/Q -       A->Q  R     OR2X2          1   8.5    94   162    4188 
  U_MPU_mul_107_19/g12632/Q -       A->Q  F     NA2X2          1  13.9   115    79    4267 
  g8192/Q                   -       A->Q  R     NA2X4          1  10.9   116    79    4346 
  g7867/Q                   -       B->Q  F     NA2X2          1   5.9    89    67    4413 
  U_MPU_drr_reg[17]/D       -       -     F     SDFRQX4        1     -     -     0    4413 
#------------------------------------------------------------------------------------------

