============================================================
  Generated by:           Genus(TM) Synthesis Solution GENUS15.22 - 15.20-s024_1
  Generated on:           May 22 2025  11:35:27 pm
  Module:                 USFFT64_2B
  Interconnect mode:      global
  Area mode:              physical library
============================================================

                                                                   Library 
   Gate    Instances     Area                  Library              Domain 
---------------------------------------------------------------------------
AN211X0            4       61.488    D_CELLS_MOSST_fast_1_98V_m40C       2 
AN211X1           16      295.142    D_CELLS_MOSST_fast_1_98V_m40C       2 
AN21X1           260     3197.376    D_CELLS_MOSST_fast_1_98V_m40C       2 
AN221X0         2303    42482.059    D_CELLS_MOSST_fast_1_98V_m40C       2 
AN221X1           14      301.291    D_CELLS_MOSST_fast_1_98V_m40C       2 
AN222X0           83     1786.226    D_CELLS_MOSST_fast_1_98V_m40C       2 
AN22X1          2486    38214.792    D_CELLS_MOSST_fast_1_98V_m40C       2 
AN22X2             4      122.976    D_CELLS_MOSST_fast_1_98V_m40C       2 
AN31X1             6       92.232    D_CELLS_MOSST_fast_1_98V_m40C       2 
AN321X0            2       43.042    D_CELLS_MOSST_fast_1_98V_m40C       2 
AND2X1           677     8325.475    D_CELLS_MOSST_fast_1_98V_m40C       2 
AND2X2            13      239.803    D_CELLS_MOSST_fast_1_98V_m40C       2 
AND2X4            16      442.714    D_CELLS_MOSST_fast_1_98V_m40C       2 
AND3X1            12      184.464    D_CELLS_MOSST_fast_1_98V_m40C       2 
AND4X1             1       24.595    D_CELLS_MOSST_fast_1_98V_m40C       2 
AND5X1             6      166.018    D_CELLS_MOSST_fast_1_98V_m40C       2 
AND6X1           855    26286.120    D_CELLS_MOSST_fast_1_98V_m40C       2 
AO211X0            4       73.786    D_CELLS_MOSST_fast_1_98V_m40C       2 
AO21X0            21      322.812    D_CELLS_MOSST_fast_1_98V_m40C       2 
AO21X1            17      313.589    D_CELLS_MOSST_fast_1_98V_m40C       2 
AO21X2             4       98.381    D_CELLS_MOSST_fast_1_98V_m40C       2 
AO221X0          185     3981.348    D_CELLS_MOSST_fast_1_98V_m40C       2 
AO221X1            2       49.190    D_CELLS_MOSST_fast_1_98V_m40C       2 
AO222X0          150     3689.280    D_CELLS_MOSST_fast_1_98V_m40C       2 
AO222X1            8      221.357    D_CELLS_MOSST_fast_1_98V_m40C       2 
AO222X2            1       33.818    D_CELLS_MOSST_fast_1_98V_m40C       2 
AO22X0          2470    45562.608    D_CELLS_MOSST_fast_1_98V_m40C       2 
AO22X1           114     2453.371    D_CELLS_MOSST_fast_1_98V_m40C       2 
AO22X2            63     1743.185    D_CELLS_MOSST_fast_1_98V_m40C       2 
AO22X4             4      122.976    D_CELLS_MOSST_fast_1_98V_m40C       2 
AO321X0            5      122.976    D_CELLS_MOSST_fast_1_98V_m40C       2 
AO32X0            14      301.291    D_CELLS_MOSST_fast_1_98V_m40C       2 
AO32X2             8      221.357    D_CELLS_MOSST_fast_1_98V_m40C       2 
BUX2               1       15.372    D_CELLS_MOSST_fast_1_98V_m40C       2 
BUX3               1       21.521    D_CELLS_MOSST_fast_1_98V_m40C       2 
BUX4               1       24.595    D_CELLS_MOSST_fast_1_98V_m40C       2 
BUX6               1       33.818    D_CELLS_MOSST_fast_1_98V_m40C       2 
EN2X0            817    12558.924    D_CELLS_MOSST_fast_1_98V_m40C       2 
EN2X1             53     1140.602    D_CELLS_MOSST_fast_1_98V_m40C       2 
EN3X0            241     6668.374    D_CELLS_MOSST_fast_1_98V_m40C       2 
EN3X1             22      879.278    D_CELLS_MOSST_fast_1_98V_m40C       2 
EN3X2              2      104.530    D_CELLS_MOSST_fast_1_98V_m40C       2 
EO2X0            221     3397.212    D_CELLS_MOSST_fast_1_98V_m40C       2 
EO2X1            151     3249.641    D_CELLS_MOSST_fast_1_98V_m40C       2 
EO3X0            103     2849.969    D_CELLS_MOSST_fast_1_98V_m40C       2 
EO3X1             33     1318.918    D_CELLS_MOSST_fast_1_98V_m40C       2 
EO3X2              2      104.530    D_CELLS_MOSST_fast_1_98V_m40C       2 
FAX0              53     2770.034    D_CELLS_MOSST_fast_1_98V_m40C       2 
FAX1             234    13668.782    D_CELLS_MOSST_fast_1_98V_m40C       2 
FAX2              73     4713.055    D_CELLS_MOSST_fast_1_98V_m40C       2 
FAX4             415    30621.024    D_CELLS_MOSST_fast_1_98V_m40C       2 
HAX1              86     2643.984    D_CELLS_MOSST_fast_1_98V_m40C       2 
HAX2              16      590.285    D_CELLS_MOSST_fast_1_98V_m40C       2 
INX0               1        6.149    D_CELLS_MOSST_fast_1_98V_m40C       2 
INX1             930     5718.384    D_CELLS_MOSST_fast_1_98V_m40C       2 
INX2              51      470.383    D_CELLS_MOSST_fast_1_98V_m40C       2 
INX20              1       95.306    D_CELLS_MOSST_fast_1_98V_m40C       2 
INX3              62      953.064    D_CELLS_MOSST_fast_1_98V_m40C       2 
INX4              17      313.589    D_CELLS_MOSST_fast_1_98V_m40C       2 
INX6               7      150.646    D_CELLS_MOSST_fast_1_98V_m40C       2 
INX8              34     1045.296    D_CELLS_MOSST_fast_1_98V_m40C       2 
MU2IX1           572    10551.341    D_CELLS_MOSST_fast_1_98V_m40C       2 
MU2X0          15521   334024.337    D_CELLS_MOSST_fast_1_98V_m40C       2 
MU2X1              1       24.595    D_CELLS_MOSST_fast_1_98V_m40C       2 
MU2X2             42     1032.998    D_CELLS_MOSST_fast_1_98V_m40C       2 
NA2I1X0          621     7636.810    D_CELLS_MOSST_fast_1_98V_m40C       2 
NA2I1X1          214     3289.608    D_CELLS_MOSST_fast_1_98V_m40C       2 
NA2I1X2           26      479.606    D_CELLS_MOSST_fast_1_98V_m40C       2 
NA2I1X4           13      399.672    D_CELLS_MOSST_fast_1_98V_m40C       2 
NA2X1           1338    12340.642    D_CELLS_MOSST_fast_1_98V_m40C       2 
NA2X2            279     4288.788    D_CELLS_MOSST_fast_1_98V_m40C       2 
NA2X4             44     1352.736    D_CELLS_MOSST_fast_1_98V_m40C       2 
NA3I1X0            7      107.604    D_CELLS_MOSST_fast_1_98V_m40C       2 
NA3I1X2            8      221.357    D_CELLS_MOSST_fast_1_98V_m40C       2 
NA3I2X1            6      129.125    D_CELLS_MOSST_fast_1_98V_m40C       2 
NA3I2X2            2       61.488    D_CELLS_MOSST_fast_1_98V_m40C       2 
NA3I2X4            1       49.190    D_CELLS_MOSST_fast_1_98V_m40C       2 
NA3X1            213     2619.389    D_CELLS_MOSST_fast_1_98V_m40C       2 
NA3X2             24      590.285    D_CELLS_MOSST_fast_1_98V_m40C       2 
NA4X1              3       83.009    D_CELLS_MOSST_fast_1_98V_m40C       2 
NA5I1X1            2       67.637    D_CELLS_MOSST_fast_1_98V_m40C       2 
NA5I3X1            1       33.818    D_CELLS_MOSST_fast_1_98V_m40C       2 
NA6I1X1            2       73.786    D_CELLS_MOSST_fast_1_98V_m40C       2 
NA6I2X1            1       43.042    D_CELLS_MOSST_fast_1_98V_m40C       2 
NA6I3X1            1       36.893    D_CELLS_MOSST_fast_1_98V_m40C       2 
NA6X1              2       67.637    D_CELLS_MOSST_fast_1_98V_m40C       2 
NO2I1X0            1       12.298    D_CELLS_MOSST_fast_1_98V_m40C       2 
NO2I1X1         1127    13859.395    D_CELLS_MOSST_fast_1_98V_m40C       2 
NO2I1X2           11      236.729    D_CELLS_MOSST_fast_1_98V_m40C       2 
NO2I1X4           15      461.160    D_CELLS_MOSST_fast_1_98V_m40C       2 
NO2X0              8       73.786    D_CELLS_MOSST_fast_1_98V_m40C       2 
NO2X1           1999    18437.177    D_CELLS_MOSST_fast_1_98V_m40C       2 
NO2X2            346     5318.712    D_CELLS_MOSST_fast_1_98V_m40C       2 
NO2X4             56     1549.498    D_CELLS_MOSST_fast_1_98V_m40C       2 
NO3I1X0            5       76.860    D_CELLS_MOSST_fast_1_98V_m40C       2 
NO3I1X1            5       92.232    D_CELLS_MOSST_fast_1_98V_m40C       2 
NO3X0              7       86.083    D_CELLS_MOSST_fast_1_98V_m40C       2 
NO3X1             19      292.068    D_CELLS_MOSST_fast_1_98V_m40C       2 
NO3X2              6      147.571    D_CELLS_MOSST_fast_1_98V_m40C       2 
NO3X4              1       39.967    D_CELLS_MOSST_fast_1_98V_m40C       2 
NO4I1X1            1       30.744    D_CELLS_MOSST_fast_1_98V_m40C       2 
NO4I2X1            1       30.744    D_CELLS_MOSST_fast_1_98V_m40C       2 
NO4X2              3       92.232    D_CELLS_MOSST_fast_1_98V_m40C       2 
NO5I2X1            2       67.637    D_CELLS_MOSST_fast_1_98V_m40C       2 
NO5I3X1            2       67.637    D_CELLS_MOSST_fast_1_98V_m40C       2 
NO6I4X1            2       86.083    D_CELLS_MOSST_fast_1_98V_m40C       2 
OA21X0            26      399.672    D_CELLS_MOSST_fast_1_98V_m40C       2 
OA21X1             4       73.786    D_CELLS_MOSST_fast_1_98V_m40C       2 
OA21X2            34      731.707    D_CELLS_MOSST_fast_1_98V_m40C       2 
OA21X4             1       27.670    D_CELLS_MOSST_fast_1_98V_m40C       2 
OA22X0             4       73.786    D_CELLS_MOSST_fast_1_98V_m40C       2 
OA22X1             8      172.166    D_CELLS_MOSST_fast_1_98V_m40C       2 
OA22X2            10      245.952    D_CELLS_MOSST_fast_1_98V_m40C       2 
OA32X0             1       21.521    D_CELLS_MOSST_fast_1_98V_m40C       2 
ON211X0            2       30.744    D_CELLS_MOSST_fast_1_98V_m40C       2 
ON21X0           140     1721.664    D_CELLS_MOSST_fast_1_98V_m40C       2 
ON21X1           275     4227.300    D_CELLS_MOSST_fast_1_98V_m40C       2 
ON221X0           35      645.624    D_CELLS_MOSST_fast_1_98V_m40C       2 
ON222X0            2       43.042    D_CELLS_MOSST_fast_1_98V_m40C       2 
ON22X0            16      245.952    D_CELLS_MOSST_fast_1_98V_m40C       2 
ON22X1           260     4796.064    D_CELLS_MOSST_fast_1_98V_m40C       2 
ON22X4             4      135.274    D_CELLS_MOSST_fast_1_98V_m40C       2 
ON31X1             3       55.339    D_CELLS_MOSST_fast_1_98V_m40C       2 
ON31X4             1       33.818    D_CELLS_MOSST_fast_1_98V_m40C       2 
ON321X0            1       21.521    D_CELLS_MOSST_fast_1_98V_m40C       2 
OR2X1            560     6886.656    D_CELLS_MOSST_fast_1_98V_m40C       2 
OR2X2             36      553.392    D_CELLS_MOSST_fast_1_98V_m40C       2 
OR2X4              5      122.976    D_CELLS_MOSST_fast_1_98V_m40C       2 
OR3X0              6       92.232    D_CELLS_MOSST_fast_1_98V_m40C       2 
OR3X1              1       18.446    D_CELLS_MOSST_fast_1_98V_m40C       2 
SDFRQX0        14138   912783.211    D_CELLS_MOSST_fast_1_98V_m40C       2 
SDFRQX1           25     1767.780    D_CELLS_MOSST_fast_1_98V_m40C       2 
SDFRQX2         1643   116178.502    D_CELLS_MOSST_fast_1_98V_m40C       2 
SDFRQX4          162    13447.426    D_CELLS_MOSST_fast_1_98V_m40C       2 
SDFRRSQX1          2      166.018    D_CELLS_MOSST_fast_1_98V_m40C       2 
SDFRX0            12      811.642    D_CELLS_MOSST_fast_1_98V_m40C       2 
SDFRX1             6      442.714    D_CELLS_MOSST_fast_1_98V_m40C       2 
SDFRX2             4      307.440    D_CELLS_MOSST_fast_1_98V_m40C       2 
---------------------------------------------------------------------------
total          53445  1765649.441                                  


                                            
     Type      Instances     Area    Area % 
--------------------------------------------
sequential         15992 1045904.731   59.2 
inverter            1103    8752.817    0.5 
buffer                 4      95.306    0.0 
logic              36346  710896.586   40.3 
physical_cells         0       0.000    0.0 
--------------------------------------------
total              53445 1765649.441  100.0 

