============================================================
  Generated by:           Genus(TM) Synthesis Solution GENUS15.22 - 15.20-s024_1
  Generated on:           May 22 2025  11:35:25 pm
  Module:                 USFFT64_2B
  Interconnect mode:      global
  Area mode:              physical library
============================================================

Timing
--------

   Mode   Clock Period 
-----------------------
best_view clk   6670.0 


            Cost  Critical Path  Violating 
   Mode    Group      Slack        Paths   
-------------------------------------------
best_view clk            3332.6            
          default      No paths            

Instance Count
--------------
Leaf Instance Count             53445 
Sequential Instance Count       15992 
Combinational Instance Count    37453 
Hierarchical Instance Count        12 

Area
----
Cell Area                          1765649.441
Physical Cell Area                 0.000
Total Cell Area (Cell+Physical)    1765649.441
Net Area                           804400.294
Total Area (Cell+Physical+Net)     2570049.735

Runtime                            230.351 seconds
Elapsed Runtime                    859 seconds
Genus peak memory usage            1089.71 
Innovus peak memory usage          no_value 
Hostname                           pgmicro01.ufrgs.br
