============================================================
  Generated by:           Genus(TM) Synthesis Solution GENUS15.22 - 15.20-s024_1
  Generated on:           May 15 2025  02:59:14 pm
  Module:                 USFFT64_2B
  Library domain:         worst_timing_cond
    Domain index:         0
    Technology libraries: D_CELLS_MOSST_slow_1_62V_125C V 2.1.0
                          IO_CELLS_3V_MOS3ST_slow_1_62V_3_30V_125C 1.1.0
    Operating conditions: slow_1_62V_125C 
  Interconnect mode:      global
  Area mode:              physical library
============================================================

             Instance                  Domain        Cells  Cell Area  Net Area   Total Area 
---------------------------------------------------------------------------------------------
USFFT64_2B                        worst_timing_cond  63192    1907613    841354      2748967 
  U_BUF2_URAM                     worst_timing_cond  12222     452982    159529       612511 
  U_BUF1_URAM                     worst_timing_cond  10900     403118    142194       545312 
  U_FFT2                          worst_timing_cond   8368     191246    103819       295065 
    UMR_csa_tree_add_82_30_groupi worst_timing_cond    234       4396      2552         6949 
    UMI_csa_tree_add_82_30_groupi worst_timing_cond    234       4396      2552         6949 
  U_FFT1                          worst_timing_cond   7352     173172     90564       263736 
    UMR_csa_tree_add_82_30_groupi worst_timing_cond    212       3834      2267         6101 
    UMI_csa_tree_add_82_30_groupi worst_timing_cond    212       3834      2267         6101 
  U_MPU_mul_110_17                worst_timing_cond   2486      41424     25753        67178 
  U_MPU_mul_109_17                worst_timing_cond   2486      41424     25753        67178 
  U_MPU_mul_108_17                worst_timing_cond   2486      41424     25753        67178 
  U_MPU_mul_107_19                worst_timing_cond   2486      41424     25753        67178 
