============================================================
  Generated by:           Genus(TM) Synthesis Solution GENUS15.22 - 15.20-s024_1
  Generated on:           May 15 2025  02:59:16 pm
  Module:                 USFFT64_2B
  Library domain:         worst_timing_cond
    Domain index:         0
    Technology libraries: D_CELLS_MOSST_slow_1_62V_125C V 2.1.0
                          IO_CELLS_3V_MOS3ST_slow_1_62V_3_30V_125C 1.1.0
    Operating conditions: slow_1_62V_125C 
  Interconnect mode:      global
  Area mode:              physical library
============================================================

                                                                   Library 
   Gate    Instances     Area                  Library              Domain 
---------------------------------------------------------------------------
AN21X1           389     4783.766    D_CELLS_MOSST_slow_1_62V_125C       0 
AN221X0         2311    42629.630    D_CELLS_MOSST_slow_1_62V_125C       0 
AN221X1           42      903.874    D_CELLS_MOSST_slow_1_62V_125C       0 
AN222X0          108     2324.246    D_CELLS_MOSST_slow_1_62V_125C       0 
AN22X1          2357    36231.804    D_CELLS_MOSST_slow_1_62V_125C       0 
AN31X1            66     1014.552    D_CELLS_MOSST_slow_1_62V_125C       0 
AN31X4             1       33.818    D_CELLS_MOSST_slow_1_62V_125C       0 
AN321X0           35      753.228    D_CELLS_MOSST_slow_1_62V_125C       0 
AN321X1           18      442.714    D_CELLS_MOSST_slow_1_62V_125C       0 
AN321X4            1       39.967    D_CELLS_MOSST_slow_1_62V_125C       0 
AND2X1           897    11030.947    D_CELLS_MOSST_slow_1_62V_125C       0 
AND2X2           301     5552.366    D_CELLS_MOSST_slow_1_62V_125C       0 
AND2X4           197     5450.911    D_CELLS_MOSST_slow_1_62V_125C       0 
AND3X1            15      230.580    D_CELLS_MOSST_slow_1_62V_125C       0 
AND3X2             2       43.042    D_CELLS_MOSST_slow_1_62V_125C       0 
AND3X4             2       67.637    D_CELLS_MOSST_slow_1_62V_125C       0 
AND4X1             1       24.595    D_CELLS_MOSST_slow_1_62V_125C       0 
AND5X1            68     1881.533    D_CELLS_MOSST_slow_1_62V_125C       0 
AND6X0            18      553.392    D_CELLS_MOSST_slow_1_62V_125C       0 
AND6X1           771    23703.624    D_CELLS_MOSST_slow_1_62V_125C       0 
AO211X0            8      147.571    D_CELLS_MOSST_slow_1_62V_125C       0 
AO21X0            89     1368.108    D_CELLS_MOSST_slow_1_62V_125C       0 
AO21X1            44      811.642    D_CELLS_MOSST_slow_1_62V_125C       0 
AO21X2             7      172.166    D_CELLS_MOSST_slow_1_62V_125C       0 
AO221X0          184     3959.827    D_CELLS_MOSST_slow_1_62V_125C       0 
AO221X1           15      368.928    D_CELLS_MOSST_slow_1_62V_125C       0 
AO221X2            6      202.910    D_CELLS_MOSST_slow_1_62V_125C       0 
AO221X4            2       73.786    D_CELLS_MOSST_slow_1_62V_125C       0 
AO222X0          115     2828.448    D_CELLS_MOSST_slow_1_62V_125C       0 
AO222X1           36      996.106    D_CELLS_MOSST_slow_1_62V_125C       0 
AO222X2            1       33.818    D_CELLS_MOSST_slow_1_62V_125C       0 
AO22X0          2347    43293.701    D_CELLS_MOSST_slow_1_62V_125C       0 
AO22X1            99     2130.559    D_CELLS_MOSST_slow_1_62V_125C       0 
AO22X2             4      110.678    D_CELLS_MOSST_slow_1_62V_125C       0 
AO31X0             2       36.893    D_CELLS_MOSST_slow_1_62V_125C       0 
AO31X1             6      129.125    D_CELLS_MOSST_slow_1_62V_125C       0 
AO31X2             1       24.595    D_CELLS_MOSST_slow_1_62V_125C       0 
AO321X0            7      172.166    D_CELLS_MOSST_slow_1_62V_125C       0 
AO321X1            7      193.687    D_CELLS_MOSST_slow_1_62V_125C       0 
AO321X2            9      276.696    D_CELLS_MOSST_slow_1_62V_125C       0 
AO32X0            13      279.770    D_CELLS_MOSST_slow_1_62V_125C       0 
AO32X2             1       27.670    D_CELLS_MOSST_slow_1_62V_125C       0 
BUX1             126     1549.498    D_CELLS_MOSST_slow_1_62V_125C       0 
BUX12              4      245.952    D_CELLS_MOSST_slow_1_62V_125C       0 
BUX2              91     1398.852    D_CELLS_MOSST_slow_1_62V_125C       0 
BUX3              17      365.854    D_CELLS_MOSST_slow_1_62V_125C       0 
BUX4              18      442.714    D_CELLS_MOSST_slow_1_62V_125C       0 
BUX6              24      811.642    D_CELLS_MOSST_slow_1_62V_125C       0 
BUX8              18      774.749    D_CELLS_MOSST_slow_1_62V_125C       0 
EN2X0            386     5933.592    D_CELLS_MOSST_slow_1_62V_125C       0 
EN2X1            636    13687.229    D_CELLS_MOSST_slow_1_62V_125C       0 
EN2X2             69     2333.470    D_CELLS_MOSST_slow_1_62V_125C       0 
EN3X0            148     4095.101    D_CELLS_MOSST_slow_1_62V_125C       0 
EN3X1             11      439.639    D_CELLS_MOSST_slow_1_62V_125C       0 
EN3X2              5      261.324    D_CELLS_MOSST_slow_1_62V_125C       0 
EO2X0            274     4211.928    D_CELLS_MOSST_slow_1_62V_125C       0 
EO2X1            180     3873.744    D_CELLS_MOSST_slow_1_62V_125C       0 
EO3X0             19      525.722    D_CELLS_MOSST_slow_1_62V_125C       0 
FAX0               4      209.059    D_CELLS_MOSST_slow_1_62V_125C       0 
FAX1             148     8645.213    D_CELLS_MOSST_slow_1_62V_125C       0 
FAX2              29     1872.310    D_CELLS_MOSST_slow_1_62V_125C       0 
HAX1              53     1629.432    D_CELLS_MOSST_slow_1_62V_125C       0 
HAX2               9      332.035    D_CELLS_MOSST_slow_1_62V_125C       0 
INX0               3       18.446    D_CELLS_MOSST_slow_1_62V_125C       0 
INX1            1292     7944.250    D_CELLS_MOSST_slow_1_62V_125C       0 
INX12              5      292.068    D_CELLS_MOSST_slow_1_62V_125C       0 
INX2             814     7507.685    D_CELLS_MOSST_slow_1_62V_125C       0 
INX20              1       95.306    D_CELLS_MOSST_slow_1_62V_125C       0 
INX3             142     2182.824    D_CELLS_MOSST_slow_1_62V_125C       0 
INX4             120     2213.568    D_CELLS_MOSST_slow_1_62V_125C       0 
INX6              26      559.541    D_CELLS_MOSST_slow_1_62V_125C       0 
INX8              20      614.880    D_CELLS_MOSST_slow_1_62V_125C       0 
MU2IX1           290     5349.456    D_CELLS_MOSST_slow_1_62V_125C       0 
MU2X0          15447   332431.798    D_CELLS_MOSST_slow_1_62V_125C       0 
MU2X2              2       49.190    D_CELLS_MOSST_slow_1_62V_125C       0 
NA2I1X0          760     9346.176    D_CELLS_MOSST_slow_1_62V_125C       0 
NA2I1X1          467     7178.724    D_CELLS_MOSST_slow_1_62V_125C       0 
NA2I1X2          287     5294.117    D_CELLS_MOSST_slow_1_62V_125C       0 
NA2I1X4          426    13096.944    D_CELLS_MOSST_slow_1_62V_125C       0 
NA2X1           2983    27512.806    D_CELLS_MOSST_slow_1_62V_125C       0 
NA2X2           1809    27807.948    D_CELLS_MOSST_slow_1_62V_125C       0 
NA2X4            656    20168.064    D_CELLS_MOSST_slow_1_62V_125C       0 
NA3I1X0           13      199.836    D_CELLS_MOSST_slow_1_62V_125C       0 
NA3I1X1            5       92.232    D_CELLS_MOSST_slow_1_62V_125C       0 
NA3I1X2            4      110.678    D_CELLS_MOSST_slow_1_62V_125C       0 
NA3I1X4            7      279.770    D_CELLS_MOSST_slow_1_62V_125C       0 
NA3I2X1            6      129.125    D_CELLS_MOSST_slow_1_62V_125C       0 
NA3I2X2           16      491.904    D_CELLS_MOSST_slow_1_62V_125C       0 
NA3I2X4            4      196.762    D_CELLS_MOSST_slow_1_62V_125C       0 
NA3X1            201     2471.818    D_CELLS_MOSST_slow_1_62V_125C       0 
NA3X2             25      614.880    D_CELLS_MOSST_slow_1_62V_125C       0 
NA3X4              8      368.928    D_CELLS_MOSST_slow_1_62V_125C       0 
NA4X1              3       83.009    D_CELLS_MOSST_slow_1_62V_125C       0 
NA5I3X1            1       33.818    D_CELLS_MOSST_slow_1_62V_125C       0 
NA5I4X1            1       36.893    D_CELLS_MOSST_slow_1_62V_125C       0 
NA6I1X1            2       73.786    D_CELLS_MOSST_slow_1_62V_125C       0 
NA6I3X1            5      184.464    D_CELLS_MOSST_slow_1_62V_125C       0 
NA6I5X1            1       46.116    D_CELLS_MOSST_slow_1_62V_125C       0 
NO2I1X1         1279    15728.630    D_CELLS_MOSST_slow_1_62V_125C       0 
NO2I1X2          322     6929.698    D_CELLS_MOSST_slow_1_62V_125C       0 
NO2I1X4          175     5380.200    D_CELLS_MOSST_slow_1_62V_125C       0 
NO2X0              8       73.786    D_CELLS_MOSST_slow_1_62V_125C       0 
NO2X1           1887    17404.178    D_CELLS_MOSST_slow_1_62V_125C       0 
NO2X2           1881    28914.732    D_CELLS_MOSST_slow_1_62V_125C       0 
NO2X4           1255    34725.348    D_CELLS_MOSST_slow_1_62V_125C       0 
NO3I1X0            7      107.604    D_CELLS_MOSST_slow_1_62V_125C       0 
NO3I1X1            1       18.446    D_CELLS_MOSST_slow_1_62V_125C       0 
NO3I1X2            1       27.670    D_CELLS_MOSST_slow_1_62V_125C       0 
NO3I2X1            5      107.604    D_CELLS_MOSST_slow_1_62V_125C       0 
NO3X0             11      135.274    D_CELLS_MOSST_slow_1_62V_125C       0 
NO3X1             15      230.580    D_CELLS_MOSST_slow_1_62V_125C       0 
NO3X2             15      368.928    D_CELLS_MOSST_slow_1_62V_125C       0 
NO3X4              2       79.934    D_CELLS_MOSST_slow_1_62V_125C       0 
NO4I1X1            1       30.744    D_CELLS_MOSST_slow_1_62V_125C       0 
NO4I2X1            4      122.976    D_CELLS_MOSST_slow_1_62V_125C       0 
NO4X2              3       92.232    D_CELLS_MOSST_slow_1_62V_125C       0 
NO5I2X1            4      135.274    D_CELLS_MOSST_slow_1_62V_125C       0 
NO5I3X1            1       33.818    D_CELLS_MOSST_slow_1_62V_125C       0 
NO5I4X1            1       36.893    D_CELLS_MOSST_slow_1_62V_125C       0 
NO5X2              2       67.637    D_CELLS_MOSST_slow_1_62V_125C       0 
NO5X4              2       79.934    D_CELLS_MOSST_slow_1_62V_125C       0 
NO6I1X0            1       39.967    D_CELLS_MOSST_slow_1_62V_125C       0 
NO6I4X1            3      129.125    D_CELLS_MOSST_slow_1_62V_125C       0 
NO6X0              3      101.455    D_CELLS_MOSST_slow_1_62V_125C       0 
OA21X0            43      660.996    D_CELLS_MOSST_slow_1_62V_125C       0 
OA21X1            18      332.035    D_CELLS_MOSST_slow_1_62V_125C       0 
OA21X2            14      301.291    D_CELLS_MOSST_slow_1_62V_125C       0 
OA221X0            8      172.166    D_CELLS_MOSST_slow_1_62V_125C       0 
OA221X1            8      196.762    D_CELLS_MOSST_slow_1_62V_125C       0 
OA221X2            2       55.339    D_CELLS_MOSST_slow_1_62V_125C       0 
OA221X4            2       67.637    D_CELLS_MOSST_slow_1_62V_125C       0 
OA22X0             4       73.786    D_CELLS_MOSST_slow_1_62V_125C       0 
OA22X1            13      279.770    D_CELLS_MOSST_slow_1_62V_125C       0 
OA22X2             4       98.381    D_CELLS_MOSST_slow_1_62V_125C       0 
OA321X1            4      110.678    D_CELLS_MOSST_slow_1_62V_125C       0 
ON211X0            3       46.116    D_CELLS_MOSST_slow_1_62V_125C       0 
ON211X1            7      129.125    D_CELLS_MOSST_slow_1_62V_125C       0 
ON21X0           209     2570.198    D_CELLS_MOSST_slow_1_62V_125C       0 
ON21X1           182     2797.704    D_CELLS_MOSST_slow_1_62V_125C       0 
ON221X0           38      700.963    D_CELLS_MOSST_slow_1_62V_125C       0 
ON221X1            5      122.976    D_CELLS_MOSST_slow_1_62V_125C       0 
ON22X0             5       76.860    D_CELLS_MOSST_slow_1_62V_125C       0 
ON311X1            1       18.446    D_CELLS_MOSST_slow_1_62V_125C       0 
ON31X0             2       30.744    D_CELLS_MOSST_slow_1_62V_125C       0 
ON31X1            19      350.482    D_CELLS_MOSST_slow_1_62V_125C       0 
ON321X0            3       64.562    D_CELLS_MOSST_slow_1_62V_125C       0 
ON321X1            1       24.595    D_CELLS_MOSST_slow_1_62V_125C       0 
ON32X0             7      129.125    D_CELLS_MOSST_slow_1_62V_125C       0 
OR2X1            654     8042.630    D_CELLS_MOSST_slow_1_62V_125C       0 
OR2X2            254     3904.488    D_CELLS_MOSST_slow_1_62V_125C       0 
OR2X4             35      860.832    D_CELLS_MOSST_slow_1_62V_125C       0 
OR3X0             16      245.952    D_CELLS_MOSST_slow_1_62V_125C       0 
OR3X1              2       36.893    D_CELLS_MOSST_slow_1_62V_125C       0 
OR3X2             15      322.812    D_CELLS_MOSST_slow_1_62V_125C       0 
OR3X4              5      169.092    D_CELLS_MOSST_slow_1_62V_125C       0 
OR4X1              1       24.595    D_CELLS_MOSST_slow_1_62V_125C       0 
OR6X1              3      101.455    D_CELLS_MOSST_slow_1_62V_125C       0 
SDFRQX0        13904   897675.610    D_CELLS_MOSST_slow_1_62V_125C       0 
SDFRQX1            5      353.556    D_CELLS_MOSST_slow_1_62V_125C       0 
SDFRQX2         1744   123320.333    D_CELLS_MOSST_slow_1_62V_125C       0 
SDFRQX4          301    24985.649    D_CELLS_MOSST_slow_1_62V_125C       0 
SDFRRSQX2          2      172.166    D_CELLS_MOSST_slow_1_62V_125C       0 
SDFRSQX2           3      230.580    D_CELLS_MOSST_slow_1_62V_125C       0 
SDFRSQX4           7      602.582    D_CELLS_MOSST_slow_1_62V_125C       0 
SDFRX0             1       67.637    D_CELLS_MOSST_slow_1_62V_125C       0 
SDFRX1            15     1106.784    D_CELLS_MOSST_slow_1_62V_125C       0 
SDFRX2             7      538.020    D_CELLS_MOSST_slow_1_62V_125C       0 
SDFRX4             3      285.919    D_CELLS_MOSST_slow_1_62V_125C       0 
---------------------------------------------------------------------------
total          63192  1907612.935                                  


                                            
     Type      Instances     Area    Area % 
--------------------------------------------
sequential         15992 1049338.836   55.0 
inverter            2423   21428.568    1.1 
buffer               298    5589.259    0.3 
logic              44479  831256.272   43.6 
physical_cells         0       0.000    0.0 
--------------------------------------------
total              63192 1907612.935  100.0 

