Command: report datapath > reports_May15-14:48:55/map/USFFT64_2B_datapath.rpt
============================================================
  Generated by:           Genus(TM) Synthesis Solution GENUS15.22 - 15.20-s024_1
  Generated on:           May 15 2025  02:59:22 pm
  Module:                 USFFT64_2B
  Library domain:         worst_timing_cond
    Domain index:         0
    Technology libraries: D_CELLS_MOSST_slow_1_62V_125C V 2.1.0
                          IO_CELLS_3V_MOS3ST_slow_1_62V_3_30V_125C 1.1.0
    Operating conditions: slow_1_62V_125C 
  Interconnect mode:      global
  Area mode:              physical library
============================================================


Inferred components

                 Operator   Signedness   Inputs   Outputs CellArea 
===================================================================
USFFT64_2B
 U_FFT1
  UMI_csa_tree_add_82_30_groupi
   
   module:csa_tree_add_82_30_group_788_789
    very_fast csa_and_adder            9x14x22x19 22       3833.78 
===================================================================
USFFT64_2B
 U_FFT1
  UMR_csa_tree_add_82_30_groupi
   
   module:csa_tree_add_82_30_group_788_789_1
    very_fast csa_and_adder            9x14x22x19 22       3833.78 
-------------------------------------------------------------------
    add_82_30       +       signed     23x9       22               
    add_82_21       +       signed     23x14      23               
    add_87_23       +       signed     22x19      23               
===================================================================
USFFT64_2B
 U_FFT2
  UMI_csa_tree_add_82_30_groupi
   
   module:csa_tree_add_82_30_group_784_785
    very_fast csa_and_adder            11x16x24x2 24       4396.39 
                                       1                           
===================================================================
USFFT64_2B
 U_FFT2
  UMR_csa_tree_add_82_30_groupi
   
   module:csa_tree_add_82_30_group_784_785_1
    very_fast csa_and_adder            11x16x24x2 24       4396.39 
                                       1                           
-------------------------------------------------------------------
    add_82_30       +       signed     25x11      24               
    add_82_21       +       signed     25x16      25               
    add_87_23       +       signed     24x21      25               
===================================================================
USFFT64_2B
 U_MPU_mul_107_19
  
  module:mult_signed
   timing_driven/booth
                    *       signed     18x15      33      41424.47 
===================================================================
USFFT64_2B
 U_MPU_mul_108_17
  
  module:mult_signed
   timing_driven/booth
                    *       signed     18x15      33      41424.47 
===================================================================
USFFT64_2B
 U_MPU_mul_109_17
  
  module:mult_signed
   timing_driven/booth
                    *       signed     18x15      33      41424.47 
===================================================================
USFFT64_2B
 U_MPU_mul_110_17
  
  module:mult_signed
   timing_driven/booth
                    *       signed     18x15      33      41424.47 
===================================================================

      Type        CellArea  Percentage 
---------------------------------------
datapath modules  182158.20       9.55 
external muxes         0.00       0.00 
others           1725454.74      90.45 
---------------------------------------
total            1907612.94     100.00 

