============================================================
  Generated by:           Genus(TM) Synthesis Solution GENUS15.22 - 15.20-s024_1
  Generated on:           May 19 2025  10:25:37 pm
  Module:                 USFFT64_2B
  Interconnect mode:      global
  Area mode:              physical library
============================================================


Path 1: MET (3345 ps) Setup Check with Pin U_MPU_dii_reg[17]/C->D
           View: nominal_view
          Group: clk
     Startpoint: (R) U_MPU_wid_reg[3]/C
          Clock: (R) clk
       Endpoint: (F) U_MPU_dii_reg[17]/D
          Clock: (R) clk

                     Capture       Launch     
        Clock Edge:+   10000            0     
       Src Latency:+       0            0     
       Net Latency:+       0 (I)        0 (I) 
           Arrival:=   10000            0     
                                              
             Setup:-     326                  
       Uncertainty:-     400                  
     Required Time:=    9274                  
      Launch Clock:-       0                  
         Data Path:-    5929                  
             Slack:=    3345                  

#--------------------------------------------------------------------------------------------------
#          Timing Point            Flags    Arc   Edge   Cell     Fanout  Load Trans Delay Arrival 
#                                                                         (fF)  (ps)  (ps)   (ps)  
#--------------------------------------------------------------------------------------------------
  U_MPU_wid_reg[3]/C               -       -      R     (arrival)  15992     -     0     -       0 
  U_MPU_wid_reg[3]/Q               -       C->Q   F     SDFRQX2        4  49.6   172   324     324 
  U_MPU_mul_110_17/g7743/Q         -       A->Q   R     INX4          22 133.1   180   136     460 
  U_MPU_mul_110_17/g7727/Q         -       A->Q   F     INX2          14  81.2   188   143     603 
  U_MPU_mul_110_17/g7845/Q         -       D->Q   F     AO22X2         4  43.9   133   260     863 
  U_MPU_mul_110_17/g7373/Q         -       A->Q   R     NO2X4          3  25.3   122    92     954 
  U_MPU_mul_110_17/g7361/Q         -       A->Q   F     INX3          16  79.6   140   109    1063 
  U_MPU_mul_110_17/g7259/Q         -       A->Q   R     ON22X1         1  19.5   358   178    1241 
  U_MPU_mul_110_17/cdnfadd_008_1/S (p)     B->S   R     FAX4           1  18.3    82   498    1739 
  U_MPU_mul_110_17/cdnfadd_008_2/S (p)     CI->S  R     FAX4           2   9.7    66   405    2144 
  U_MPU_mul_110_17/g7839/Q         -       A->Q   R     AO22X2         1   6.6    67   162    2306 
  U_MPU_mul_110_17/g7838/Q         -       C->Q   R     AO21X4         1   7.7    53    90    2396 
  U_MPU_mul_110_17/g7837/Q         -       AN->Q  R     NO3I2X2        1   8.8   156   119    2515 
  U_MPU_mul_110_17/g7112/Q         -       A->Q   F     NO2X2          1  11.4    64    48    2563 
  U_MPU_mul_110_17/g7108/Q         -       B->Q   R     NA2X2          1   7.9    81    68    2631 
  U_MPU_mul_110_17/g7100/Q         -       B->Q   F     AN21X1         1   8.8   103    85    2716 
  U_MPU_mul_110_17/g7076/Q         -       A->Q   R     NO2X2          1   8.8   104    75    2791 
  U_MPU_mul_110_17/g7073/Q         -       A->Q   F     NO2X2          2  18.8    77    58    2849 
  U_MPU_mul_110_17/g7059/Q         -       A->Q   R     NO2X4          1  14.5    95    64    2913 
  U_MPU_mul_110_17/g7052/Q         -       A->Q   F     NO2X4          2  18.8    51    42    2955 
  U_MPU_mul_110_17/g7049/Q         -       A->Q   R     NO2X4          1  14.5    90    59    3014 
  U_MPU_mul_110_17/g7047/Q         -       A->Q   F     NO2X4          2  18.8    52    41    3055 
  U_MPU_mul_110_17/g7045/Q         -       A->Q   R     NO2X4          1  14.5    90    59    3114 
  U_MPU_mul_110_17/g7043/Q         -       A->Q   F     NO2X4          1  18.1    51    41    3154 
  U_MPU_mul_110_17/g7041/CO        -       CI->CO F     FAX2           2  18.8    97   216    3371 
  U_MPU_mul_110_17/g7039/Q         -       A->Q   R     NO2X4          1  14.5    96    69    3440 
  U_MPU_mul_110_17/g7037/Q         -       A->Q   F     NO2X4          2  18.8    52    42    3482 
  U_MPU_mul_110_17/g7035/Q         -       A->Q   R     NO2X4          1   8.8    82    51    3533 
  U_MPU_mul_110_17/g7033/Q         -       A->Q   F     NO2X2          1  18.1    76    53    3586 
  U_MPU_mul_110_17/g7031/CO        -       CI->CO F     FAX2           2  13.1    81   207    3793 
  U_MPU_mul_110_17/g7029/Q         -       A->Q   R     NO2X2          1   8.8    99    70    3863 
  U_MPU_mul_110_17/g7027/Q         -       A->Q   F     NO2X2          2  22.3    90    61    3924 
  U_MPU_mul_110_17/g7025/Q         -       A->Q   R     NO2X4          1  14.5    96    68    3992 
  U_MPU_mul_110_17/g7023/Q         -       A->Q   F     NO2X4          1  18.1    76    42    4033 
  U_MPU_mul_110_17/g7021/CO        -       CI->CO F     FAX2           2  16.6    91   216    4249 
  U_MPU_mul_110_17/g7019/Q         -       A->Q   R     NO2X2          1   8.8   106    72    4321 
  U_MPU_mul_110_17/g7017/Q         -       A->Q   F     NO2X2          1  18.1    83    57    4378 
  U_MPU_mul_110_17/g7015/CO        -       CI->CO F     FAX2           1  18.1    95   221    4599 
  U_MPU_mul_110_17/g7013/CO        -       CI->CO F     FAX2           1  18.1    95   223    4822 
  U_MPU_mul_110_17/g7011/CO        -       CI->CO F     FAX2           1  18.1    95   223    5045 
  U_MPU_mul_110_17/g7009/CO        -       CI->CO F     FAX2           2  16.6    91   219    5264 
  U_MPU_mul_110_17/g7007/Q         -       A->Q   R     NO2X2          1   8.8   106    72    5336 
  U_MPU_mul_110_17/g7005/Q         -       A->Q   F     NO2X2          2  16.6    80    55    5391 
  U_MPU_mul_110_17/g7003/Q         -       A->Q   R     NO2X2          1   8.8   106    70    5461 
  U_MPU_mul_110_17/g7001/Q         -       A->Q   F     NO2X2          2  16.6    80    55    5516 
  U_MPU_mul_110_17/g7821/Q         -       A->Q   F     EO2X1          1   5.3   126   173    5689 
  g7387/Q                          -       IN0->Q F     MU2X0          1   5.6   155   240    5929 
  U_MPU_dii_reg[17]/D              <<<     -      F     SDFRQX0        1     -     -     0    5929 
#--------------------------------------------------------------------------------------------------

(p) : Instance is preserved but may be resized

