============================================================
  Generated by:           Genus(TM) Synthesis Solution GENUS15.22 - 15.20-s024_1
  Generated on:           May 19 2025  10:25:37 pm
  Module:                 USFFT64_2B
  Interconnect mode:      global
  Area mode:              physical library
============================================================

                              Library        Leakage     Dynamic        Total     
           Instance            Domain Cells Power(nW)   Power(nW)     Power(nW)   
----------------------------------------------------------------------------------
USFFT64_2B                       1    50047  5234.818 262633259.953 262638494.771 
  U_BUF2_URAM                    1    12231  1404.405  46731698.338  46733102.744 
  U_BUF1_URAM                    1    10914  1250.114  42560602.993  42561853.107 
  U_FFT2                         1     5450   452.710  36893879.595  36894332.305 
    UMI_csa_tr.._82_30_groupi    1      127     6.473   1190818.776   1190825.249 
    UMR_csa_tr.._82_30_groupi    1      127     6.473   1157694.090   1157700.564 
  U_FFT1                         1     4806   402.739  31692485.580  31692888.318 
    UMI_csa_tr.._82_30_groupi    1      120     5.877   1039069.188   1039075.065 
    UMR_csa_tr.._82_30_groupi    1      120     5.877   1006418.235   1006424.112 
  U_MPU_mul_108_17               1      630    31.811   6020867.127   6020898.938 
  U_MPU_mul_110_17               1      630    31.811   6507729.944   6507761.755 
  U_MPU_mul_107_19               1      629    31.770   5955019.826   5955051.597 
  U_MPU_mul_109_17               1      629    31.770   6670389.427   6670421.198 

