============================================================
  Generated by:           Genus(TM) Synthesis Solution GENUS15.22 - 15.20-s024_1
  Generated on:           May 19 2025  10:25:33 pm
  Module:                 USFFT64_2B
  Interconnect mode:      global
  Area mode:              physical library
============================================================

             Instance                   Domain         Cells  Cell Area  Net Area   Total Area 
-----------------------------------------------------------------------------------------------
USFFT64_2B                        nominal_timing_cond  50047    1740464    768712      2509176 
  U_BUF2_URAM                     nominal_timing_cond  12231     450759    163278       614038 
  U_BUF1_URAM                     nominal_timing_cond  10914     401206    155359       556565 
  U_FFT2                          nominal_timing_cond   5450     164948     72291       237238 
    UMR_csa_tree_add_82_30_groupi nominal_timing_cond    127       3499      1342         4840 
    UMI_csa_tree_add_82_30_groupi nominal_timing_cond    127       3499      1342         4840 
  U_FFT1                          nominal_timing_cond   4806     146132     66489       212621 
    UMR_csa_tree_add_82_30_groupi nominal_timing_cond    120       3084      1255         4339 
    UMI_csa_tree_add_82_30_groupi nominal_timing_cond    120       3084      1255         4339 
  U_MPU_mul_110_17                nominal_timing_cond    630      15652      7932        23584 
  U_MPU_mul_108_17                nominal_timing_cond    630      15652      7932        23584 
  U_MPU_mul_109_17                nominal_timing_cond    629      15643      7892        23534 
  U_MPU_mul_107_19                nominal_timing_cond    629      15643      7892        23534 
