============================================================
  Generated by:           Genus(TM) Synthesis Solution GENUS15.22 - 15.20-s024_1
  Generated on:           May 19 2025  10:26:00 pm
  Module:                 USFFT64_2B
  Interconnect mode:      global
  Area mode:              physical library
============================================================

                                  Leakage     Internal                                   Library 
  Gate   Instances     Area     Power (nW)   Power (nW)               Library             Domain 
-------------------------------------------------------------------------------------------------
AN211X0          8      122.976      0.207       4848.321    D_CELLS_MOSST_typ_1_80V_25C       1 
AN211X1         12      221.357      0.268      17945.162    D_CELLS_MOSST_typ_1_80V_25C       1 
AN21X1         186     2287.354      4.426     353058.638    D_CELLS_MOSST_typ_1_80V_25C       1 
AN221X0       2306    42537.398     78.153     339788.227    D_CELLS_MOSST_typ_1_80V_25C       1 
AN221X1         15      322.812      0.431      38161.502    D_CELLS_MOSST_typ_1_80V_25C       1 
AN222X0         78     1678.622      3.382      72123.658    D_CELLS_MOSST_typ_1_80V_25C       1 
AN22X1        2458    37784.376     75.217     573250.319    D_CELLS_MOSST_typ_1_80V_25C       1 
AN31X1           2       30.744      0.049       2061.559    D_CELLS_MOSST_typ_1_80V_25C       1 
AN321X0          2       43.042      0.072       1671.640    D_CELLS_MOSST_typ_1_80V_25C       1 
AND2X1         383     4709.981     10.873     236213.346    D_CELLS_MOSST_typ_1_80V_25C       1 
AND2X2           7      129.125      0.307      10600.867    D_CELLS_MOSST_typ_1_80V_25C       1 
AND2X4           8      221.357      0.709     106518.631    D_CELLS_MOSST_typ_1_80V_25C       1 
AND3X1           9      138.348      0.211       3215.330    D_CELLS_MOSST_typ_1_80V_25C       1 
AND4X1           3       73.786      0.128       4469.131    D_CELLS_MOSST_typ_1_80V_25C       1 
AND5X1           1       27.670      0.037       3750.530    D_CELLS_MOSST_typ_1_80V_25C       1 
AND6X1         851    26163.144     27.783    1135739.521    D_CELLS_MOSST_typ_1_80V_25C       1 
AO211X0          5       92.232      0.330       6054.920    D_CELLS_MOSST_typ_1_80V_25C       1 
AO21X0          24      368.928      1.535      31544.178    D_CELLS_MOSST_typ_1_80V_25C       1 
AO21X1          31      571.838      1.260      74187.610    D_CELLS_MOSST_typ_1_80V_25C       1 
AO21X2          11      270.547      0.670      43534.256    D_CELLS_MOSST_typ_1_80V_25C       1 
AO21X4           4      110.678      0.401      47617.866    D_CELLS_MOSST_typ_1_80V_25C       1 
AO221X0        210     4519.368     14.790     403409.808    D_CELLS_MOSST_typ_1_80V_25C       1 
AO221X1          6      147.571      0.260      15257.366    D_CELLS_MOSST_typ_1_80V_25C       1 
AO221X2          1       33.818      0.066       7294.116    D_CELLS_MOSST_typ_1_80V_25C       1 
AO221X4          1       36.893      0.107       7167.121    D_CELLS_MOSST_typ_1_80V_25C       1 
AO222X0        164     4033.613     12.295     467741.739    D_CELLS_MOSST_typ_1_80V_25C       1 
AO22X0        2477    45691.733    156.782     435069.240    D_CELLS_MOSST_typ_1_80V_25C       1 
AO22X1          12      258.250      0.499      31062.338    D_CELLS_MOSST_typ_1_80V_25C       1 
AO22X2          24      664.070      1.407     107274.549    D_CELLS_MOSST_typ_1_80V_25C       1 
AO22X4           4      122.976      0.384      24338.815    D_CELLS_MOSST_typ_1_80V_25C       1 
AO321X0          4       98.381      0.283       5126.159    D_CELLS_MOSST_typ_1_80V_25C       1 
AO32X0          12      258.250      0.714      10998.772    D_CELLS_MOSST_typ_1_80V_25C       1 
BUX1            10      122.976      0.392      14177.032    D_CELLS_MOSST_typ_1_80V_25C       1 
BUX2            23      353.556      1.477      71626.590    D_CELLS_MOSST_typ_1_80V_25C       1 
BUX20            1       98.381      0.631      19725.877    D_CELLS_MOSST_typ_1_80V_25C       1 
BUX4             2       49.190      0.257       8746.031    D_CELLS_MOSST_typ_1_80V_25C       1 
EN2X0          373     5733.756     17.693     718710.332    D_CELLS_MOSST_typ_1_80V_25C       1 
EN2X1           55     1183.644      2.496     218004.552    D_CELLS_MOSST_typ_1_80V_25C       1 
EN2X2            4      135.274      0.358      19267.011    D_CELLS_MOSST_typ_1_80V_25C       1 
EN3X0          122     3375.691     14.719     493427.599    D_CELLS_MOSST_typ_1_80V_25C       1 
EN3X1           75     2997.540      6.725     498069.686    D_CELLS_MOSST_typ_1_80V_25C       1 
EO2X0          218     3351.096     15.715     396092.320    D_CELLS_MOSST_typ_1_80V_25C       1 
EO2X1           73     1571.018      3.706     255493.386    D_CELLS_MOSST_typ_1_80V_25C       1 
EO3X0           77     2130.559     11.188     289004.434    D_CELLS_MOSST_typ_1_80V_25C       1 
EO3X1           76     3037.507      7.153     497009.383    D_CELLS_MOSST_typ_1_80V_25C       1 
FAX0           544    28432.051     55.830    3044545.351    D_CELLS_MOSST_typ_1_80V_25C       1 
FAX1           599    34989.746     43.408    5967932.852    D_CELLS_MOSST_typ_1_80V_25C       1 
FAX2            74     4777.618      6.291    1088217.816    D_CELLS_MOSST_typ_1_80V_25C       1 
FAX4           311    22947.322     30.282    8124365.545    D_CELLS_MOSST_typ_1_80V_25C       1 
HAX1           103     3166.632      5.732     390394.789    D_CELLS_MOSST_typ_1_80V_25C       1 
HAX2            16      590.285      1.013     104556.323    D_CELLS_MOSST_typ_1_80V_25C       1 
INX1          1536     9444.557     30.817    2041068.955    D_CELLS_MOSST_typ_1_80V_25C       1 
INX2            55      507.276      2.220      92177.586    D_CELLS_MOSST_typ_1_80V_25C       1 
INX20            3      285.919      1.885      27404.502    D_CELLS_MOSST_typ_1_80V_25C       1 
INX3            38      584.136      2.336      79531.573    D_CELLS_MOSST_typ_1_80V_25C       1 
INX4             8      147.571      0.676      20801.361    D_CELLS_MOSST_typ_1_80V_25C       1 
INX8            24      737.856      3.966      37433.788    D_CELLS_MOSST_typ_1_80V_25C       1 
MU2IX1         438     8079.523     20.318    1435348.099    D_CELLS_MOSST_typ_1_80V_25C       1 
MU2X0        15548   334605.398   1356.858   14365407.944    D_CELLS_MOSST_typ_1_80V_25C       1 
MU2X2           22      541.094      1.683     117708.859    D_CELLS_MOSST_typ_1_80V_25C       1 
NA2I1X0        368     4525.517     18.679     418888.562    D_CELLS_MOSST_typ_1_80V_25C       1 
NA2I1X1        101     1552.572      3.952     165655.094    D_CELLS_MOSST_typ_1_80V_25C       1 
NA2I1X2         11      202.910      0.603      34316.450    D_CELLS_MOSST_typ_1_80V_25C       1 
NA2I1X4          4      122.976      0.427      27041.192    D_CELLS_MOSST_typ_1_80V_25C       1 
NA2X1          555     5118.876     10.521     580233.974    D_CELLS_MOSST_typ_1_80V_25C       1 
NA2X2           56      860.832      2.123     149663.363    D_CELLS_MOSST_typ_1_80V_25C       1 
NA2X4            8      245.952      0.607      18062.357    D_CELLS_MOSST_typ_1_80V_25C       1 
NA3I1X0          9      138.348      0.421       3937.435    D_CELLS_MOSST_typ_1_80V_25C       1 
NA3X1          190     2336.544      3.198     503106.726    D_CELLS_MOSST_typ_1_80V_25C       1 
NA4X1            4      110.678      0.261       3255.936    D_CELLS_MOSST_typ_1_80V_25C       1 
NA5I2X1          1       33.818      0.093       3557.807    D_CELLS_MOSST_typ_1_80V_25C       1 
NA5I3X1          1       33.818      0.096       4613.826    D_CELLS_MOSST_typ_1_80V_25C       1 
NA5X1            1       30.744      0.060       2255.747    D_CELLS_MOSST_typ_1_80V_25C       1 
NA6I3X1          6      221.357      0.550      22918.126    D_CELLS_MOSST_typ_1_80V_25C       1 
NO2I1X0          1       12.298      0.051        758.028    D_CELLS_MOSST_typ_1_80V_25C       1 
NO2I1X1        448     5509.325     17.806     922966.560    D_CELLS_MOSST_typ_1_80V_25C       1 
NO2I1X2          5      107.604      0.281      14657.353    D_CELLS_MOSST_typ_1_80V_25C       1 
NO2I1X4          1       30.744      0.098       5731.489    D_CELLS_MOSST_typ_1_80V_25C       1 
NO2X0            8       73.786      0.206        910.706    D_CELLS_MOSST_typ_1_80V_25C       1 
NO2X1         1152    10625.126     22.553    1108204.732    D_CELLS_MOSST_typ_1_80V_25C       1 
NO2X2           96     1475.712      3.759     327090.073    D_CELLS_MOSST_typ_1_80V_25C       1 
NO2X4           64     1770.854      4.605     612304.743    D_CELLS_MOSST_typ_1_80V_25C       1 
NO3I1X0          7      107.604      0.317       3058.999    D_CELLS_MOSST_typ_1_80V_25C       1 
NO3I2X2          4      135.274      0.267      46625.811    D_CELLS_MOSST_typ_1_80V_25C       1 
NO3X0           10      122.976      0.198       4394.865    D_CELLS_MOSST_typ_1_80V_25C       1 
NO4I1X1          2       61.488      0.172       5875.965    D_CELLS_MOSST_typ_1_80V_25C       1 
NO4X2            2       61.488      0.128       3576.643    D_CELLS_MOSST_typ_1_80V_25C       1 
NO5I1X1          2       67.637      0.160       5956.539    D_CELLS_MOSST_typ_1_80V_25C       1 
NO5I2X1          2       67.637      0.133       1049.945    D_CELLS_MOSST_typ_1_80V_25C       1 
NO5I3X1          3      101.455      0.193       8731.536    D_CELLS_MOSST_typ_1_80V_25C       1 
NO6I1X0          1       39.967      0.120       1727.491    D_CELLS_MOSST_typ_1_80V_25C       1 
NO6I2X0          3      119.902      0.329       5441.128    D_CELLS_MOSST_typ_1_80V_25C       1 
NO6I3X0          1       43.042      0.135       4189.569    D_CELLS_MOSST_typ_1_80V_25C       1 
NO6X0            2       67.637      0.123       4028.637    D_CELLS_MOSST_typ_1_80V_25C       1 
OA21X0          23      353.556      1.206      35260.134    D_CELLS_MOSST_typ_1_80V_25C       1 
OA21X1          15      276.696      0.527      58951.202    D_CELLS_MOSST_typ_1_80V_25C       1 
OA21X2          26      559.541      1.307     158508.617    D_CELLS_MOSST_typ_1_80V_25C       1 
OA221X2          2       55.339      0.097      14647.241    D_CELLS_MOSST_typ_1_80V_25C       1 
OA222X1          4      110.678      0.167       6926.313    D_CELLS_MOSST_typ_1_80V_25C       1 
OA22X0           6      110.678      0.395       6441.885    D_CELLS_MOSST_typ_1_80V_25C       1 
OA22X2           8      196.762      0.481      25842.051    D_CELLS_MOSST_typ_1_80V_25C       1 
ON211X0          1       15.372      0.026        255.108    D_CELLS_MOSST_typ_1_80V_25C       1 
ON211X1          4       73.786      0.083      11790.506    D_CELLS_MOSST_typ_1_80V_25C       1 
ON21X0         136     1672.474      4.198     106377.967    D_CELLS_MOSST_typ_1_80V_25C       1 
ON21X1          60      922.320      1.452     121453.585    D_CELLS_MOSST_typ_1_80V_25C       1 
ON221X0         40      737.856      1.328      35992.946    D_CELLS_MOSST_typ_1_80V_25C       1 
ON221X1          6      147.571      0.164      23519.712    D_CELLS_MOSST_typ_1_80V_25C       1 
ON222X0          1       21.521      0.040        474.430    D_CELLS_MOSST_typ_1_80V_25C       1 
ON22X0         182     2797.704      6.494     178199.940    D_CELLS_MOSST_typ_1_80V_25C       1 
ON22X1         257     4740.725      7.859     613403.752    D_CELLS_MOSST_typ_1_80V_25C       1 
ON311X1          2       36.893      0.043      11606.073    D_CELLS_MOSST_typ_1_80V_25C       1 
ON31X0           3       46.116      0.090       2233.666    D_CELLS_MOSST_typ_1_80V_25C       1 
ON31X1          18      332.035      0.460      40355.365    D_CELLS_MOSST_typ_1_80V_25C       1 
ON321X0          1       21.521      0.030        708.852    D_CELLS_MOSST_typ_1_80V_25C       1 
ON32X0           2       36.893      0.068        338.429    D_CELLS_MOSST_typ_1_80V_25C       1 
OR2X1          363     4464.029     15.430     289751.185    D_CELLS_MOSST_typ_1_80V_25C       1 
OR2X2            9      138.348      0.560      15255.688    D_CELLS_MOSST_typ_1_80V_25C       1 
OR3X0            7      107.604      0.434       1606.343    D_CELLS_MOSST_typ_1_80V_25C       1 
OR4X1            1       24.595      0.057       1676.463    D_CELLS_MOSST_typ_1_80V_25C       1 
OR5X1            1       27.670      0.051       1419.688    D_CELLS_MOSST_typ_1_80V_25C       1 
OR6X1            1       33.818      0.072       3841.259    D_CELLS_MOSST_typ_1_80V_25C       1 
SDFRQX0      15056   972051.494   2878.557  120459260.316    D_CELLS_MOSST_typ_1_80V_25C       1 
SDFRQX1          2      141.422      0.367      22467.241    D_CELLS_MOSST_typ_1_80V_25C       1 
SDFRQX2        895    63286.524    171.720   12378296.200    D_CELLS_MOSST_typ_1_80V_25C       1 
SDFRQX4         26     2158.229      5.486     383161.645    D_CELLS_MOSST_typ_1_80V_25C       1 
SDFRX0          13      879.278      2.485     121987.901    D_CELLS_MOSST_typ_1_80V_25C       1 
-------------------------------------------------------------------------------------------------
total        50047  1740463.956   5234.818  185214143.918                                


                                              Leakage  Leakage    Internal   Internal 
     Type      Instances     Area    Area % Power (nW) Power %   Power (nW)   Power % 
--------------------------------------------------------------------------------------
sequential         15992 1038516.948   59.7   3058.615    58.4 133365173.304     72.0 
inverter            1664   11707.315    0.7     41.899     0.8   2298417.763      1.2 
buffer                36     624.103    0.0      2.757     0.1    114275.529      0.1 
logic              32355  689615.590   39.6   2131.547    40.7  49436277.322     26.7 
physical_cells         0       0.000    0.0      0.000     0.0         0.000      0.0 
--------------------------------------------------------------------------------------
total              50047 1740463.956  100.0   5234.818   100.0 185214143.918    100.0 

