============================================================
  Generated by:           Genus(TM) Synthesis Solution GENUS15.22 - 15.20-s024_1
  Generated on:           May 21 2025  04:29:30 pm
  Module:                 USFFT64_2B
  Interconnect mode:      global
  Area mode:              physical library
============================================================

             Instance                  Domain        Cells  Cell Area  Net Area   Total Area 
---------------------------------------------------------------------------------------------
USFFT64_2B                        worst_timing_cond  54531    1782513    754941      2537453 
  U_BUF2_URAM                     worst_timing_cond  12228     450695    159566       610261 
  U_BUF1_URAM                     worst_timing_cond  10906     401092    142235       543328 
  U_FFT2                          worst_timing_cond   7367     180341     91243       271585 
    UMR_csa_tree_add_82_30_groupi worst_timing_cond    204       4080      2076         6156 
    UMI_csa_tree_add_82_30_groupi worst_timing_cond    204       4080      2076         6156 
  U_FFT1                          worst_timing_cond   6326     158461     79186       237646 
    UMR_csa_tree_add_82_30_groupi worst_timing_cond    180       3692      1812         5505 
    UMI_csa_tree_add_82_30_groupi worst_timing_cond    180       3692      1812         5505 
  U_MPU_mul_110_17                worst_timing_cond    866      18772     10455        29227 
  U_MPU_mul_109_17                worst_timing_cond    866      18772     10455        29227 
  U_MPU_mul_108_17                worst_timing_cond    866      18772     10455        29227 
  U_MPU_mul_107_19                worst_timing_cond    866      18772     10455        29227 
