============================================================
  Generated by:           Genus(TM) Synthesis Solution GENUS15.22 - 15.20-s024_1
  Generated on:           May 21 2025  04:29:30 pm
  Module:                 USFFT64_2B
  Interconnect mode:      global
  Area mode:              physical library
============================================================


Path 1: MET (69 ps) Setup Check with Pin U_MPU_dii_reg[12]/C->D
           View: worst_view
          Group: clk
     Startpoint: (R) U_MPU_wid_reg[7]/C
          Clock: (R) clk
       Endpoint: (F) U_MPU_dii_reg[12]/D
          Clock: (R) clk

                     Capture       Launch     
        Clock Edge:+    6670            0     
       Src Latency:+       0            0     
       Net Latency:+       0 (I)        0 (I) 
           Arrival:=    6670            0     
                                              
             Setup:-     527                  
       Uncertainty:-     400                  
     Required Time:=    5743                  
      Launch Clock:-       0                  
         Data Path:-    5675                  
             Slack:=      69                  

#---------------------------------------------------------------------------------------------------
#           Timing Point            Flags    Arc   Edge   Cell     Fanout  Load Trans Delay Arrival 
#                                                                          (fF)  (ps)  (ps)   (ps)  
#---------------------------------------------------------------------------------------------------
  U_MPU_wid_reg[7]/C                -       -      R     (arrival)  15992     -     0     -       0 
  U_MPU_wid_reg[7]/Q                -       C->Q   R     SDFRQX2        4  83.4   545   670     670 
  U_MPU_mul_110_17/g20831/Q         -       A->Q   F     INX8          21 141.1   216   177     847 
  U_MPU_mul_110_17/g20821/Q         -       A->Q   R     INX4           6  40.4   114   101     948 
  U_MPU_mul_110_17/g20627/Q         -       B->Q   F     NO2X2          1  14.1    94    85    1033 
  U_MPU_mul_110_17/g20609/Q         -       A->Q   R     NO2X4         12  77.9   375   226    1258 
  U_MPU_mul_110_17/g20534/Q         -       A->Q   F     INX2           4  20.8   134   109    1368 
  U_MPU_mul_110_17/g20533/Q         -       A->Q   R     INX1           6  33.0   263   180    1548 
  U_MPU_mul_110_17/g20236/Q         -       D->Q   F     ON22X1         1  18.0   306   251    1799 
  U_MPU_mul_110_17/cdnfadd_018_1/CO (p)     CI->CO F     FAX4           1  18.0   128   419    2218 
  U_MPU_mul_110_17/cdnfadd_019_2/S  (p)     CI->S  R     FAX4           1  19.1   130   637    2854 
  U_MPU_mul_110_17/cdnfadd_019_4/S  (p)     B->S   R     FAX4           1  18.0   127   661    3516 
  U_MPU_mul_110_17/cdnfadd_019_5/S  (p)     CI->S  R     FAX4           2  20.9   134   640    4155 
  U_MPU_mul_110_17/g19972/Q         -       A->Q   F     NA2X2          4  29.8   173   127    4282 
  U_MPU_mul_110_17/g19929/Q         -       A->Q   R     NA3X2          1   7.5   160   114    4397 
  U_MPU_mul_110_17/g19920/Q         -       AN->Q  R     NA2I1X2        1  13.9   156   181    4578 
  U_MPU_mul_110_17/g19914/Q         -       A->Q   F     NA2X4          1  16.7    91    74    4652 
  U_MPU_mul_110_17/g19910/Q         -       B->Q   R     NA2X4          4  29.6   157   120    4772 
  U_MPU_mul_110_17/g19909/Q         -       A->Q   F     NA2X2          1  10.8   104    81    4853 
  U_MPU_mul_110_17/g19903/Q         -       B->Q   R     NA3X2          2  16.1   210   144    4998 
  U_MPU_mul_110_17/g19893/Q         -       A->Q   F     NA2X2          1  13.9   120    96    5094 
  U_MPU_mul_110_17/g19886/Q         -       A->Q   R     NA2X4          2  14.2   120    86    5180 
  U_MPU_mul_110_17/g19877/Q         -       S->Q   F     MU2IX1         1   5.2   156   122    5301 
  g7440/Q                           -       IN0->Q F     MU2X0          1   5.5   249   374    5675 
  U_MPU_dii_reg[12]/D               <<<     -      F     SDFRQX0        1     -     -     0    5675 
#---------------------------------------------------------------------------------------------------

(p) : Instance is preserved but may be resized

