============================================================
  Generated by:           Genus(TM) Synthesis Solution GENUS15.22 - 15.20-s024_1
  Generated on:           May 21 2025  04:29:31 pm
  Module:                 USFFT64_2B
  Interconnect mode:      global
  Area mode:              physical library
============================================================

                              Library         Leakage     Dynamic        Total     
           Instance            Domain Cells  Power(nW)   Power(nW)     Power(nW)   
-----------------------------------------------------------------------------------
USFFT64_2B                       0    54531 171304.639 335664389.911 335835694.550 
  U_BUF2_URAM                    0    12228  44831.230  58340689.694  58385520.924 
  U_BUF1_URAM                    0    10906  39890.787  51645313.804  51685204.591 
  U_FFT2                         0     7367  16137.317  50646072.461  50662209.778 
    UMI_csa_tr.._82_30_groupi    0      204    275.273   1712139.043   1712414.316 
    UMR_csa_tr.._82_30_groupi    0      204    275.273   1706249.711   1706524.984 
  U_FFT1                         0     6326  14124.288  42458356.777  42472481.065 
    UMI_csa_tr.._82_30_groupi    0      180    254.447   1388293.964   1388548.411 
    UMR_csa_tr.._82_30_groupi    0      180    254.447   1461657.191   1461911.638 
  U_MPU_mul_107_19               0      866   1301.056   9092686.418   9093987.474 
  U_MPU_mul_108_17               0      866   1301.056   8846436.972   8847738.029 
  U_MPU_mul_109_17               0      866   1301.056   8920145.820   8921446.876 
  U_MPU_mul_110_17               0      866   1301.056   8790372.878   8791673.935 

