###############################################################
#  Generated by:      Cadence Innovus 15.20-p005_1
#  OS:                Linux x86_64(Host ID pgmicro01.ufrgs.br)
#  Generated on:      Tue Jun 17 21:09:01 2025
#  Design:            USFFT64_2B_TOP
#  Command:           check_design -all
###############################################################
Design: USFFT64_2B_TOP

------ Design Summary:
Total Standard Cell Number   (cells) : 53445
Total Block Cell Number      (cells) : 0
Total I/O Pad Cell Number    (cells) : 110
Total Standard Cell Area     ( um^2) : 1765649.44
Total Block Cell Area        ( um^2) : 0.00
Total I/O Pad Cell Area      ( um^2) : 1527040.00

------ Design Statistics:

Number of Instances            : 53555
Number of Nets                 : 54738
Average number of Pins per Net : 4.27
Maximum number of Pins in Net  : 15993

------ I/O Port summary

Number of Primary I/O Ports    : 92
Number of Input Ports          : 43
Number of Output Ports         : 49
Number of Bidirectional Ports  : 0
Number of Power/Ground Ports   : 0



------------------------------------------------------------
Detail report:


------ I/O Pad/Port Checking

WARN : Port SHIFT[3] is floating in the top design.
WARN : Port DR[15] is floating in the top design.
WARN : Port DI[15] is floating in the top design.
WARN : Port ADDR[5] is floating in the top design.
WARN : Port DOR[18] is floating in the top design.
WARN : Port DOI[18] is floating in the top design.

