============================================================
  Generated by:           Genus(TM) Synthesis Solution GENUS15.22 - 15.20-s024_1
  Generated on:           May 22 2025  11:22:57 pm
  Module:                 USFFT64_2B
  Interconnect mode:      global
  Area mode:              physical library
============================================================

                                Library         Leakage     Dynamic        Total     
            Instance             Domain Cells  Power(nW)   Power(nW)     Power(nW)   
-------------------------------------------------------------------------------------
USFFT64_2B                         0    49347 146787.174 380715243.992 380862031.166 
  Ubuf3                            0     5346  36561.410 100494437.714 100530999.125 
    URAM                           0     5237  36357.801 100001492.806 100037850.607 
    inc_add_100_14_5               0       26     28.306     28922.109     28950.415 
    inc_add_98_16_6                0       21     23.615     21640.385     21664.001 
  U_BUF2                           0     5088  34671.242  87826555.526  87861226.769 
    URAM                           0     4979  34467.633  87389319.214  87423786.847 
    inc_add_100_14_3               0       26     28.306     20771.522     20799.828 
    inc_add_98_16_4                0       21     23.615     19072.828     19096.443 
  U_BUF1                           0     4572  30890.907  60806435.549  60837326.456 
    URAM                           0     4463  30687.298  60396954.707  60427642.005 
    inc_add_100_14_1               0       26     28.306     18889.240     18917.546 
    inc_add_98_16_2                0       21     23.615     13862.591     13886.206 
  U_FFT2                           0    13935  18670.631  46767022.921  46785693.552 
    UMI                            0      825   1042.631   2783999.847   2785042.478 
      csa_tree_add_82_30_groupi    0      505    462.142    710102.488    710564.629 
      add_75_13                    0      261    187.753    602901.612    603089.364 
    UMR                            0      825   1042.631   2629431.443   2630474.074 
      csa_tree_add_82_30_groupi    0      505    462.142    616727.977    617190.119 
      add_75_13                    0      261    187.753    574985.067    575172.819 
    sub_328_18                     0      258    185.116    335222.308    335407.424 
    sub_329_18                     0      258    185.116    364082.438    364267.554 
    sub_342_19                     0      258    185.116     53044.960     53230.076 
    sub_343_19                     0      258    185.116     53440.886     53626.002 
    sub_270_24                     0      253    181.107    326804.442    326985.549 
    sub_271_16                     0      253    181.107    359400.731    359581.838 
    sub_274_26                     0      253    181.107    212027.914    212209.021 
    sub_275_18                     0      253    181.107    226796.145    226977.252 
    sub_331_25                     0      253    181.107    164562.202    164743.308 
    sub_332_18                     0      253    181.107    178206.613    178387.720 
    sub_338_21                     0      253    181.107    370161.645    370342.752 
    sub_339_19                     0      253    181.107    404514.861    404695.968 
    add_322_18                     0      238    171.947    334908.938    335080.886 
    add_323_17                     0      238    171.947    341415.320    341587.267 
    add_334_18                     0      238    171.947    353921.590    354093.538 
    add_335_17                     0      238    171.947    367134.287    367306.234 
    sub_250_15                     0      239    171.925    113825.907    113997.832 
    sub_252_15                     0      239    171.925    344308.301    344480.227 
    add_266_25                     0      234    168.597    173453.480    173622.077 
    add_267_18                     0      234    168.597    205898.656    206067.254 
    add_268_16                     0      234    168.597    298039.552    298208.149 
    add_269_15                     0      234    168.597    300416.419    300585.016 
    add_319_26                     0      234    168.597    140811.992    140980.589 
    add_320_18                     0      234    168.597    146884.199    147052.796 
    add_325_20                     0      234    168.597    416558.028    416726.625 
    add_326_19                     0      234    168.597    416040.767    416209.364 
    sub_203_28                     0      235    168.575    491746.094    491914.669 
    sub_204_19                     0      235    168.575    485051.374    485219.948 
    sub_207_28                     0      235    168.575    491746.094    491914.669 
    sub_208_19                     0      235    168.575    485051.374    485219.948 
    sub_231_19                     0      235    168.575    443403.213    443571.788 
    sub_232_20                     0      235    168.575    482126.632    482295.207 
    sub_248_15                     0      234    167.916    301758.021    301925.937 
    sub_170_15                     0      222    159.326    121478.641    121637.967 
    sub_171_16                     0      222    159.326    131366.502    131525.828 
    add_201_27                     0      217    156.723    492786.880    492943.603 
    add_202_18                     0      217    156.723    481311.004    481467.727 
    add_205_27                     0      217    156.723    433862.729    434019.453 
    add_206_18                     0      217    156.723    428914.658    429071.381 
    add_228_20                     0      217    156.723    410371.531    410528.254 
    add_229_19                     0      217    156.723    427877.806    428034.529 
    add_168_15                     0      205    148.133     97263.400     97411.532 
    add_169_15                     0      205    148.133    122218.651    122366.784 
    inc_add_140_15_10              0       10     12.186     16511.648     16523.834 
    inc_add_138_12_9               0        7      8.813     11051.501     11060.314 
  U_FFT1                           0    12454  16743.592  40184240.567  40200984.159 
    UMI                            0      737    934.852   1930330.653   1931265.505 
      csa_tree_add_82_30_groupi    0      450    413.457    303697.568    304111.026 
      add_75_13                    0      234    168.597    500736.222    500904.819 
    UMR                            0      737    934.852   2027864.184   2028799.035 
      csa_tree_add_82_30_groupi    0      450    413.457    354702.279    355115.736 
      add_75_13                    0      234    168.597    523361.267    523529.864 
    sub_328_18                     0      235    168.575    261503.412    261671.987 
    sub_329_18                     0      235    168.575    257346.784    257515.358 
    sub_342_19                     0      235    168.575     49490.581     49659.156 
    sub_343_19                     0      235    168.575     52345.435     52514.010 
    sub_270_24                     0      222    159.326    265131.591    265290.917 
    sub_271_16                     0      222    159.326    241077.317    241236.643 
    sub_274_26                     0      222    159.326    120868.616    121027.941 
    sub_275_18                     0      222    159.326    120428.143    120587.468 
    sub_331_25                     0      222    159.326    143775.407    143934.733 
    sub_332_18                     0      222    159.326    142000.344    142159.670 
    sub_338_21                     0      222    159.326    275990.932    276150.258 
    sub_339_19                     0      222    159.326    255323.116    255482.442 
    add_322_18                     0      217    156.723    285694.435    285851.158 
    add_323_17                     0      217    156.723    296334.964    296491.687 
    add_334_18                     0      217    156.723    260930.980    261087.703 
    add_335_17                     0      217    156.723    270411.142    270567.865 
    sub_250_15                     0      214    154.081     41802.426     41956.508 
    sub_252_15                     0      214    154.081    353589.856    353743.937 
    sub_203_28                     0      210    150.731    436720.915    436871.646 
    sub_204_19                     0      210    150.731    441376.384    441527.115 
    sub_207_28                     0      210    150.731    436720.915    436871.646 
    sub_208_19                     0      210    150.731    441376.384    441527.115 
    sub_231_19                     0      210    150.731    461692.808    461843.539 
    sub_232_20                     0      210    150.731    413933.428    414084.159 
    sub_248_15                     0      209    150.073    252428.100    252578.173 
    add_266_25                     0      205    148.133    119205.463    119353.595 
    add_267_18                     0      205    148.133    111728.713    111876.845 
    add_268_16                     0      205    148.133    255757.754    255905.887 
    add_269_15                     0      205    148.133    213044.047    213192.179 
    add_319_26                     0      205    148.133    127510.445    127658.577 
    add_320_18                     0      205    148.133    117497.594    117645.727 
    add_325_20                     0      205    148.133    256754.829    256902.962 
    add_326_19                     0      205    148.133    225008.478    225156.610 
    sub_170_15                     0      202    144.761    200056.841    200201.602 
    sub_171_16                     0      202    144.761    194378.719    194523.480 
    add_201_27                     0      194    140.196    500886.360    501026.557 
    add_202_18                     0      194    140.196    458544.532    458684.729 
    add_205_27                     0      194    140.196    381741.543    381881.739 
    add_206_18                     0      194    140.196    419351.049    419491.245 
    add_228_20                     0      194    140.196    388331.013    388471.209 
    add_229_19                     0      194    140.196    366089.147    366229.343 
    add_168_15                     0      187    134.885    164650.865    164785.750 
    add_169_15                     0      187    134.885    159581.504    159716.389 
    inc_add_140_15_8               0       10     12.186     14543.221     14555.407 
    inc_add_138_12_7               0        7      8.813      9374.348      9383.161 
  U_MPU                            0     7636   8318.722  20390268.673  20398587.395 
    mul_107_19                     0     1637   1618.640   2630485.878   2632104.518 
    mul_108_17                     0     1637   1618.640   2635914.151   2637532.791 
    mul_109_17                     0     1637   1618.640   2472596.454   2474215.094 
    mul_110_17                     0     1637   1618.640   2514983.701   2516602.341 
    UROM                           0      435    254.376    331871.821    332126.197 
    sub_123_15                     0      224    159.955    727562.301    727722.255 
    add_124_15                     0      208    149.420    661190.236    661339.656 
    inc_add_90_18_11               0       18     20.245     22034.226     22054.472 
  U_NORM2                          0      143    439.818   5460378.749   5460818.568 
    sll_83_18                      0       41     74.882    141758.903    141833.785 
    sll_84_18                      0       41     74.882    143492.181    143567.063 
  U_NORM1                          0      137    418.552   1321910.332   1322328.884 
    sll_83_18                      0       39     70.905    109904.666    109975.572 
    sll_84_18                      0       39     70.905    113487.429    113558.335 
  inc_add_165_17_12                0       18     20.245     20295.500     20315.745 

