============================================================
  Generated by:           Genus(TM) Synthesis Solution GENUS15.22 - 15.20-s024_1
  Generated on:           May 15 2025  02:59:14 pm
  Module:                 USFFT64_2B
  Library domain:         worst_timing_cond
    Domain index:         0
    Technology libraries: D_CELLS_MOSST_slow_1_62V_125C V 2.1.0
                          IO_CELLS_3V_MOS3ST_slow_1_62V_3_30V_125C 1.1.0
    Operating conditions: slow_1_62V_125C 
  Interconnect mode:      global
  Area mode:              physical library
============================================================

Timing
--------

   Mode    Clock Period 
------------------------
worst_view clk   5000.0 


             Cost  Critical Path  Violating 
   Mode     Group      Slack        Paths   
--------------------------------------------
worst_view clk            -225.2         63 
           default      No paths            

Instance Count
--------------
Leaf Instance Count             63192 
Sequential Instance Count       15992 
Combinational Instance Count    47200 
Hierarchical Instance Count        12 

Area
----
Cell Area                          1907612.935
Physical Cell Area                 0.000
Total Cell Area (Cell+Physical)    1907612.935
Net Area                           841354.025
Total Area (Cell+Physical+Net)     2748966.960

Runtime                            253.888 seconds
Elapsed Runtime                    652 seconds
Genus peak memory usage            824.20 
Innovus peak memory usage          no_value 
Hostname                           pgmicro01.ufrgs.br
