============================================================
  Generated by:           Genus(TM) Synthesis Solution GENUS15.22 - 15.20-s024_1
  Generated on:           May 22 2025  11:33:07 pm
  Module:                 USFFT64_2B
  Interconnect mode:      global
  Area mode:              physical library
============================================================

             Instance                  Domain        Cells  Cell Area  Net Area   Total Area 
---------------------------------------------------------------------------------------------
USFFT64_2B                        worst_timing_cond  53445    1765649    804400      2570050 
  U_BUF2_URAM                     worst_timing_cond  12238     451067    176424       627491 
  U_BUF1_URAM                     worst_timing_cond  10912     401277    151610       552887 
  U_FFT2                          worst_timing_cond   7045     172910     88454       261364 
    UMR_csa_tree_add_82_30_groupi worst_timing_cond    182       3818      1861         5679 
    UMI_csa_tree_add_82_30_groupi worst_timing_cond    181       3809      1853         5662 
  U_FFT1                          worst_timing_cond   6035     153173     76680       229852 
    UMR_csa_tree_add_82_30_groupi worst_timing_cond    166       3493      1675         5167 
    UMI_csa_tree_add_82_30_groupi worst_timing_cond    166       3493      1675         5167 
  U_MPU_mul_108_17                worst_timing_cond    765      17810      9491        27301 
  U_MPU_mul_110_17                worst_timing_cond    762      17785      9480        27265 
  U_MPU_mul_107_19                worst_timing_cond    759      17838      9399        27237 
  U_MPU_mul_109_17                worst_timing_cond    756      17733      9336        27070 
