============================================================
  Generated by:           Genus(TM) Synthesis Solution GENUS15.22 - 15.20-s024_1
  Generated on:           May 15 2025  03:08:03 pm
  Module:                 USFFT64_2B
  Interconnect mode:      global
  Area mode:              physical library
============================================================

Timing
--------

   Mode    Clock Period 
------------------------
worst_view clk   5000.0 


             Cost  Critical Path  Violating 
   Mode     Group      Slack        Paths   
--------------------------------------------
worst_view clk               0.0            
           default      No paths            

Instance Count
--------------
Leaf Instance Count             61999 
Sequential Instance Count       15992 
Combinational Instance Count    46007 
Hierarchical Instance Count         8 

Area
----
Cell Area                          1898263.685
Physical Cell Area                 0.000
Total Cell Area (Cell+Physical)    1898263.685
Net Area                           891251.575
Total Area (Cell+Physical+Net)     2789515.260

Runtime                            253.888 seconds
Elapsed Runtime                    1181 seconds
Genus peak memory usage            824.21 
Innovus peak memory usage          no_value 
Hostname                           pgmicro01.ufrgs.br
