============================================================
  Generated by:           Genus(TM) Synthesis Solution GENUS15.22 - 15.20-s024_1
  Generated on:           May 19 2025  10:22:52 pm
  Module:                 USFFT64_2B
  Interconnect mode:      global
  Area mode:              physical library
============================================================


Path 1: MET (266 ps) Setup Check with Pin U_MPU_dii_reg[18]/C->D
           View: worst_view
          Group: clk
     Startpoint: (R) U_MPU_wid_reg[3]/C
          Clock: (R) clk
       Endpoint: (F) U_MPU_dii_reg[18]/D
          Clock: (R) clk

                     Capture       Launch     
        Clock Edge:+   10000            0     
       Src Latency:+       0            0     
       Net Latency:+       0 (I)        0 (I) 
           Arrival:=   10000            0     
                                              
             Setup:-     527                  
       Uncertainty:-     400                  
     Required Time:=    9073                  
      Launch Clock:-       0                  
         Data Path:-    8807                  
             Slack:=     266                  

#--------------------------------------------------------------------------------------------------
#          Timing Point            Flags    Arc   Edge   Cell     Fanout  Load Trans Delay Arrival 
#                                                                         (fF)  (ps)  (ps)   (ps)  
#--------------------------------------------------------------------------------------------------
  U_MPU_wid_reg[3]/C               -       -      R     (arrival)  15992     -     0     -       0 
  U_MPU_wid_reg[3]/Q               -       C->Q   R     SDFRQX2        4  48.2   352   555     555 
  U_MPU_mul_110_17/g7743/Q         -       A->Q   F     INX4          23 134.7   264   213     768 
  U_MPU_mul_110_17/g7727/Q         -       A->Q   R     INX2           8  48.8   215   175     943 
  U_MPU_mul_110_17/g7583/Q         -       A->Q   F     NA2X2          1   6.9   101    75    1018 
  U_MPU_mul_110_17/g7390/Q         -       B->Q   R     NA2X1          1  10.4   197   145    1163 
  U_MPU_mul_110_17/g7359/Q         -       AN->Q  R     NA2I1X4       15  79.4   290   246    1409 
  U_MPU_mul_110_17/g7343/Q         -       A->Q   F     INX2           4  20.0   116    99    1508 
  U_MPU_mul_110_17/g7282/Q         -       A->Q   F     AO22X2         1  19.1   129   326    1834 
  U_MPU_mul_110_17/cdnfadd_012_0/S (p)     B->S   R     FAX4           1  19.1   130   663    2497 
  U_MPU_mul_110_17/cdnfadd_012_3/S (p)     B->S   R     FAX4           1  18.0   127   662    3159 
  U_MPU_mul_110_17/cdnfadd_012_4/S (p)     CI->S  R     FAX4           2  14.3   117   628    3787 
  U_MPU_mul_110_17/g7106/Q         -       A->Q   F     NA2X2          1   8.5    87    68    3855 
  U_MPU_mul_110_17/g7103/Q         -       A->Q   R     NA2X2          1   6.4   111    75    3930 
  U_MPU_mul_110_17/g7100/Q         -       C->Q   F     AN21X1         1   8.6   168    81    4012 
  U_MPU_mul_110_17/g7076/Q         -       A->Q   R     NO2X2          1   8.6   155   116    4127 
  U_MPU_mul_110_17/g7073/Q         -       A->Q   F     NO2X2          2  21.1   111    94    4222 
  U_MPU_mul_110_17/g7059/Q         -       A->Q   R     NO2X4          1  14.1   140    96    4317 
  U_MPU_mul_110_17/g7052/Q         -       A->Q   F     NO2X4          2  18.5    77    64    4382 
  U_MPU_mul_110_17/g7049/Q         -       A->Q   R     NO2X4          1  14.1   133    88    4470 
  U_MPU_mul_110_17/g7047/Q         -       A->Q   F     NO2X4          2  18.3    78    63    4533 
  U_MPU_mul_110_17/g7045/Q         -       A->Q   R     NO2X4          1  14.1   134    88    4621 
  U_MPU_mul_110_17/g7043/Q         -       A->Q   F     NO2X4          1  17.9    78    63    4684 
  U_MPU_mul_110_17/g7041/CO        -       CI->CO F     FAX2           2  18.3   149   329    5013 
  U_MPU_mul_110_17/g7039/Q         -       A->Q   R     NO2X4          1  14.1   141   104    5118 
  U_MPU_mul_110_17/g7037/Q         -       A->Q   F     NO2X4          2  18.3    78    64    5182 
  U_MPU_mul_110_17/g7035/Q         -       A->Q   R     NO2X4          1   8.6   122    76    5259 
  U_MPU_mul_110_17/g7033/Q         -       A->Q   F     NO2X2          1  17.9   114    81    5340 
  U_MPU_mul_110_17/g7031/CO        -       CI->CO F     FAX2           2  12.8   124   316    5656 
  U_MPU_mul_110_17/g7029/Q         -       A->Q   R     NO2X2          1   8.6   148   106    5762 
  U_MPU_mul_110_17/g7027/Q         -       A->Q   F     NO2X2          2  18.3   124    88    5849 
  U_MPU_mul_110_17/g7025/Q         -       A->Q   R     NO2X4          1  14.1   141    99    5948 
  U_MPU_mul_110_17/g7023/Q         -       A->Q   F     NO2X4          1  17.9   112    64    6012 
  U_MPU_mul_110_17/g7021/CO        -       CI->CO F     FAX2           2  16.2   139   329    6341 
  U_MPU_mul_110_17/g7019/Q         -       A->Q   R     NO2X2          1   8.6   157   109    6450 
  U_MPU_mul_110_17/g7017/Q         -       A->Q   F     NO2X2          1  17.9   123    89    6539 
  U_MPU_mul_110_17/g7015/CO        -       CI->CO F     FAX2           1  17.9   147   337    6876 
  U_MPU_mul_110_17/g7013/CO        -       CI->CO F     FAX2           1  17.9   147   342    7218 
  U_MPU_mul_110_17/g7011/CO        -       CI->CO F     FAX2           1  17.9   147   342    7560 
  U_MPU_mul_110_17/g7009/CO        -       CI->CO F     FAX2           2  16.2   139   336    7896 
  U_MPU_mul_110_17/g7007/Q         -       A->Q   R     NO2X2          1   8.6   157   109    8004 
  U_MPU_mul_110_17/g7005/Q         -       A->Q   F     NO2X2          2  16.2   119    85    8090 
  U_MPU_mul_110_17/g7003/Q         -       A->Q   R     NO2X2          1   8.6   157   104    8194 
  U_MPU_mul_110_17/g7001/Q         -       A->Q   F     NO2X2          2  16.4   119    86    8280 
  U_MPU_mul_110_17/g7000/Q         -       B->Q   R     NO2I1X2        1   6.1   129    93    8373 
  U_MPU_mul_110_17/g6998/Q         -       A->Q   F     NO2X1          1   5.2   109    70    8443 
  g7388/Q                          -       IN0->Q F     MU2X0          1   5.5   249   364    8807 
  U_MPU_dii_reg[18]/D              <<<     -      F     SDFRQX0        1     -     -     0    8807 
#--------------------------------------------------------------------------------------------------

(p) : Instance is preserved but may be resized

