============================================================
  Generated by:           Genus(TM) Synthesis Solution GENUS15.22 - 15.20-s024_1
  Generated on:           May 19 2025  10:22:52 pm
  Module:                 USFFT64_2B
  Interconnect mode:      global
  Area mode:              physical library
============================================================

             Instance                  Domain        Cells  Cell Area  Net Area   Total Area 
---------------------------------------------------------------------------------------------
USFFT64_2B                        worst_timing_cond  51619    1759968    722547      2482515 
  U_BUF2_URAM                     worst_timing_cond  12235     450710    159619       610329 
  U_BUF1_URAM                     worst_timing_cond  10913     401068    142288       543355 
  U_FFT2                          worst_timing_cond   6052     172554     77022       249576 
    UMR_csa_tree_add_82_30_groupi worst_timing_cond    138       3545      1435         4980 
    UMI_csa_tree_add_82_30_groupi worst_timing_cond    138       3545      1435         4980 
  U_FFT1                          worst_timing_cond   5382     153889     68131       222020 
    UMR_csa_tree_add_82_30_groupi worst_timing_cond    136       3151      1401         4552 
    UMI_csa_tree_add_82_30_groupi worst_timing_cond    136       3151      1401         4552 
  U_MPU_mul_110_17                worst_timing_cond    686      16036      8566        24602 
  U_MPU_mul_109_17                worst_timing_cond    686      16036      8566        24602 
  U_MPU_mul_108_17                worst_timing_cond    686      16036      8566        24602 
  U_MPU_mul_107_19                worst_timing_cond    686      16036      8566        24602 
