============================================================
  Generated by:           Genus(TM) Synthesis Solution GENUS15.22 - 15.20-s024_1
  Generated on:           May 19 2025  10:22:53 pm
  Module:                 USFFT64_2B
  Interconnect mode:      global
  Area mode:              physical library
============================================================

                              Library         Leakage     Dynamic        Total     
           Instance            Domain Cells  Power(nW)   Power(nW)     Power(nW)   
-----------------------------------------------------------------------------------
USFFT64_2B                       0    51619 169269.478 217854307.902 218023577.379 
  U_BUF2_URAM                    0    12235  44844.547  38990212.430  39035056.978 
  U_BUF1_URAM                    0    10913  39902.308  34065521.730  34105424.037 
  U_FFT2                         0     6052  15175.199  31047232.817  31062408.016 
    UMI_csa_tr.._82_30_groupi    0      138    211.810    931218.037    931429.848 
    UMR_csa_tr.._82_30_groupi    0      138    211.810    948897.708    949109.519 
  U_FFT1                         0     5382  13591.156  27662146.805  27675737.961 
    UMI_csa_tr.._82_30_groupi    0      136    190.991    892759.903    892950.893 
    UMR_csa_tr.._82_30_groupi    0      136    190.991    869243.472    869434.463 
  U_MPU_mul_107_19               0      686   1092.890   5617248.868   5618341.758 
  U_MPU_mul_108_17               0      686   1092.890   5635201.899   5636294.789 
  U_MPU_mul_109_17               0      686   1092.890   5252595.401   5253688.291 
  U_MPU_mul_110_17               0      686   1092.890   5314985.798   5316078.687 

