============================================================
  Generated by:           Genus(TM) Synthesis Solution GENUS15.22 - 15.20-s024_1
  Generated on:           May 19 2025  10:15:36 pm
  Module:                 USFFT64_2B
  Interconnect mode:      global
  Area mode:              physical library
============================================================

                                Library         Leakage     Dynamic        Total     
            Instance             Domain Cells  Power(nW)   Power(nW)     Power(nW)   
-------------------------------------------------------------------------------------
USFFT64_2B                         0    49347 146787.174 259801708.131 259948495.305 
  Ubuf3                            0     5346  36561.410  67386936.244  67423497.654 
    URAM                           0     5237  36357.801  67067159.074  67103516.875 
    inc_add_100_14_5               0       26     28.306     17039.124     17067.430 
    inc_add_98_16_6                0       21     23.615     16195.337     16218.952 
  U_BUF2                           0     5088  34671.242  59438301.303  59472972.545 
    URAM                           0     4979  34467.633  59110787.239  59145254.873 
    inc_add_100_14_3               0       26     28.306     17912.972     17941.278 
    inc_add_98_16_4                0       21     23.615     14932.566     14956.181 
  U_BUF1                           0     4572  30890.907  41923005.153  41953896.060 
    URAM                           0     4463  30687.298  41614069.013  41644756.311 
    inc_add_100_14_1               0       26     28.306     16448.637     16476.943 
    inc_add_98_16_2                0       21     23.615     14028.765     14052.380 
  U_FFT2                           0    13935  18670.631  32833522.977  32852193.607 
    UMI                            0      825   1042.631   1844257.793   1845300.424 
      csa_tree_add_82_30_groupi    0      505    462.142    481812.098    482274.240 
      add_75_13                    0      261    187.753    387086.552    387274.305 
    UMR                            0      825   1042.631   1878447.079   1879489.710 
      csa_tree_add_82_30_groupi    0      505    462.142    494401.162    494863.304 
      add_75_13                    0      261    187.753    410770.430    410958.182 
    sub_328_18                     0      258    185.116    211587.015    211772.131 
    sub_329_18                     0      258    185.116    227111.141    227296.257 
    sub_342_19                     0      258    185.116     68448.889     68634.005 
    sub_343_19                     0      258    185.116     61426.888     61612.004 
    sub_270_24                     0      253    181.107    232170.725    232351.832 
    sub_271_16                     0      253    181.107    216820.460    217001.567 
    sub_274_26                     0      253    181.107    109744.471    109925.578 
    sub_275_18                     0      253    181.107    114214.333    114395.439 
    sub_331_25                     0      253    181.107     78700.799     78881.906 
    sub_332_18                     0      253    181.107     97767.038     97948.145 
    sub_338_21                     0      253    181.107    259781.879    259962.986 
    sub_339_19                     0      253    181.107    271107.023    271288.129 
    add_322_18                     0      238    171.947    197805.348    197977.295 
    add_323_17                     0      238    171.947    206299.555    206471.502 
    add_334_18                     0      238    171.947    195453.867    195625.815 
    add_335_17                     0      238    171.947    233589.486    233761.433 
    sub_250_15                     0      239    171.925     54582.950     54754.876 
    sub_252_15                     0      239    171.925    212194.775    212366.700 
    add_266_25                     0      234    168.597     97734.008     97902.605 
    add_267_18                     0      234    168.597    108314.277    108482.874 
    add_268_16                     0      234    168.597    223859.964    224028.561 
    add_269_15                     0      234    168.597    192824.318    192992.915 
    add_319_26                     0      234    168.597     76598.842     76767.439 
    add_320_18                     0      234    168.597     75207.506     75376.103 
    add_325_20                     0      234    168.597    293506.582    293675.179 
    add_326_19                     0      234    168.597    280815.808    280984.405 
    sub_203_28                     0      235    168.575    373816.248    373984.823 
    sub_204_19                     0      235    168.575    369770.846    369939.421 
    sub_207_28                     0      235    168.575    373816.248    373984.823 
    sub_208_19                     0      235    168.575    369770.846    369939.421 
    sub_231_19                     0      235    168.575    381322.302    381490.877 
    sub_232_20                     0      235    168.575    396279.902    396448.477 
    sub_248_15                     0      234    167.916    241572.229    241740.145 
    sub_170_15                     0      222    159.326    150558.073    150717.399 
    sub_171_16                     0      222    159.326    164028.948    164188.273 
    add_201_27                     0      217    156.723    353097.469    353254.192 
    add_202_18                     0      217    156.723    359291.608    359448.331 
    add_205_27                     0      217    156.723    338358.724    338515.447 
    add_206_18                     0      217    156.723    334641.222    334797.945 
    add_228_20                     0      217    156.723    372123.102    372279.825 
    add_229_19                     0      217    156.723    371123.068    371279.791 
    add_168_15                     0      205    148.133    130762.992    130911.125 
    add_169_15                     0      205    148.133    144479.808    144627.940 
    inc_add_140_15_10              0       10     12.186     10251.657     10263.843 
    inc_add_138_12_9               0        7      8.813      7757.465      7766.278 
  U_FFT1                           0    12454  16743.592  28726787.111  28743530.703 
    UMI                            0      737    934.852   1230506.132   1231440.983 
      csa_tree_add_82_30_groupi    0      450    413.457     97557.696     97971.154 
      add_75_13                    0      234    168.597    359722.747    359891.344 
    UMR                            0      737    934.852   1228421.806   1229356.658 
      csa_tree_add_82_30_groupi    0      450    413.457    109060.393    109473.851 
      add_75_13                    0      234    168.597    351399.682    351568.279 
    sub_328_18                     0      235    168.575    271988.868    272157.443 
    sub_329_18                     0      235    168.575    244626.576    244795.150 
    sub_342_19                     0      235    168.575     50328.893     50497.468 
    sub_343_19                     0      235    168.575     55806.789     55975.364 
    sub_270_24                     0      222    159.326    149725.804    149885.130 
    sub_271_16                     0      222    159.326    143429.023    143588.349 
    sub_274_26                     0      222    159.326     81577.925     81737.251 
    sub_275_18                     0      222    159.326     75044.501     75203.827 
    sub_331_25                     0      222    159.326     74089.055     74248.381 
    sub_332_18                     0      222    159.326     67389.981     67549.307 
    sub_338_21                     0      222    159.326    173330.566    173489.892 
    sub_339_19                     0      222    159.326    152710.105    152869.431 
    add_322_18                     0      217    156.723    263114.600    263271.323 
    add_323_17                     0      217    156.723    267125.652    267282.375 
    add_334_18                     0      217    156.723    255445.171    255601.895 
    add_335_17                     0      217    156.723    259351.999    259508.722 
    sub_250_15                     0      214    154.081     30651.611     30805.692 
    sub_252_15                     0      214    154.081    223584.058    223738.139 
    sub_203_28                     0      210    150.731    384367.247    384517.978 
    sub_204_19                     0      210    150.731    358025.328    358176.059 
    sub_207_28                     0      210    150.731    384367.247    384517.978 
    sub_208_19                     0      210    150.731    358025.328    358176.059 
    sub_231_19                     0      210    150.731    370578.810    370729.541 
    sub_232_20                     0      210    150.731    360847.157    360997.888 
    sub_248_15                     0      209    150.073    211283.978    211434.050 
    add_266_25                     0      205    148.133     73453.234     73601.366 
    add_267_18                     0      205    148.133     58863.239     59011.372 
    add_268_16                     0      205    148.133    121862.856    122010.989 
    add_269_15                     0      205    148.133    114862.640    115010.773 
    add_319_26                     0      205    148.133     55390.505     55538.638 
    add_320_18                     0      205    148.133     55914.352     56062.484 
    add_325_20                     0      205    148.133    160291.524    160439.657 
    add_326_19                     0      205    148.133    157117.728    157265.860 
    sub_170_15                     0      202    144.761    103575.451    103720.212 
    sub_171_16                     0      202    144.761     93603.050     93747.811 
    add_201_27                     0      194    140.196    402016.425    402156.622 
    add_202_18                     0      194    140.196    377383.388    377523.584 
    add_205_27                     0      194    140.196    316822.587    316962.783 
    add_206_18                     0      194    140.196    335288.823    335429.019 
    add_228_20                     0      194    140.196    339943.050    340083.246 
    add_229_19                     0      194    140.196    321967.310    322107.506 
    add_168_15                     0      187    134.885     82796.945     82931.830 
    add_169_15                     0      187    134.885     81294.141     81429.026 
    inc_add_140_15_8               0       10     12.186     10852.421     10864.607 
    inc_add_138_12_7               0        7      8.813      7183.185      7191.998 
  U_MPU                            0     7636   8318.722  12951401.678  12959720.400 
    mul_107_19                     0     1637   1618.640   1630324.191   1631942.831 
    mul_108_17                     0     1637   1618.640   1613239.002   1614857.642 
    mul_109_17                     0     1637   1618.640   1441003.192   1442621.832 
    mul_110_17                     0     1637   1618.640   1433435.026   1435053.667 
    UROM                           0      435    254.376    234174.735    234429.111 
    sub_123_15                     0      224    159.955    492848.394    493008.348 
    add_124_15                     0      208    149.420    425154.345    425303.765 
    inc_add_90_18_11               0       18     20.245     14102.819     14123.065 
  U_NORM2                          0      143    439.818   3683940.403   3684380.221 
    sll_83_18                      0       41     74.882     87759.115     87833.997 
    sll_84_18                      0       41     74.882     84692.350     84767.232 
  U_NORM1                          0      137    418.552    996036.163    996454.715 
    sll_83_18                      0       39     70.905     94119.540     94190.445 
    sll_84_18                      0       39     70.905     98726.821     98797.726 
  inc_add_165_17_12                0       18     20.245     14323.637     14343.883 

